Log file open, 03/01/18 16:17:46
LogWindows: Failed to load 'aqProf.dll' (GetLastError=126)
LogWindows: File 'aqProf.dll' does not exist
LogWindows: Failed to load 'VtuneApi.dll' (GetLastError=126)
LogWindows: File 'VtuneApi.dll' does not exist
LogWindows: Failed to load 'VtuneApi32e.dll' (GetLastError=126)
LogWindows: File 'VtuneApi32e.dll' does not exist
LogInit: Display: Running engine for game: Super80sFighter
LogPlatformFile: Not using cached read wrapper
LogInit: Display: RandInit(-857966239) SRandInit(-857966239).
LogInit: Read version file with build ID '3709383'
LogInit: Overriding engine version to CL 3794801, compatible CL 3709383
LogInit: Registered custom module enumerator with build ID '3709383'
LogTaskGraph: Started task graph with 5 named threads and 14 total threads with 3 sets of task threads.
LogStats: Stats thread started at 0.314980
LogD3D11RHI: Aftermath initialized
LogPluginManager: Mounting plugin Paper2D
LogPluginManager: Mounting plugin LightPropagationVolume
LogPluginManager: Mounting plugin CodeLiteSourceCodeAccess
LogPluginManager: Mounting plugin GitSourceControl
LogPluginManager: Mounting plugin KDevelopSourceCodeAccess
LogPluginManager: Mounting plugin NullSourceCodeAccess
LogPluginManager: Mounting plugin PerforceSourceControl
LogPluginManager: Mounting plugin SubversionSourceControl
LogPluginManager: Mounting plugin UObjectPlugin
LogPluginManager: Mounting plugin VisualStudioCodeSourceCodeAccess
LogPluginManager: Mounting plugin VisualStudioSourceCodeAccess
LogPluginManager: Mounting plugin XCodeSourceCodeAccess
LogPluginManager: Mounting plugin AssetManagerEditor
LogPluginManager: Mounting plugin AudioCapture
LogPluginManager: Mounting plugin FacialAnimation
LogPluginManager: Mounting plugin GameplayTagsEditor
LogPluginManager: Mounting plugin MobileLauncherProfileWizard
LogPluginManager: Mounting plugin PluginBrowser
LogPluginManager: Mounting plugin SpeedTreeImporter
LogPluginManager: Mounting plugin AlembicImporter
LogPluginManager: Mounting plugin CharacterAI
LogPluginManager: Mounting plugin HTML5Networking
LogPluginManager: Mounting plugin Substance
LogPluginManager: Mounting plugin AndroidMedia
LogPluginManager: Mounting plugin AvfMedia
LogPluginManager: Mounting plugin ImgMedia
LogPluginManager: Mounting plugin MediaCompositing
LogPluginManager: Mounting plugin MediaPlayerEditor
LogPluginManager: Mounting plugin WmfMedia
LogPluginManager: Mounting plugin TcpMessaging
LogPluginManager: Mounting plugin UdpMessaging
LogPluginManager: Mounting plugin ActorSequence
LogPluginManager: Mounting plugin LevelSequenceEditor
LogPluginManager: Mounting plugin MatineeToLevelSequence
LogPluginManager: Mounting plugin OnlineSubsystemGooglePlay
LogPluginManager: Mounting plugin OnlineSubsystemIOS
LogPluginManager: Mounting plugin OnlineSubsystem
LogPluginManager: Mounting plugin OnlineSubsystemNull
LogPluginManager: Mounting plugin OnlineSubsystemUtils
LogPluginManager: Mounting plugin AndroidDeviceProfileSelector
LogPluginManager: Mounting plugin AndroidMoviePlayer
LogPluginManager: Mounting plugin AndroidPermission
LogPluginManager: Mounting plugin AppleARKit
LogPluginManager: Mounting plugin AppleMoviePlayer
LogPluginManager: Mounting plugin ArchVisCharacter
LogPluginManager: Mounting plugin CableComponent
LogPluginManager: Mounting plugin CustomMeshComponent
LogPluginManager: Mounting plugin ExampleDeviceProfileSelector
LogPluginManager: Mounting plugin GoogleCloudMessaging
LogPluginManager: Mounting plugin ImmediatePhysics
LogPluginManager: Mounting plugin IOSDeviceProfileSelector
LogPluginManager: Mounting plugin LinuxDeviceProfileSelector
LogPluginManager: Mounting plugin LocationServicesBPLibrary
LogPluginManager: Mounting plugin MobilePatchingUtils
LogPluginManager: Mounting plugin OculusVR
LogPluginManager: Plugin shader directory ../../../Engine/Plugins/Runtime/Oculus/OculusVR/Shaders found
LogPluginManager: Mapping shader source directory ../../../Engine/Plugins/Runtime/Oculus/OculusVR/Shaders to virtual directory /Plugin/OculusVR
LogPluginManager: Mounting plugin PhysXVehicles
LogPluginManager: Mounting plugin ProceduralMeshComponent
LogPluginManager: Mounting plugin RuntimePhysXCooking
LogPluginManager: Mounting plugin WindowsMoviePlayer
LogModuleManager: Display: Found up-to-date module file ../../../../../../Users/Shawnthebro/Documents/GitHub/FightingGame/Super80sFighter/Binaries/Win64/UE4Editor-Super80sFighter-Win64-DebugGame.dll (API version 3709383).
LogModuleManager: Display: Found up-to-date module file ../../../Engine/Plugins/2D/Paper2D/Binaries/Win64/UE4Editor-Paper2D.dll (API version 3709383).
LogModuleManager: Display: Found up-to-date module file ../../../Engine/Plugins/2D/Paper2D/Binaries/Win64/UE4Editor-Paper2DEditor.dll (API version 3709383).
LogModuleManager: Display: Found up-to-date module file ../../../Engine/Plugins/2D/Paper2D/Binaries/Win64/UE4Editor-PaperSpriteSheetImporter.dll (API version 3709383).
LogModuleManager: Display: Found up-to-date module file ../../../Engine/Plugins/2D/Paper2D/Binaries/Win64/UE4Editor-PaperTiledImporter.dll (API version 3709383).
LogModuleManager: Display: Found up-to-date module file ../../../Engine/Plugins/2D/Paper2D/Binaries/Win64/UE4Editor-SmartSnapping.dll (API version 3709383).
LogModuleManager: Display: Found up-to-date module file ../../../Engine/Plugins/Blendables/LightPropagationVolume/Binaries/Win64/UE4Editor-LightPropagationVolumeRuntime.dll (API version 3709383).
LogModuleManager: Display: Found up-to-date module file ../../../Engine/Plugins/Blendables/LightPropagationVolume/Binaries/Win64/UE4Editor-LightPropagationVolumeEditor.dll (API version 3709383).
LogModuleManager: Display: Found up-to-date module file ../../../Engine/Plugins/Developer/GitSourceControl/Binaries/Win64/UE4Editor-GitSourceControl.dll (API version 3709383).
LogModuleManager: Display: Found up-to-date module file ../../../Engine/Plugins/Developer/PerforceSourceControl/Binaries/Win64/UE4Editor-PerforceSourceControl.dll (API version 3709383).
LogModuleManager: Display: Found up-to-date module file ../../../Engine/Plugins/Developer/SubversionSourceControl/Binaries/Win64/UE4Editor-SubversionSourceControl.dll (API version 3709383).
LogModuleManager: Display: Found up-to-date module file ../../../Engine/Plugins/Developer/UObjectPlugin/Binaries/Win64/UE4Editor-UObjectPlugin.dll (API version 3709383).
LogModuleManager: Display: Found up-to-date module file ../../../Engine/Plugins/Developer/VisualStudioCodeSourceCodeAccess/Binaries/Win64/UE4Editor-VisualStudioCodeSourceCodeAccess.dll (API version 3709383).
LogModuleManager: Display: Found up-to-date module file ../../../Engine/Plugins/Developer/VisualStudioSourceCodeAccess/Binaries/Win64/UE4Editor-VisualStudioSourceCodeAccess.dll (API version 3709383).
LogModuleManager: Display: Found up-to-date module file ../../../Engine/Plugins/Editor/AssetManagerEditor/Binaries/Win64/UE4Editor-AssetManagerEditor.dll (API version 3709383).
LogModuleManager: Display: Found up-to-date module file ../../../Engine/Plugins/Editor/AudioCapture/Binaries/Win64/UE4Editor-AudioCapture.dll (API version 3709383).
LogModuleManager: Display: Found up-to-date module file ../../../Engine/Plugins/Editor/FacialAnimation/Binaries/Win64/UE4Editor-FacialAnimation.dll (API version 3709383).
LogModuleManager: Display: Found up-to-date module file ../../../Engine/Plugins/Editor/FacialAnimation/Binaries/Win64/UE4Editor-FacialAnimationEditor.dll (API version 3709383).
LogModuleManager: Display: Found up-to-date module file ../../../Engine/Plugins/Editor/GameplayTagsEditor/Binaries/Win64/UE4Editor-GameplayTagsEditor.dll (API version 3709383).
LogModuleManager: Display: Found up-to-date module file ../../../Engine/Plugins/Editor/MobileLauncherProfileWizard/Binaries/Win64/UE4Editor-MobileLauncherProfileWizard.dll (API version 3709383).
LogModuleManager: Display: Found up-to-date module file ../../../Engine/Plugins/Editor/PluginBrowser/Binaries/Win64/UE4Editor-PluginBrowser.dll (API version 3709383).
LogModuleManager: Display: Found up-to-date module file ../../../Engine/Plugins/Editor/SpeedTreeImporter/Binaries/Win64/UE4Editor-SpeedTreeImporter.dll (API version 3709383).
LogModuleManager: Display: Found up-to-date module file ../../../Engine/Plugins/Experimental/AlembicImporter/Binaries/Win64/UE4Editor-AlembicImporter.dll (API version 3709383).
LogModuleManager: Display: Found up-to-date module file ../../../Engine/Plugins/Experimental/AlembicImporter/Binaries/Win64/UE4Editor-AlembicLibrary.dll (API version 3709383).
LogModuleManager: Display: Found up-to-date module file ../../../Engine/Plugins/Experimental/CharacterAI/Binaries/Win64/UE4Editor-CharacterAI.dll (API version 3709383).
LogModuleManager: Display: Found up-to-date module file ../../../Engine/Plugins/Experimental/HTML5Networking/Binaries/Win64/UE4Editor-HTML5Networking.dll (API version 3709383).
LogModuleManager: Display: Found up-to-date module file ../../../Engine/Plugins/Marketplace/Substance/Binaries/Win64/UE4Editor-SubstanceCore.dll (API version 3709383).
LogModuleManager: Display: Found up-to-date module file ../../../Engine/Plugins/Marketplace/Substance/Binaries/Win64/UE4Editor-SubstanceEditor.dll (API version 3709383).
LogModuleManager: Display: Found up-to-date module file ../../../Engine/Plugins/Marketplace/Substance/Binaries/Win64/UE4Editor-SubstanceSource.dll (API version 3709383).
LogModuleManager: Display: Found up-to-date module file ../../../Engine/Plugins/Marketplace/Substance/Binaries/Win64/UE4Editor-SubstanceLiveLink.dll (API version 3709383).
LogModuleManager: Display: Found up-to-date module file ../../../Engine/Plugins/Media/AndroidMedia/Binaries/Win64/UE4Editor-AndroidMediaEditor.dll (API version 3709383).
LogModuleManager: Display: Found up-to-date module file ../../../Engine/Plugins/Media/AndroidMedia/Binaries/Win64/UE4Editor-AndroidMediaFactory.dll (API version 3709383).
LogModuleManager: Display: Found up-to-date module file ../../../Engine/Plugins/Media/AvfMedia/Binaries/Win64/UE4Editor-AvfMediaEditor.dll (API version 3709383).
LogModuleManager: Display: Found up-to-date module file ../../../Engine/Plugins/Media/AvfMedia/Binaries/Win64/UE4Editor-AvfMediaFactory.dll (API version 3709383).
LogModuleManager: Display: Found up-to-date module file ../../../Engine/Plugins/Media/AvfMedia/Binaries/Win64/UE4Editor-AvfMediaFactory.dll (API version 3709383).
LogModuleManager: Display: Found up-to-date module file ../../../Engine/Plugins/Media/ImgMedia/Binaries/Win64/UE4Editor-ImgMedia.dll (API version 3709383).
LogModuleManager: Display: Found up-to-date module file ../../../Engine/Plugins/Media/ImgMedia/Binaries/Win64/UE4Editor-ImgMediaEditor.dll (API version 3709383).
LogModuleManager: Display: Found up-to-date module file ../../../Engine/Plugins/Media/ImgMedia/Binaries/Win64/UE4Editor-ImgMediaFactory.dll (API version 3709383).
LogModuleManager: Display: Found up-to-date module file ../../../Engine/Plugins/Media/ImgMedia/Binaries/Win64/UE4Editor-ImgMediaFactory.dll (API version 3709383).
LogModuleManager: Display: Found up-to-date module file ../../../Engine/Plugins/Media/ImgMedia/Binaries/Win64/UE4Editor-OpenExrWrapper.dll (API version 3709383).
LogModuleManager: Display: Found up-to-date module file ../../../Engine/Plugins/Media/MediaCompositing/Binaries/Win64/UE4Editor-MediaCompositing.dll (API version 3709383).
LogModuleManager: Display: Found up-to-date module file ../../../Engine/Plugins/Media/MediaCompositing/Binaries/Win64/UE4Editor-MediaCompositingEditor.dll (API version 3709383).
LogModuleManager: Display: Found up-to-date module file ../../../Engine/Plugins/Media/MediaPlayerEditor/Binaries/Win64/UE4Editor-MediaPlayerEditor.dll (API version 3709383).
LogModuleManager: Display: Found up-to-date module file ../../../Engine/Plugins/Media/WmfMedia/Binaries/Win64/UE4Editor-WmfMedia.dll (API version 3709383).
LogModuleManager: Display: Found up-to-date module file ../../../Engine/Plugins/Media/WmfMedia/Binaries/Win64/UE4Editor-WmfMediaEditor.dll (API version 3709383).
LogModuleManager: Display: Found up-to-date module file ../../../Engine/Plugins/Media/WmfMedia/Binaries/Win64/UE4Editor-WmfMediaFactory.dll (API version 3709383).
LogModuleManager: Display: Found up-to-date module file ../../../Engine/Plugins/Media/WmfMedia/Binaries/Win64/UE4Editor-WmfMediaFactory.dll (API version 3709383).
LogModuleManager: Display: Found up-to-date module file ../../../Engine/Plugins/Messaging/TcpMessaging/Binaries/Win64/UE4Editor-TcpMessaging.dll (API version 3709383).
LogModuleManager: Display: Found up-to-date module file ../../../Engine/Plugins/Messaging/UdpMessaging/Binaries/Win64/UE4Editor-UdpMessaging.dll (API version 3709383).
LogModuleManager: Display: Found up-to-date module file ../../../Engine/Plugins/MovieScene/ActorSequence/Binaries/Win64/UE4Editor-ActorSequence.dll (API version 3709383).
LogModuleManager: Display: Found up-to-date module file ../../../Engine/Plugins/MovieScene/LevelSequenceEditor/Binaries/Win64/UE4Editor-LevelSequenceEditor.dll (API version 3709383).
LogModuleManager: Display: Found up-to-date module file ../../../Engine/Plugins/MovieScene/MatineeToLevelSequence/Binaries/Win64/UE4Editor-MatineeToLevelSequence.dll (API version 3709383).
LogModuleManager: Display: Found up-to-date module file ../../../Engine/Plugins/Online/OnlineSubsystem/Binaries/Win64/UE4Editor-OnlineSubsystem.dll (API version 3709383).
LogModuleManager: Display: Found up-to-date module file ../../../Engine/Plugins/Online/OnlineSubsystemNull/Binaries/Win64/UE4Editor-OnlineSubsystemNull.dll (API version 3709383).
LogModuleManager: Display: Found up-to-date module file ../../../Engine/Plugins/Online/OnlineSubsystemUtils/Binaries/Win64/UE4Editor-OnlineSubsystemUtils.dll (API version 3709383).
LogModuleManager: Display: Found up-to-date module file ../../../Engine/Plugins/Online/OnlineSubsystemUtils/Binaries/Win64/UE4Editor-OnlineBlueprintSupport.dll (API version 3709383).
LogModuleManager: Display: Found up-to-date module file ../../../Engine/Plugins/Runtime/AndroidDeviceProfileSelector/Binaries/Win64/UE4Editor-AndroidDeviceProfileSelector.dll (API version 3709383).
LogModuleManager: Display: Found up-to-date module file ../../../Engine/Plugins/Runtime/AndroidPermission/Binaries/Win64/UE4Editor-AndroidPermission.dll (API version 3709383).
LogModuleManager: Display: Found up-to-date module file ../../../Engine/Plugins/Runtime/AppleARKit/Binaries/Win64/UE4Editor-AppleARKit.dll (API version 3709383).
LogModuleManager: Display: Found up-to-date module file ../../../Engine/Plugins/Runtime/ArchVisCharacter/Binaries/Win64/UE4Editor-ArchVisCharacter.dll (API version 3709383).
LogModuleManager: Display: Found up-to-date module file ../../../Engine/Plugins/Runtime/CableComponent/Binaries/Win64/UE4Editor-CableComponent.dll (API version 3709383).
LogModuleManager: Display: Found up-to-date module file ../../../Engine/Plugins/Runtime/CustomMeshComponent/Binaries/Win64/UE4Editor-CustomMeshComponent.dll (API version 3709383).
LogModuleManager: Display: Found up-to-date module file ../../../Engine/Plugins/Runtime/ExampleDeviceProfileSelector/Binaries/Win64/UE4Editor-ExampleDeviceProfileSelector.dll (API version 3709383).
LogModuleManager: Display: Found up-to-date module file ../../../Engine/Plugins/Runtime/ImmediatePhysics/Binaries/Win64/UE4Editor-ImmediatePhysics.dll (API version 3709383).
LogModuleManager: Display: Found up-to-date module file ../../../Engine/Plugins/Runtime/ImmediatePhysics/Binaries/Win64/UE4Editor-ImmediatePhysicsEditor.dll (API version 3709383).
LogModuleManager: Display: Found up-to-date module file ../../../Engine/Plugins/Runtime/LocationServicesBPLibrary/Binaries/Win64/UE4Editor-LocationServicesBPLibrary.dll (API version 3709383).
LogModuleManager: Display: Found up-to-date module file ../../../Engine/Plugins/Runtime/MobilePatchingUtils/Binaries/Win64/UE4Editor-MobilePatchingUtils.dll (API version 3709383).
LogModuleManager: Display: Found up-to-date module file ../../../Engine/Plugins/Runtime/Oculus/OculusVR/Binaries/Win64/UE4Editor-OculusHMD.dll (API version 3709383).
LogModuleManager: Display: Found up-to-date module file ../../../Engine/Plugins/Runtime/Oculus/OculusVR/Binaries/Win64/UE4Editor-OculusInput.dll (API version 3709383).
LogModuleManager: Display: Found up-to-date module file ../../../Engine/Plugins/Runtime/Oculus/OculusVR/Binaries/Win64/UE4Editor-OculusEditor.dll (API version 3709383).
LogModuleManager: Display: Found up-to-date module file ../../../Engine/Plugins/Runtime/PhysXVehicles/Binaries/Win64/UE4Editor-PhysXVehicles.dll (API version 3709383).
LogModuleManager: Display: Found up-to-date module file ../../../Engine/Plugins/Runtime/PhysXVehicles/Binaries/Win64/UE4Editor-PhysXVehiclesEditor.dll (API version 3709383).
LogModuleManager: Display: Found up-to-date module file ../../../Engine/Plugins/Runtime/ProceduralMeshComponent/Binaries/Win64/UE4Editor-ProceduralMeshComponent.dll (API version 3709383).
LogModuleManager: Display: Found up-to-date module file ../../../Engine/Plugins/Runtime/ProceduralMeshComponent/Binaries/Win64/UE4Editor-ProceduralMeshComponentEditor.dll (API version 3709383).
LogModuleManager: Display: Found up-to-date module file ../../../Engine/Plugins/Runtime/RuntimePhysXCooking/Binaries/Win64/UE4Editor-RuntimePhysXCooking.dll (API version 3709383).
LogModuleManager: Display: Found up-to-date module file ../../../Engine/Plugins/Runtime/WindowsMoviePlayer/Binaries/Win64/UE4Editor-WindowsMoviePlayer.dll (API version 3709383).
LogInit: Using libcurl 7.47.1
LogInit:  - built for x86_64-pc-win32
LogInit:  - supports SSL with OpenSSL/1.0.2g
LogInit:  - supports HTTP deflate (compression) using libz 1.2.8
LogInit:  - other features:
LogInit:      CURL_VERSION_SSL
LogInit:      CURL_VERSION_LIBZ
LogInit:      CURL_VERSION_IPV6
LogInit:      CURL_VERSION_ASYNCHDNS
LogInit:      CURL_VERSION_LARGEFILE
LogInit:      CURL_VERSION_IDN
LogInit:  CurlRequestOptions (configurable via config and command line):
LogInit:  - bVerifyPeer = false  - Libcurl will NOT verify peer certificate
LogInit:  - bUseHttpProxy = false  - Libcurl will NOT use HTTP proxy
LogInit:  - bDontReuseConnections = false  - Libcurl will reuse connections
LogInit:  - CertBundlePath = nullptr  - Libcurl will use whatever was configured at build time.
LogHMD: Failed initializing OVRPlugin 1.19.0
LogInit: Build: ++UE4+Release-4.18-CL-3794801
LogInit: Engine Version: 4.18.2-3794801+++UE4+Release-4.18
LogInit: Compatible Engine Version: 4.18.0-3709383+++UE4+Release-4.18
LogInit: Net CL: 3709383
LogDevObjectVersion: Number of dev versions registered: 16
LogDevObjectVersion:   Dev-Blueprints (B0D832E4-1F89-4F0D-ACCF-7EB736FD4AA2): 10
LogDevObjectVersion:   Dev-Build (E1C64328-A22C-4D53-A36C-8E866417BD8C): 0
LogDevObjectVersion:   Dev-Core (375EC13C-06E4-48FB-B500-84F0262A717E): 2
LogDevObjectVersion:   Dev-Editor (E4B068ED-F494-42E9-A231-DA0B2E46BB41): 20
LogDevObjectVersion:   Dev-Framework (CFFC743F-43B0-4480-9391-14DF171D2073): 30
LogDevObjectVersion:   Dev-Mobile (B02B49B5-BB20-44E9-A304-32B752E40360): 0
LogDevObjectVersion:   Dev-Networking (A4E4105C-59A1-49B5-A7C5-40C4547EDFEE): 0
LogDevObjectVersion:   Dev-Online (39C831C9-5AE6-47DC-9A44-9C173E1C8E7C): 0
LogDevObjectVersion:   Dev-Physics (78F01B33-EBEA-4F98-B9B4-84EACCB95AA2): 0
LogDevObjectVersion:   Dev-Platform (6631380F-2D4D-43E0-8009-CF276956A95A): 0
LogDevObjectVersion:   Dev-Rendering (12F88B9F-8875-4AFC-A67C-D90C383ABD29): 20
LogDevObjectVersion:   Dev-Sequencer (7B5AE74C-D270-4C10-A958-57980B212A5A): 4
LogDevObjectVersion:   Dev-VR (D7296918-1DD6-4BDD-9DE2-64A83CC13884): 0
LogDevObjectVersion:   Dev-LoadTimes (C2A15278-BFE7-4AFE-6C17-90FF531DF755): 1
LogDevObjectVersion:   Private-Geometry (6EACA3D4-40EC-4CC1-B786-8BED09428FC5): 1
LogDevObjectVersion:   Dev-AnimPhys (29E575DD-E0A3-4627-9D10-D276232CDCEA): 12
LogInit: Compiled (64-bit): Dec  8 2017 02:04:53
LogInit: Compiled with Visual C++: 19.00.24215.01
LogInit: Build Configuration: DebugGame
LogInit: Branch Name: ++UE4+Release-4.18
LogInit: Command line:  -skipcompile -debug
LogInit: Base directory: C:/Program Files/Epic Games/UE_4.18/Engine/Binaries/Win64/
LogInit: Installed Engine Build: 1
LogInit: Presizing for max 8388607 objects, including 0 objects not considered by GC, pre-allocating 0 bytes for permanent pool.
LogInit: Object subsystem initialized
[2018.03.01-21.17.50:338][  0]LogInit: Selected Device Profile: [Windows]
[2018.03.01-21.17.50:338][  0]LogInit: Applying CVar settings loaded from the selected device profile: [Windows]
[2018.03.01-21.17.50:357][  0]LogInit: Computer: DESKTOP-BL47S36
[2018.03.01-21.17.50:357][  0]LogInit: User: Shawnthebro
[2018.03.01-21.17.50:357][  0]LogInit: CPU Page size=4096, Cores=4
[2018.03.01-21.17.50:357][  0]LogInit: High frequency timer resolution =2.531254 MHz
[2018.03.01-21.17.50:358][  0]LogMemory: Memory total: Physical=15.9GB (16GB approx)
[2018.03.01-21.17.50:358][  0]LogMemory: Platform Memory Stats for Windows
[2018.03.01-21.17.50:358][  0]LogMemory: Process Physical Memory: 276.49 MB used, 276.49 MB peak
[2018.03.01-21.17.50:358][  0]LogMemory: Process Virtual Memory: 274.53 MB used, 274.53 MB peak
[2018.03.01-21.17.50:358][  0]LogMemory: Physical Memory: 6114.57 MB used,  10150.01 MB free, 16264.59 MB total
[2018.03.01-21.17.50:358][  0]LogMemory: Virtual Memory: 726.87 MB used,  10150.01 MB free, 134217728.00 MB total
[2018.03.01-21.17.50:749][  0]LogInit: Using OS detected language (en-US).
[2018.03.01-21.17.50:749][  0]LogInit: Using OS detected locale (en-US).
[2018.03.01-21.17.50:753][  0]LogTextLocalizationManager: No specific localization for 'en-US' exists, so the 'en' localization will be used.
[2018.03.01-21.17.51:266][  0]LogInit: Setting process to per monitor DPI aware
[2018.03.01-21.17.51:741][  0]LogD3D11RHI: D3D11 adapters:
[2018.03.01-21.17.52:447][  0]LogD3D11RHI:    0. 'NVIDIA Quadro M2000M' (Feature Level 11_0)
[2018.03.01-21.17.52:447][  0]LogD3D11RHI:       4062/0/8132 MB DedicatedVideo/DedicatedSystem/SharedSystem, Outputs:1, VendorId:0x10de
[2018.03.01-21.17.52:479][  0]LogD3D11RHI:    1. 'Intel(R) HD Graphics 530' (Feature Level 11_0)
[2018.03.01-21.17.52:479][  0]LogD3D11RHI:       128/0/8132 MB DedicatedVideo/DedicatedSystem/SharedSystem, Outputs:0, VendorId:0x8086
[2018.03.01-21.17.52:496][  0]LogD3D11RHI:    2. 'Microsoft Basic Render Driver' (Feature Level 11_0)
[2018.03.01-21.17.52:496][  0]LogD3D11RHI:       0/0/8132 MB DedicatedVideo/DedicatedSystem/SharedSystem, Outputs:0, VendorId:0x1414
[2018.03.01-21.17.52:496][  0]LogD3D11RHI: Chosen D3D11 Adapter: 0
[2018.03.01-21.17.52:511][  0]LogD3D11RHI: Creating new Direct3DDevice
[2018.03.01-21.17.52:512][  0]LogD3D11RHI:     GPU DeviceId: 0x13b0 (for the marketing name, search the web for "GPU Device Id")
[2018.03.01-21.17.52:512][  0]LogWindows: EnumDisplayDevices:
[2018.03.01-21.17.52:512][  0]LogWindows:    0. 'Intel(R) HD Graphics 530' (P:1 D:1)
[2018.03.01-21.17.52:513][  0]LogWindows:    1. 'Intel(R) HD Graphics 530' (P:0 D:0)
[2018.03.01-21.17.52:513][  0]LogWindows:    2. 'Intel(R) HD Graphics 530' (P:0 D:0)
[2018.03.01-21.17.52:513][  0]LogWindows:    3. 'NVIDIA Quadro M2000M' (P:0 D:0)
[2018.03.01-21.17.52:514][  0]LogWindows:    4. 'NVIDIA Quadro M2000M' (P:0 D:0)
[2018.03.01-21.17.52:514][  0]LogWindows:    5. 'NVIDIA Quadro M2000M' (P:0 D:0)
[2018.03.01-21.17.52:515][  0]LogWindows:    6. 'NVIDIA Quadro M2000M' (P:0 D:0)
[2018.03.01-21.17.52:515][  0]LogWindows: DebugString: GetVideoDriverDetailsInvalid PrimaryIsNotTheChoosenAdapter GetVideoDriverDetailsInvalid PrimaryIsNotTheChoosenAdapter GetVideoDriverDetailsInvalid PrimaryIsNotTheChoosenAdapter GetVideoDriverDetailsInvalid PrimaryIsNotTheChoosenAdapter GetVideoDriverDetailsInvalid PrimaryIsNotTheChoosenAdapter GetVideoDriverDetailsInvalid PrimaryIsNotTheChoosenAdapter GetVideoDriverDetailsInvalid PrimaryIsNotTheChoosenAdapter FoundDriverCount:0 
[2018.03.01-21.17.52:515][  0]LogD3D11RHI:     Adapter Name: NVIDIA Quadro M2000M
[2018.03.01-21.17.52:515][  0]LogD3D11RHI:   Driver Version: Unknown (internal:Unknown, unified:Unknown)
[2018.03.01-21.17.52:515][  0]LogD3D11RHI:      Driver Date: Unknown
[2018.03.01-21.17.52:515][  0]LogRHI: Texture pool is 2843 MB (70% of 4062 MB)
[2018.03.01-21.17.52:567][  0]LogD3D11RHI: Async texture creation enabled
[2018.03.01-21.17.52:584][  0]LogD3D11RHI: GPU Timing Frequency: 1000.000000 (Debug: 2 1)
[2018.03.01-21.17.52:585][  0]LogShaderCompilers: Guid format shader working directory is -29 characters bigger than the processId version (../../../../../../Users/Shawnthebro/Documents/GitHub/FightingGame/Super80sFighter/Intermediate/Shaders/WorkingDirectory/6584/).
[2018.03.01-21.17.52:586][  0]LogShaderCompilers: Cleaned the shader compiler working directory 'C:/Users/Shawnthebro/AppData/Local/Temp/UnrealShaderWorkingDir/B5CF3CEF46EACF2A4A71478C769B53C5/'.
[2018.03.01-21.17.52:586][  0]LogShaderCompilers: Display: Using Local Shader Compiler.
[2018.03.01-21.17.53:838][  0]LogTemp: Display: Loaded TP AllDesktopTargetPlatform
[2018.03.01-21.17.53:927][  0]LogTemp: Display: Loaded TP MacClientTargetPlatform
[2018.03.01-21.17.54:022][  0]LogTemp: Display: Loaded TP MacNoEditorTargetPlatform
[2018.03.01-21.17.54:126][  0]LogTemp: Display: Loaded TP MacServerTargetPlatform
[2018.03.01-21.17.54:219][  0]LogTemp: Display: Loaded TP MacTargetPlatform
[2018.03.01-21.17.54:320][  0]LogTemp: Display: Loaded TP WindowsClientTargetPlatform
[2018.03.01-21.17.54:411][  0]LogTemp: Display: Loaded TP WindowsNoEditorTargetPlatform
[2018.03.01-21.17.54:504][  0]LogTemp: Display: Loaded TP WindowsServerTargetPlatform
[2018.03.01-21.17.54:595][  0]LogTemp: Display: Loaded TP WindowsTargetPlatform
[2018.03.01-21.17.54:690][  0]LogTemp: Display: Loaded TP Android_ASTCTargetPlatform
[2018.03.01-21.17.54:782][  0]LogTemp: Display: Loaded TP Android_ATCTargetPlatform
[2018.03.01-21.17.54:870][  0]LogTemp: Display: Loaded TP Android_DXTTargetPlatform
[2018.03.01-21.17.54:953][  0]LogTemp: Display: Loaded TP Android_ETC1TargetPlatform
[2018.03.01-21.17.55:043][  0]LogTemp: Display: Loaded TP Android_ETC2TargetPlatform
[2018.03.01-21.17.55:224][  0]LogTemp: Display: Loaded TP Android_MultiTargetPlatform
[2018.03.01-21.17.55:225][  0]LogTemp: Display: Loaded TP Android_PVRTCTargetPlatform
[2018.03.01-21.17.55:321][  0]LogTemp: Display: Loaded TP AndroidTargetPlatform
[2018.03.01-21.17.55:409][  0]LogTemp: Display: Loaded TP HTML5TargetPlatform
[2018.03.01-21.17.55:574][  0]LogTemp: Display: Loaded TP IOSTargetPlatform
[2018.03.01-21.17.55:621][  0]LogTemp: Display: Loaded TP TVOSTargetPlatform
[2018.03.01-21.17.55:711][  0]LogTemp: Display: Loaded TP LinuxClientTargetPlatform
[2018.03.01-21.17.55:800][  0]LogTemp: Display: Loaded TP LinuxNoEditorTargetPlatform
[2018.03.01-21.17.55:886][  0]LogTemp: Display: Loaded TP LinuxServerTargetPlatform
[2018.03.01-21.17.55:982][  0]LogTemp: Display: Loaded TP LinuxTargetPlatform
[2018.03.01-21.17.55:982][  0]LogTargetPlatformManager: Display: Building Assets For Windows
[2018.03.01-21.17.57:000][  0]LogDerivedDataCache: Display: Max Cache Size: 512 MB
[2018.03.01-21.17.57:125][  0]LogDerivedDataCache: Loaded boot cache 0.12s 89MB C:/Users/Shawnthebro/AppData/Local/UnrealEngine/4.18/DerivedDataCache/Boot.ddc.
[2018.03.01-21.17.57:125][  0]LogDerivedDataCache: Display: Loaded Boot cache: C:/Users/Shawnthebro/AppData/Local/UnrealEngine/4.18/DerivedDataCache/Boot.ddc
[2018.03.01-21.17.57:125][  0]LogDerivedDataCache: FDerivedDataBackendGraph:  Pak pak cache file ../../../../../../Users/Shawnthebro/Documents/GitHub/FightingGame/Super80sFighter/DerivedDataCache/DDC.ddp not found, will not use a pak cache.
[2018.03.01-21.17.57:125][  0]LogDerivedDataCache: Unable to find inner node Pak for hierarchical cache Hierarchy.
[2018.03.01-21.17.57:125][  0]LogDerivedDataCache: FDerivedDataBackendGraph:  CompressedPak pak cache file ../../../../../../Users/Shawnthebro/Documents/GitHub/FightingGame/Super80sFighter/DerivedDataCache/Compressed.ddp not found, will not use a pak cache.
[2018.03.01-21.17.57:125][  0]LogDerivedDataCache: Unable to find inner node CompressedPak for hierarchical cache Hierarchy.
[2018.03.01-21.17.57:144][  0]LogDerivedDataCache: Display: Pak cache opened for reading ../../../Engine/DerivedDataCache/Compressed.ddp.
[2018.03.01-21.17.57:159][  0]LogDerivedDataCache: Using Local data cache path C:/Users/Shawnthebro/AppData/Local/UnrealEngine/Common/DerivedDataCache: Writable
[2018.03.01-21.17.57:172][  0]LogMaterial: Verifying Global Shaders for PCD3D_SM5
[2018.03.01-21.17.57:173][  0]LogSlate: Using Freetype 2.6.0
[2018.03.01-21.17.57:174][  0]LogSlate: SlateFontCache - WITH_FREETYPE: 1, WITH_HARFBUZZ: 1
[2018.03.01-21.17.57:174][  0]LogSlate: SlateFontCache - WITH_FREETYPE: 1, WITH_HARFBUZZ: 1
[2018.03.01-21.17.57:665][  0]LogInit: Selected Device Profile: [Windows]
[2018.03.01-21.17.58:271][  0]LogSimplygon: Simplygon DLL not present - disabling.
[2018.03.01-21.17.58:359][  0]LogMeshReduction: Using SimplygonSwarm for distributed automatic mesh merging
[2018.03.01-21.17.58:359][  0]LogMeshReduction: Using QuadricMeshReduction for automatic static mesh reduction
[2018.03.01-21.17.58:359][  0]LogMeshReduction: No automatic skeletal mesh reduction module available
[2018.03.01-21.17.58:359][  0]LogMeshReduction: No automatic mesh merging module available
[2018.03.01-21.17.58:359][  0]LogMeshMerging: No automatic mesh merging module available
[2018.03.01-21.17.58:402][  0]LogNetVersion: Super80sFighter , NetCL: 3709383, EngineNetVer: 2, GameNetVer: 0 (Checksum: 2015644251)
[2018.03.01-21.17.58:656][  0]LogAssetRegistry: FAssetRegistry took 0.0341 seconds to start up
[2018.03.01-21.17.59:407][  0]LogPackageLocalizationCache: Processed 6 localized package path(s) for 2 prioritized culture(s) in 0.087885 seconds
[2018.03.01-21.17.59:415][  0]LogUObjectArray: 35703 objects as part of root set at end of initial load.
[2018.03.01-21.17.59:415][  0]LogUObjectAllocator: 7338024 out of 0 bytes used by permanent object pool.
[2018.03.01-21.17.59:415][  0]LogUObjectArray: CloseDisregardForGC: 0/0 objects in disregard for GC pool
[2018.03.01-21.17.59:517][  0]LogInit: WinSock: version 1.1 (2.2), MaxSocks=32767, MaxUdp=65467
[2018.03.01-21.18.04:135][  0]LogSubstanceCoreModule: Substance [CPU] Engine Loaded, Max Texture Size = 2048
[2018.03.01-21.18.04:199][  0]LogTcpMessaging: Initializing TcpMessaging bridge
[2018.03.01-21.18.04:275][  0]LogUdpMessaging: Initializing bridge on interface 0.0.0.0:0 to multicast group 230.0.0.1:6666.
[2018.03.01-21.18.05:186][  0]LogLinker: Warning: Can't find file '/Game/StarterContent/Materials/M_Basic_Wall'
[2018.03.01-21.18.05:187][  0]LogLinker: Warning: Can't find file for asset '/Game/StarterContent/Materials/M_Basic_Wall' while loading ../../../../../../Users/Shawnthebro/Documents/GitHub/FightingGame/Super80sFighter/Content/SideScrollerCPP/Meshes/Shape_Cube.uasset.
[2018.03.01-21.18.05:187][  0]LoadErrors: Error: /Game/SideScrollerCPP/Meshes/Shape_Cube : Can't find file for asset. /Game/StarterContent/Materials/M_Basic_Wall
[2018.03.01-21.18.05:187][  0]LogLinker: Warning: Can't find file '/Game/StarterContent/Materials/M_Basic_Wall'
[2018.03.01-21.18.05:188][  0]LogLinker: Warning: Can't find file for asset '/Game/StarterContent/Materials/M_Basic_Wall' while loading ../../../../../../Users/Shawnthebro/Documents/GitHub/FightingGame/Super80sFighter/Content/SideScrollerCPP/Meshes/Shape_Cube.uasset.
[2018.03.01-21.18.05:188][  0]LoadErrors: Error: /Game/SideScrollerCPP/Meshes/Shape_Cube : Can't find file for asset. /Game/StarterContent/Materials/M_Basic_Wall
[2018.03.01-21.18.05:189][  0]LogLinker: Warning: Can't find file '/Game/StarterContent/Materials/M_Basic_Wall'
[2018.03.01-21.18.05:189][  0]LoadErrors: Failed to load /Game/StarterContent/Materials/M_Basic_Wall.M_Basic_Wall Referenced by Shape_Cube
[2018.03.01-21.18.05:189][  0]LogLinker: Warning: Can't find file for asset '/Game/StarterContent/Materials/M_Basic_Wall' while loading NULL.
[2018.03.01-21.18.05:190][  0]LoadErrors: Failed to load /Game/StarterContent/Materials/M_Basic_Wall.M_Basic_Wall Referenced by Shape_Cube
[2018.03.01-21.18.05:290][  0]LogLinker: Warning: Can't find file '/Game/StarterContent/Particles/Materials/M_Burst'
[2018.03.01-21.18.05:290][  0]LogLinker: Warning: Can't find file for asset '/Game/StarterContent/Particles/Materials/M_Burst' while loading ../../../../../../Users/Shawnthebro/Documents/GitHub/FightingGame/Super80sFighter/Content/SideScrollerCPP/Particles/P_Explosion.uasset.
[2018.03.01-21.18.05:290][  0]LoadErrors: Error: /Game/SideScrollerCPP/Particles/P_Explosion : Can't find file for asset. /Game/StarterContent/Particles/Materials/M_Burst
[2018.03.01-21.18.05:290][  0]LogLinker: Warning: Can't find file '/Game/StarterContent/Particles/Materials/M_explosion_subUV'
[2018.03.01-21.18.05:291][  0]LogLinker: Warning: Can't find file for asset '/Game/StarterContent/Particles/Materials/M_explosion_subUV' while loading ../../../../../../Users/Shawnthebro/Documents/GitHub/FightingGame/Super80sFighter/Content/SideScrollerCPP/Particles/P_Explosion.uasset.
[2018.03.01-21.18.05:291][  0]LoadErrors: Error: /Game/SideScrollerCPP/Particles/P_Explosion : Can't find file for asset. /Game/StarterContent/Particles/Materials/M_explosion_subUV
[2018.03.01-21.18.05:291][  0]LogLinker: Warning: Can't find file '/Game/StarterContent/Particles/Materials/m_flare_01'
[2018.03.01-21.18.05:292][  0]LogLinker: Warning: Can't find file for asset '/Game/StarterContent/Particles/Materials/m_flare_01' while loading ../../../../../../Users/Shawnthebro/Documents/GitHub/FightingGame/Super80sFighter/Content/SideScrollerCPP/Particles/P_Explosion.uasset.
[2018.03.01-21.18.05:292][  0]LoadErrors: Error: /Game/SideScrollerCPP/Particles/P_Explosion : Can't find file for asset. /Game/StarterContent/Particles/Materials/m_flare_01
[2018.03.01-21.18.05:292][  0]LogLinker: Warning: Can't find file '/Game/StarterContent/Particles/Materials/M_radial_ramp'
[2018.03.01-21.18.05:292][  0]LogLinker: Warning: Can't find file for asset '/Game/StarterContent/Particles/Materials/M_radial_ramp' while loading ../../../../../../Users/Shawnthebro/Documents/GitHub/FightingGame/Super80sFighter/Content/SideScrollerCPP/Particles/P_Explosion.uasset.
[2018.03.01-21.18.05:293][  0]LoadErrors: Error: /Game/SideScrollerCPP/Particles/P_Explosion : Can't find file for asset. /Game/StarterContent/Particles/Materials/M_radial_ramp
[2018.03.01-21.18.05:293][  0]LogLinker: Warning: Can't find file '/Game/StarterContent/Particles/Materials/M_smoke_subUV'
[2018.03.01-21.18.05:293][  0]LogLinker: Warning: Can't find file for asset '/Game/StarterContent/Particles/Materials/M_smoke_subUV' while loading ../../../../../../Users/Shawnthebro/Documents/GitHub/FightingGame/Super80sFighter/Content/SideScrollerCPP/Particles/P_Explosion.uasset.
[2018.03.01-21.18.05:293][  0]LoadErrors: Error: /Game/SideScrollerCPP/Particles/P_Explosion : Can't find file for asset. /Game/StarterContent/Particles/Materials/M_smoke_subUV
[2018.03.01-21.18.05:294][  0]LogLinker: Warning: Can't find file '/Game/StarterContent/Particles/Materials/M_Burst'
[2018.03.01-21.18.05:294][  0]LogLinker: Warning: Can't find file for asset '/Game/StarterContent/Particles/Materials/M_Burst' while loading ../../../../../../Users/Shawnthebro/Documents/GitHub/FightingGame/Super80sFighter/Content/SideScrollerCPP/Particles/P_Explosion.uasset.
[2018.03.01-21.18.05:294][  0]LoadErrors: Error: /Game/SideScrollerCPP/Particles/P_Explosion : Can't find file for asset. /Game/StarterContent/Particles/Materials/M_Burst
[2018.03.01-21.18.05:294][  0]LogLinker: Warning: Can't find file '/Game/StarterContent/Particles/Materials/M_explosion_subUV'
[2018.03.01-21.18.05:294][  0]LogLinker: Warning: Can't find file for asset '/Game/StarterContent/Particles/Materials/M_explosion_subUV' while loading ../../../../../../Users/Shawnthebro/Documents/GitHub/FightingGame/Super80sFighter/Content/SideScrollerCPP/Particles/P_Explosion.uasset.
[2018.03.01-21.18.05:295][  0]LoadErrors: Error: /Game/SideScrollerCPP/Particles/P_Explosion : Can't find file for asset. /Game/StarterContent/Particles/Materials/M_explosion_subUV
[2018.03.01-21.18.05:295][  0]LogLinker: Warning: Can't find file '/Game/StarterContent/Particles/Materials/m_flare_01'
[2018.03.01-21.18.05:295][  0]LogLinker: Warning: Can't find file for asset '/Game/StarterContent/Particles/Materials/m_flare_01' while loading ../../../../../../Users/Shawnthebro/Documents/GitHub/FightingGame/Super80sFighter/Content/SideScrollerCPP/Particles/P_Explosion.uasset.
[2018.03.01-21.18.05:295][  0]LoadErrors: Error: /Game/SideScrollerCPP/Particles/P_Explosion : Can't find file for asset. /Game/StarterContent/Particles/Materials/m_flare_01
[2018.03.01-21.18.05:296][  0]LogLinker: Warning: Can't find file '/Game/StarterContent/Particles/Materials/M_radial_ramp'
[2018.03.01-21.18.05:296][  0]LogLinker: Warning: Can't find file for asset '/Game/StarterContent/Particles/Materials/M_radial_ramp' while loading ../../../../../../Users/Shawnthebro/Documents/GitHub/FightingGame/Super80sFighter/Content/SideScrollerCPP/Particles/P_Explosion.uasset.
[2018.03.01-21.18.05:296][  0]LoadErrors: Error: /Game/SideScrollerCPP/Particles/P_Explosion : Can't find file for asset. /Game/StarterContent/Particles/Materials/M_radial_ramp
[2018.03.01-21.18.05:297][  0]LogLinker: Warning: Can't find file '/Game/StarterContent/Particles/Materials/M_smoke_subUV'
[2018.03.01-21.18.05:297][  0]LogLinker: Warning: Can't find file for asset '/Game/StarterContent/Particles/Materials/M_smoke_subUV' while loading ../../../../../../Users/Shawnthebro/Documents/GitHub/FightingGame/Super80sFighter/Content/SideScrollerCPP/Particles/P_Explosion.uasset.
[2018.03.01-21.18.05:297][  0]LoadErrors: Error: /Game/SideScrollerCPP/Particles/P_Explosion : Can't find file for asset. /Game/StarterContent/Particles/Materials/M_smoke_subUV
[2018.03.01-21.18.05:616][  0]LogLinker: Warning: Can't find file '/Game/StarterContent/Particles/Materials/M_smoke_subUV'
[2018.03.01-21.18.05:616][  0]LoadErrors: Failed to load /Game/StarterContent/Particles/Materials/M_smoke_subUV.M_smoke_subUV Referenced by ParticleModuleRequired_0
[2018.03.01-21.18.05:618][  0]LogLinker: Warning: Can't find file for asset '/Game/StarterContent/Particles/Materials/M_smoke_subUV' while loading NULL.
[2018.03.01-21.18.05:618][  0]LoadErrors: Failed to load /Game/StarterContent/Particles/Materials/M_smoke_subUV.M_smoke_subUV Referenced by ParticleModuleRequired_0
[2018.03.01-21.18.05:618][  0]LogLinker: Warning: Can't find file '/Game/StarterContent/Particles/Materials/M_explosion_subUV'
[2018.03.01-21.18.05:619][  0]LoadErrors: Failed to load /Game/StarterContent/Particles/Materials/M_explosion_subUV.M_explosion_subUV Referenced by ParticleModuleRequired_2
[2018.03.01-21.18.05:619][  0]LogLinker: Warning: Can't find file for asset '/Game/StarterContent/Particles/Materials/M_explosion_subUV' while loading NULL.
[2018.03.01-21.18.05:619][  0]LoadErrors: Failed to load /Game/StarterContent/Particles/Materials/M_explosion_subUV.M_explosion_subUV Referenced by ParticleModuleRequired_2
[2018.03.01-21.18.05:620][  0]LogLinker: Warning: Can't find file '/Game/StarterContent/Particles/Materials/M_radial_ramp'
[2018.03.01-21.18.05:620][  0]LoadErrors: Failed to load /Game/StarterContent/Particles/Materials/M_radial_ramp.M_radial_ramp Referenced by ParticleModuleRequired_3
[2018.03.01-21.18.05:620][  0]LogLinker: Warning: Can't find file for asset '/Game/StarterContent/Particles/Materials/M_radial_ramp' while loading NULL.
[2018.03.01-21.18.05:620][  0]LoadErrors: Failed to load /Game/StarterContent/Particles/Materials/M_radial_ramp.M_radial_ramp Referenced by ParticleModuleRequired_3
[2018.03.01-21.18.05:621][  0]LogLinker: Warning: Can't find file '/Game/StarterContent/Particles/Materials/m_flare_01'
[2018.03.01-21.18.05:621][  0]LoadErrors: Failed to load /Game/StarterContent/Particles/Materials/m_flare_01.m_flare_01 Referenced by ParticleModuleRequired_4
[2018.03.01-21.18.05:621][  0]LogLinker: Warning: Can't find file for asset '/Game/StarterContent/Particles/Materials/m_flare_01' while loading NULL.
[2018.03.01-21.18.05:622][  0]LoadErrors: Failed to load /Game/StarterContent/Particles/Materials/m_flare_01.m_flare_01 Referenced by ParticleModuleRequired_4
[2018.03.01-21.18.05:622][  0]LogLinker: Warning: Can't find file '/Game/StarterContent/Particles/Materials/M_Burst'
[2018.03.01-21.18.05:622][  0]LoadErrors: Failed to load /Game/StarterContent/Particles/Materials/M_Burst.M_Burst Referenced by ParticleModuleRequired_8
[2018.03.01-21.18.05:622][  0]LogLinker: Warning: Can't find file for asset '/Game/StarterContent/Particles/Materials/M_Burst' while loading NULL.
[2018.03.01-21.18.05:623][  0]LoadErrors: Failed to load /Game/StarterContent/Particles/Materials/M_Burst.M_Burst Referenced by ParticleModuleRequired_8
[2018.03.01-21.18.06:207][  0]LogMaterial: Uniform references updated for custom material expression Custom.
[2018.03.01-21.18.06:955][  0]SourceControl: Source control is disabled
[2018.03.01-21.18.06:955][  0]SourceControl: Source control is disabled
[2018.03.01-21.18.07:071][  0]SourceControl: Source control is disabled
[2018.03.01-21.18.07:184][  0]SourceControl: Source control is disabled
[2018.03.01-21.18.08:845][  0]LogAndroidPermission: UAndroidPermissionCallbackProxy::GetInstance
[2018.03.01-21.18.09:395][  0]LogOcInput: OculusInput pre-init called
[2018.03.01-21.18.10:692][  0]LogEngine: Initializing Engine...
[2018.03.01-21.18.10:987][  0]LogStats: UGameplayTagsManager::ConstructGameplayTagTree: Construct from data asset -  0.000 s
[2018.03.01-21.18.10:988][  0]LogStats: UGameplayTagsManager::ConstructGameplayTagTree: GameplayTagTreeChangedEvent.Broadcast -  0.000 s
[2018.03.01-21.18.11:222][  0]LogAIModule: Creating AISystem for world Untitled
[2018.03.01-21.18.11:266][  0]LogInit: XAudio2 using 'Speakers (2- Conexant ISST Audio)' : 2 channels at 48 kHz using 32 bits per sample (channel mask 0x3)
[2018.03.01-21.18.11:439][  0]LogInit: FAudioDevice initialized.
[2018.03.01-21.18.11:528][  0]LogDerivedDataCache: Saved boot cache 0.09s 89MB C:/Users/Shawnthebro/AppData/Local/UnrealEngine/4.18/DerivedDataCache/Boot.ddc.
[2018.03.01-21.18.11:551][  0]LogInit: Texture streaming: Enabled
[2018.03.01-21.18.11:783][  0]LogEngineSessionManager: EngineSessionManager initialized
[2018.03.01-21.18.12:023][  0]LogInit: Transaction tracking system initialized
[2018.03.01-21.18.12:647][  0]BlueprintLog: New page: Editor Load
[2018.03.01-21.18.14:755][  0]LocalizationService: Localization service is disabled
[2018.03.01-21.18.16:324][  0]LogConsoleResponse: Display: 
[2018.03.01-21.18.16:589][  0]LogCook: Display: Max memory allowance for cook 16384mb min free memory 0mb
[2018.03.01-21.18.16:590][  0]LogCook: Display: Mobile HDR setting 1
[2018.03.01-21.18.16:590][  0]LogGameplayTags: Display: UGameplayTagsManager::DoneAddingNativeTags. DelegateIsBound: 0
[2018.03.01-21.18.17:486][  0]LogFileCache: Scanning file cache for directory 'C:/Users/Shawnthebro/Documents/GitHub/FightingGame/Super80sFighter/Content/' took 0.02s
[2018.03.01-21.18.19:381][  0]SourceControl: Source control is disabled
[2018.03.01-21.18.19:381][  0]Cmd: MAP LOAD FILE="../../../../../../Users/Shawnthebro/Documents/GitHub/FightingGame/Super80sFighter/Content/SideScrollerCPP/Maps/Main_Menu.umap" TEMPLATE=0 SHOWPROGRESS=1 FEATURELEVEL=3
[2018.03.01-21.18.19:382][  0]LightingResults: New page: Lighting Build
[2018.03.01-21.18.19:454][  0]MapCheck: New page: Map Check
[2018.03.01-21.18.19:454][  0]LightingResults: New page: Lighting Build
[2018.03.01-21.18.19:538][  0]LogLinker: Error: HOTRELOADED_Super80sFighterGameMode_0 has an inappropriate outermost, it was probably saved with a deprecated outer (file: ../../../../../../Users/Shawnthebro/Documents/GitHub/FightingGame/Super80sFighter/Content/SideScrollerCPP/Blueprints/HUD/Options_Menu.uasset)
[2018.03.01-21.18.19:540][  0]LogLinker: Error: HOTRELOADED_Super80sFighterGameMode_0 has an inappropriate outermost, it was probably saved with a deprecated outer (file: ../../../../../../Users/Shawnthebro/Documents/GitHub/FightingGame/Super80sFighter/Content/SideScrollerCPP/Blueprints/HUD/Options_Menu.uasset)
[2018.03.01-21.18.19:540][  0]LogLinker: Error: HOTRELOADED_Super80sFighterGameMode_0 has an inappropriate outermost, it was probably saved with a deprecated outer (file: ../../../../../../Users/Shawnthebro/Documents/GitHub/FightingGame/Super80sFighter/Content/SideScrollerCPP/Blueprints/HUD/Options_Menu.uasset)
[2018.03.01-21.18.19:540][  0]LogLinker: Error: HOTRELOADED_Super80sFighterGameMode_0 has an inappropriate outermost, it was probably saved with a deprecated outer (file: ../../../../../../Users/Shawnthebro/Documents/GitHub/FightingGame/Super80sFighter/Content/SideScrollerCPP/Blueprints/HUD/Options_Menu.uasset)
[2018.03.01-21.18.19:540][  0]LogLinker: Error: HOTRELOADED_Super80sFighterGameMode_0 has an inappropriate outermost, it was probably saved with a deprecated outer (file: ../../../../../../Users/Shawnthebro/Documents/GitHub/FightingGame/Super80sFighter/Content/SideScrollerCPP/Blueprints/HUD/Options_Menu.uasset)
[2018.03.01-21.18.19:540][  0]LogLinker: Error: HOTRELOADED_Super80sFighterGameMode_0 has an inappropriate outermost, it was probably saved with a deprecated outer (file: ../../../../../../Users/Shawnthebro/Documents/GitHub/FightingGame/Super80sFighter/Content/SideScrollerCPP/Blueprints/HUD/Options_Menu.uasset)
[2018.03.01-21.18.19:541][  0]LogLinker: Error: HOTRELOADED_Super80sFighterGameMode_0 has an inappropriate outermost, it was probably saved with a deprecated outer (file: ../../../../../../Users/Shawnthebro/Documents/GitHub/FightingGame/Super80sFighter/Content/SideScrollerCPP/Blueprints/HUD/Options_Menu.uasset)
[2018.03.01-21.18.19:541][  0]LogLinker: Error: HOTRELOADED_Super80sFighterGameMode_0 has an inappropriate outermost, it was probably saved with a deprecated outer (file: ../../../../../../Users/Shawnthebro/Documents/GitHub/FightingGame/Super80sFighter/Content/SideScrollerCPP/Blueprints/HUD/Options_Menu.uasset)
[2018.03.01-21.18.19:546][  0]LogLinker: Error: HOTRELOADED_Super80sFighterGameMode_0 has an inappropriate outermost, it was probably saved with a deprecated outer (file: ../../../../../../Users/Shawnthebro/Documents/GitHub/FightingGame/Super80sFighter/Content/SideScrollerCPP/Blueprints/HUD/Options_Menu.uasset)
[2018.03.01-21.18.19:546][  0]LogLinker: Error: HOTRELOADED_Super80sFighterGameMode_0 has an inappropriate outermost, it was probably saved with a deprecated outer (file: ../../../../../../Users/Shawnthebro/Documents/GitHub/FightingGame/Super80sFighter/Content/SideScrollerCPP/Blueprints/HUD/Options_Menu.uasset)
[2018.03.01-21.18.19:547][  0]LogLinker: Error: HOTRELOADED_Super80sFighterGameMode_0 has an inappropriate outermost, it was probably saved with a deprecated outer (file: ../../../../../../Users/Shawnthebro/Documents/GitHub/FightingGame/Super80sFighter/Content/SideScrollerCPP/Blueprints/HUD/Options_Menu.uasset)
[2018.03.01-21.18.19:547][  0]LogLinker: Error: HOTRELOADED_Super80sFighterGameMode_0 has an inappropriate outermost, it was probably saved with a deprecated outer (file: ../../../../../../Users/Shawnthebro/Documents/GitHub/FightingGame/Super80sFighter/Content/SideScrollerCPP/Blueprints/HUD/Options_Menu.uasset)
[2018.03.01-21.18.19:547][  0]LogLinker: Error: HOTRELOADED_Super80sFighterGameMode_0 has an inappropriate outermost, it was probably saved with a deprecated outer (file: ../../../../../../Users/Shawnthebro/Documents/GitHub/FightingGame/Super80sFighter/Content/SideScrollerCPP/Blueprints/HUD/Options_Menu.uasset)
[2018.03.01-21.18.19:547][  0]LogLinker: Error: HOTRELOADED_Super80sFighterGameMode_0 has an inappropriate outermost, it was probably saved with a deprecated outer (file: ../../../../../../Users/Shawnthebro/Documents/GitHub/FightingGame/Super80sFighter/Content/SideScrollerCPP/Blueprints/HUD/Options_Menu.uasset)
[2018.03.01-21.18.19:547][  0]LogLinker: Error: HOTRELOADED_Super80sFighterGameMode_0 has an inappropriate outermost, it was probably saved with a deprecated outer (file: ../../../../../../Users/Shawnthebro/Documents/GitHub/FightingGame/Super80sFighter/Content/SideScrollerCPP/Blueprints/HUD/Options_Menu.uasset)
[2018.03.01-21.18.19:547][  0]LogLinker: Error: HOTRELOADED_Super80sFighterGameMode_0 has an inappropriate outermost, it was probably saved with a deprecated outer (file: ../../../../../../Users/Shawnthebro/Documents/GitHub/FightingGame/Super80sFighter/Content/SideScrollerCPP/Blueprints/HUD/Options_Menu.uasset)
[2018.03.01-21.18.20:129][  0]LogAIModule: Creating AISystem for world Main_Menu
[2018.03.01-21.18.20:131][  0]LogEditorServer: Finished looking for orphan Actors (0.000 secs)
[2018.03.01-21.18.20:152][  0]Cmd: MAP CHECKDEP NOCLEARLOG
[2018.03.01-21.18.20:235][  0]MapCheck: Map check complete: 0 Error(s), 0 Warning(s), took 83.061ms to complete.
[2018.03.01-21.18.20:236][  0]LogFileHelpers: Loading map 'Main_Menu' took 0.855
[2018.03.01-21.18.20:530][  0]LogCollectionManager: Loaded 0 collections in 0.004650 seconds
[2018.03.01-21.18.20:654][  0]LogFileCache: Scanning file cache for directory 'C:/Users/Shawnthebro/Documents/GitHub/FightingGame/Super80sFighter/Saved/Collections/' took 0.01s
[2018.03.01-21.18.20:654][  0]LogFileCache: Scanning file cache for directory 'C:/Users/Shawnthebro/Documents/GitHub/FightingGame/Super80sFighter/Content/Developers/Shawnthebro/Collections/' took 0.02s
[2018.03.01-21.18.20:654][  0]LogFileCache: Scanning file cache for directory 'C:/Users/Shawnthebro/Documents/GitHub/FightingGame/Super80sFighter/Content/Collections/' took 0.02s
[2018.03.01-21.18.20:654][  0]LogCollectionManager: Rebuilt the GUID cache for 0 collections in 0.000001 seconds
[2018.03.01-21.18.20:669][  0]LogContentBrowser: Native class hierarchy populated in 0.0149 seconds. Added 2383 classes and 522 folders.
[2018.03.01-21.18.20:785][  0]LogContentBrowser: Native class hierarchy updated for 'WidgetCarousel' in 0.0008 seconds. Added 0 classes and 0 folders.
[2018.03.01-21.18.20:838][  0]LogContentBrowser: Native class hierarchy updated for 'AddContentDialog' in 0.0007 seconds. Added 0 classes and 0 folders.
[2018.03.01-21.18.20:936][  0]LogContentBrowser: Native class hierarchy updated for 'SceneOutliner' in 0.0012 seconds. Added 1 classes and 2 folders.
[2018.03.01-21.18.21:000][  0]LogSlate: Took 0.000339 seconds to synchronously load lazily loaded font '../../../Engine/Content/Slate/Fonts/Roboto-Regular.ttf' (155K)
[2018.03.01-21.18.21:005][  0]LogSlate: Took 0.000433 seconds to synchronously load lazily loaded font '../../../Engine/Content/Slate/Fonts/Roboto-Bold.ttf' (160K)
[2018.03.01-21.18.21:022][  0]LogSlate: Took 0.000379 seconds to synchronously load lazily loaded font '../../../Engine/Content/Editor/Slate/Fonts/FontAwesome.ttf' (139K)
[2018.03.01-21.18.21:164][  0]LogRenderer: Reallocating scene render targets to support 1208x576 Format 10 NumSamples 1 (Frame:1).
[2018.03.01-21.18.21:232][  0]LogSlate: Took 0.000172 seconds to synchronously load lazily loaded font '../../../Engine/Content/Slate/Fonts/Roboto-Light.ttf' (159K)
[2018.03.01-21.18.21:447][  0]LogContentBrowser: Native class hierarchy updated for 'HierarchicalLODOutliner' in 0.0011 seconds. Added 1 classes and 2 folders.
[2018.03.01-21.18.21:447][  0]LogLoad: (Engine Initialization) Total time: 36.13 seconds
[2018.03.01-21.18.21:448][  0]LogLoad: (Engine Initialization) Total Blueprint compile time: 0.00 seconds
[2018.03.01-21.18.21:448][  0]LogExternalProfiler: Found external profiler: VSPerf
[2018.03.01-21.18.21:448][  0]LogExternalProfiler: Using external profiler: VSPerf
[2018.03.01-21.18.21:469][  0]LogWindowsTextInputMethodSystem: Display: IME system now deactivated.
[2018.03.01-21.18.21:505][  0]LogContentStreaming: Texture pool size now 1000 MB
[2018.03.01-21.18.21:883][  1]LogSubstanceLiveLink: Warning: Unable to send data along socket, closing connection
[2018.03.01-21.18.21:887][  1]LogFileCache: Retrieving MD5 hashes for directory 'C:/Users/Shawnthebro/Documents/GitHub/FightingGame/Super80sFighter/Content/' took 0.40s
[2018.03.01-21.18.21:905][  1]LogAssetRegistry: Asset discovery search completed in 23.2743 seconds
[2018.03.01-21.18.21:908][  1]LogCollectionManager: Rebuilt the object cache for 0 collections in 0.000000 seconds (found 0 objects)
[2018.03.01-21.18.21:915][  1]LogCollectionManager: Fixed up redirectors for 0 collections in 0.006858 seconds (updated 0 objects)
[2018.03.01-21.18.22:485][ 38]LogSlate: Took 0.000275 seconds to synchronously load lazily loaded font '../../../Engine/Content/Slate/Fonts/Roboto-Light.ttf' (159K)
[2018.03.01-21.18.22:877][ 38]LogContentBrowser: Native class hierarchy updated for 'BlueprintGraph' in 0.0015 seconds. Added 116 classes and 0 folders.
[2018.03.01-21.18.23:838][ 38]LogSlate: Took 0.000164 seconds to synchronously load lazily loaded font '../../../Engine/Content/Slate/Fonts/Roboto-Light.ttf' (159K)
[2018.03.01-21.18.23:840][ 38]LogSlate: Took 0.000290 seconds to synchronously load lazily loaded font '../../../Engine/Content/Editor/Slate/Fonts/Roboto-BoldCondensed.ttf' (158K)
[2018.03.01-21.18.27:361][384]LogTemp: Repeating last play command: New Editor Window (PIE)
[2018.03.01-21.18.27:433][384]LogBlueprintUserMessages: Early PlayInEditor Detection: Level '/Game/SideScrollerCPP/Maps/Main_Menu.Main_Menu:PersistentLevel' has LevelScriptBlueprint '/Game/SideScrollerCPP/Maps/Main_Menu.Main_Menu:PersistentLevel.Main_Menu' with GeneratedClass '/Game/SideScrollerCPP/Maps/Main_Menu.Main_Menu_C' with ClassGeneratedBy '/Game/SideScrollerCPP/Maps/Main_Menu.Main_Menu:PersistentLevel.Main_Menu'
[2018.03.01-21.18.27:433][384]LogPlayLevel: PlayLevel: No blueprints needed recompiling
[2018.03.01-21.18.27:434][384]PIE: New page: PIE session: Main_Menu (Mar 1, 2018, 11:18:27 AM)
[2018.03.01-21.18.27:435][384]LogPlayLevel: Creating play world package: /Game/SideScrollerCPP/Maps/UEDPIE_0_Main_Menu
[2018.03.01-21.18.27:437][384]LogPlayLevel: PIE: StaticDuplicateObject took: (0.001874s)
[2018.03.01-21.18.27:438][384]LogAIModule: Creating AISystem for world Main_Menu
[2018.03.01-21.18.27:439][384]LogPlayLevel: PIE: World Init took: (0.001013s)
[2018.03.01-21.18.27:439][384]LogPlayLevel: PIE: Created PIE world by copying editor world from /Game/SideScrollerCPP/Maps/Main_Menu.Main_Menu to /Game/SideScrollerCPP/Maps/UEDPIE_0_Main_Menu.Main_Menu (0.003755s)
[2018.03.01-21.18.27:467][384]LogInit: XAudio2 using 'Speakers (2- Conexant ISST Audio)' : 2 channels at 48 kHz using 32 bits per sample (channel mask 0x3)
[2018.03.01-21.18.27:475][384]LogInit: FAudioDevice initialized.
[2018.03.01-21.18.27:546][384]LogLoad: Game class is 'MySuper80sFighterGameMode_C'
[2018.03.01-21.18.27:548][384]LogWorld: Bringing World /Game/SideScrollerCPP/Maps/UEDPIE_0_Main_Menu.Main_Menu up for play (max tick rate 0) at 2018.03.01-16.18.27
[2018.03.01-21.18.27:548][384]LogWorld: Bringing up level for play took: 0.000904
[2018.03.01-21.18.27:630][384]LogContentBrowser: Native class hierarchy updated for 'MovieSceneCapture' in 0.0008 seconds. Added 11 classes and 0 folders.
[2018.03.01-21.18.27:646][384]PIE: Play in editor start time for /Game/SideScrollerCPP/Maps/UEDPIE_0_Main_Menu -0.477
[2018.03.01-21.18.27:647][384]LogBlueprintUserMessages: Late PlayInEditor Detection: Level '/Game/SideScrollerCPP/Maps/Main_Menu.Main_Menu:PersistentLevel' has LevelScriptBlueprint '/Game/SideScrollerCPP/Maps/Main_Menu.Main_Menu:PersistentLevel.Main_Menu' with GeneratedClass '/Game/SideScrollerCPP/Maps/Main_Menu.Main_Menu_C' with ClassGeneratedBy '/Game/SideScrollerCPP/Maps/Main_Menu.Main_Menu:PersistentLevel.Main_Menu'
[2018.03.01-21.18.27:653][384]LogRenderer: Reallocating scene render targets to support 1292x756 Format 10 NumSamples 1 (Frame:1).
[2018.03.01-21.18.27:654][384]LogAudio: Warning: Detected orphaned looping sound '_80s_Sample_4_Cue'.
[2018.03.01-21.18.35:130][893]LogBlueprintUserMessages: Early EndPlayMap Detection: Level '/Game/SideScrollerCPP/Maps/Main_Menu.Main_Menu:PersistentLevel' has LevelScriptBlueprint '/Game/SideScrollerCPP/Maps/Main_Menu.Main_Menu:PersistentLevel.Main_Menu' with GeneratedClass '/Game/SideScrollerCPP/Maps/Main_Menu.Main_Menu_C' with ClassGeneratedBy '/Game/SideScrollerCPP/Maps/Main_Menu.Main_Menu:PersistentLevel.Main_Menu'
[2018.03.01-21.18.35:198][893]LogBlueprintUserMessages: Late EndPlayMap Detection: Level '/Game/SideScrollerCPP/Maps/Main_Menu.Main_Menu:PersistentLevel' has LevelScriptBlueprint '/Game/SideScrollerCPP/Maps/Main_Menu.Main_Menu:PersistentLevel.Main_Menu' with GeneratedClass '/Game/SideScrollerCPP/Maps/Main_Menu.Main_Menu_C' with ClassGeneratedBy '/Game/SideScrollerCPP/Maps/Main_Menu.Main_Menu:PersistentLevel.Main_Menu'
[2018.03.01-21.18.35:679][935]LogTemp: Repeating last play command: New Editor Window (PIE)
[2018.03.01-21.18.35:701][935]LogBlueprintUserMessages: Early PlayInEditor Detection: Level '/Game/SideScrollerCPP/Maps/Main_Menu.Main_Menu:PersistentLevel' has LevelScriptBlueprint '/Game/SideScrollerCPP/Maps/Main_Menu.Main_Menu:PersistentLevel.Main_Menu' with GeneratedClass '/Game/SideScrollerCPP/Maps/Main_Menu.Main_Menu_C' with ClassGeneratedBy '/Game/SideScrollerCPP/Maps/Main_Menu.Main_Menu:PersistentLevel.Main_Menu'
[2018.03.01-21.18.35:702][935]LogPlayLevel: PlayLevel: No blueprints needed recompiling
[2018.03.01-21.18.35:702][935]PIE: New page: PIE session: Main_Menu (Mar 1, 2018, 11:18:35 AM)
[2018.03.01-21.18.35:703][935]LogPlayLevel: Creating play world package: /Game/SideScrollerCPP/Maps/UEDPIE_0_Main_Menu
[2018.03.01-21.18.35:704][935]LogPlayLevel: PIE: StaticDuplicateObject took: (0.001210s)
[2018.03.01-21.18.35:705][935]LogAIModule: Creating AISystem for world Main_Menu
[2018.03.01-21.18.35:706][935]LogPlayLevel: PIE: World Init took: (0.001429s)
[2018.03.01-21.18.35:706][935]LogPlayLevel: PIE: Created PIE world by copying editor world from /Game/SideScrollerCPP/Maps/Main_Menu.Main_Menu to /Game/SideScrollerCPP/Maps/UEDPIE_0_Main_Menu.Main_Menu (0.003526s)
[2018.03.01-21.18.35:731][935]LogInit: XAudio2 using 'Speakers (2- Conexant ISST Audio)' : 2 channels at 48 kHz using 32 bits per sample (channel mask 0x3)
[2018.03.01-21.18.35:739][935]LogInit: FAudioDevice initialized.
[2018.03.01-21.18.35:800][935]LogLoad: Game class is 'MySuper80sFighterGameMode_C'
[2018.03.01-21.18.35:801][935]LogWorld: Bringing World /Game/SideScrollerCPP/Maps/UEDPIE_0_Main_Menu.Main_Menu up for play (max tick rate 0) at 2018.03.01-16.18.35
[2018.03.01-21.18.35:802][935]LogWorld: Bringing up level for play took: 0.001224
[2018.03.01-21.18.35:819][935]PIE: Play in editor start time for /Game/SideScrollerCPP/Maps/UEDPIE_0_Main_Menu -0.304
[2018.03.01-21.18.35:820][935]LogBlueprintUserMessages: Late PlayInEditor Detection: Level '/Game/SideScrollerCPP/Maps/Main_Menu.Main_Menu:PersistentLevel' has LevelScriptBlueprint '/Game/SideScrollerCPP/Maps/Main_Menu.Main_Menu:PersistentLevel.Main_Menu' with GeneratedClass '/Game/SideScrollerCPP/Maps/Main_Menu.Main_Menu_C' with ClassGeneratedBy '/Game/SideScrollerCPP/Maps/Main_Menu.Main_Menu:PersistentLevel.Main_Menu'
[2018.03.01-21.18.35:833][935]LogAudio: Warning: Detected orphaned looping sound '_80s_Sample_4_Cue'.
[2018.03.01-21.18.43:455][454]LogBlueprintUserMessages: Early EndPlayMap Detection: Level '/Game/SideScrollerCPP/Maps/Main_Menu.Main_Menu:PersistentLevel' has LevelScriptBlueprint '/Game/SideScrollerCPP/Maps/Main_Menu.Main_Menu:PersistentLevel.Main_Menu' with GeneratedClass '/Game/SideScrollerCPP/Maps/Main_Menu.Main_Menu_C' with ClassGeneratedBy '/Game/SideScrollerCPP/Maps/Main_Menu.Main_Menu:PersistentLevel.Main_Menu'
[2018.03.01-21.18.43:530][454]LogBlueprintUserMessages: Late EndPlayMap Detection: Level '/Game/SideScrollerCPP/Maps/Main_Menu.Main_Menu:PersistentLevel' has LevelScriptBlueprint '/Game/SideScrollerCPP/Maps/Main_Menu.Main_Menu:PersistentLevel.Main_Menu' with GeneratedClass '/Game/SideScrollerCPP/Maps/Main_Menu.Main_Menu_C' with ClassGeneratedBy '/Game/SideScrollerCPP/Maps/Main_Menu.Main_Menu:PersistentLevel.Main_Menu'
