Log file open, 02/28/18 16:12:15
LogWindows: Failed to load 'aqProf.dll' (GetLastError=126)
LogWindows: File 'aqProf.dll' does not exist
LogWindows: Failed to load 'VtuneApi.dll' (GetLastError=126)
LogWindows: File 'VtuneApi.dll' does not exist
LogWindows: Failed to load 'VtuneApi32e.dll' (GetLastError=126)
LogWindows: File 'VtuneApi32e.dll' does not exist
LogInit: Display: Running engine for game: Super80sFighter
LogPlatformFile: Not using cached read wrapper
LogInit: Display: RandInit(-1051812549) SRandInit(-1051812549).
LogInit: Read version file with build ID '3709383'
LogInit: Overriding engine version to CL 3794801, compatible CL 3709383
LogInit: Registered custom module enumerator with build ID '3709383'
LogTaskGraph: Started task graph with 5 named threads and 14 total threads with 3 sets of task threads.
LogStats: Stats thread started at 0.202329
LogD3D11RHI: Aftermath initialized
LogPluginManager: Mounting plugin Paper2D
LogPluginManager: Mounting plugin LightPropagationVolume
LogPluginManager: Mounting plugin CodeLiteSourceCodeAccess
LogPluginManager: Mounting plugin GitSourceControl
LogPluginManager: Mounting plugin KDevelopSourceCodeAccess
LogPluginManager: Mounting plugin NullSourceCodeAccess
LogPluginManager: Mounting plugin PerforceSourceControl
LogPluginManager: Mounting plugin SubversionSourceControl
LogPluginManager: Mounting plugin UObjectPlugin
LogPluginManager: Mounting plugin VisualStudioCodeSourceCodeAccess
LogPluginManager: Mounting plugin VisualStudioSourceCodeAccess
LogPluginManager: Mounting plugin XCodeSourceCodeAccess
LogPluginManager: Mounting plugin AssetManagerEditor
LogPluginManager: Mounting plugin AudioCapture
LogPluginManager: Mounting plugin FacialAnimation
LogPluginManager: Mounting plugin GameplayTagsEditor
LogPluginManager: Mounting plugin MobileLauncherProfileWizard
LogPluginManager: Mounting plugin PluginBrowser
LogPluginManager: Mounting plugin SpeedTreeImporter
LogPluginManager: Mounting plugin AlembicImporter
LogPluginManager: Mounting plugin CharacterAI
LogPluginManager: Mounting plugin HTML5Networking
LogPluginManager: Mounting plugin Substance
LogPluginManager: Mounting plugin AndroidMedia
LogPluginManager: Mounting plugin AvfMedia
LogPluginManager: Mounting plugin ImgMedia
LogPluginManager: Mounting plugin MediaCompositing
LogPluginManager: Mounting plugin MediaPlayerEditor
LogPluginManager: Mounting plugin WmfMedia
LogPluginManager: Mounting plugin TcpMessaging
LogPluginManager: Mounting plugin UdpMessaging
LogPluginManager: Mounting plugin ActorSequence
LogPluginManager: Mounting plugin LevelSequenceEditor
LogPluginManager: Mounting plugin MatineeToLevelSequence
LogPluginManager: Mounting plugin OnlineSubsystemGooglePlay
LogPluginManager: Mounting plugin OnlineSubsystemIOS
LogPluginManager: Mounting plugin OnlineSubsystem
LogPluginManager: Mounting plugin OnlineSubsystemNull
LogPluginManager: Mounting plugin OnlineSubsystemUtils
LogPluginManager: Mounting plugin AndroidDeviceProfileSelector
LogPluginManager: Mounting plugin AndroidMoviePlayer
LogPluginManager: Mounting plugin AndroidPermission
LogPluginManager: Mounting plugin AppleARKit
LogPluginManager: Mounting plugin AppleMoviePlayer
LogPluginManager: Mounting plugin ArchVisCharacter
LogPluginManager: Mounting plugin CableComponent
LogPluginManager: Mounting plugin CustomMeshComponent
LogPluginManager: Mounting plugin ExampleDeviceProfileSelector
LogPluginManager: Mounting plugin GoogleCloudMessaging
LogPluginManager: Mounting plugin ImmediatePhysics
LogPluginManager: Mounting plugin IOSDeviceProfileSelector
LogPluginManager: Mounting plugin LinuxDeviceProfileSelector
LogPluginManager: Mounting plugin LocationServicesBPLibrary
LogPluginManager: Mounting plugin MobilePatchingUtils
LogPluginManager: Mounting plugin OculusVR
LogPluginManager: Plugin shader directory ../../../Engine/Plugins/Runtime/Oculus/OculusVR/Shaders found
LogPluginManager: Mapping shader source directory ../../../Engine/Plugins/Runtime/Oculus/OculusVR/Shaders to virtual directory /Plugin/OculusVR
LogPluginManager: Mounting plugin PhysXVehicles
LogPluginManager: Mounting plugin ProceduralMeshComponent
LogPluginManager: Mounting plugin RuntimePhysXCooking
LogPluginManager: Mounting plugin WindowsMoviePlayer
LogModuleManager: Display: Found up-to-date module file ../../../../../../Users/Shawnthebro/Documents/GitHub/FightingGame/Super80sFighter/Binaries/Win64/UE4Editor-Super80sFighter-171.dll (API version 3709383).
LogModuleManager: Display: Found up-to-date module file ../../../Engine/Plugins/2D/Paper2D/Binaries/Win64/UE4Editor-Paper2D.dll (API version 3709383).
LogModuleManager: Display: Found up-to-date module file ../../../Engine/Plugins/2D/Paper2D/Binaries/Win64/UE4Editor-Paper2DEditor.dll (API version 3709383).
LogModuleManager: Display: Found up-to-date module file ../../../Engine/Plugins/2D/Paper2D/Binaries/Win64/UE4Editor-PaperSpriteSheetImporter.dll (API version 3709383).
LogModuleManager: Display: Found up-to-date module file ../../../Engine/Plugins/2D/Paper2D/Binaries/Win64/UE4Editor-PaperTiledImporter.dll (API version 3709383).
LogModuleManager: Display: Found up-to-date module file ../../../Engine/Plugins/2D/Paper2D/Binaries/Win64/UE4Editor-SmartSnapping.dll (API version 3709383).
LogModuleManager: Display: Found up-to-date module file ../../../Engine/Plugins/Blendables/LightPropagationVolume/Binaries/Win64/UE4Editor-LightPropagationVolumeRuntime.dll (API version 3709383).
LogModuleManager: Display: Found up-to-date module file ../../../Engine/Plugins/Blendables/LightPropagationVolume/Binaries/Win64/UE4Editor-LightPropagationVolumeEditor.dll (API version 3709383).
LogModuleManager: Display: Found up-to-date module file ../../../Engine/Plugins/Developer/GitSourceControl/Binaries/Win64/UE4Editor-GitSourceControl.dll (API version 3709383).
LogModuleManager: Display: Found up-to-date module file ../../../Engine/Plugins/Developer/PerforceSourceControl/Binaries/Win64/UE4Editor-PerforceSourceControl.dll (API version 3709383).
LogModuleManager: Display: Found up-to-date module file ../../../Engine/Plugins/Developer/SubversionSourceControl/Binaries/Win64/UE4Editor-SubversionSourceControl.dll (API version 3709383).
LogModuleManager: Display: Found up-to-date module file ../../../Engine/Plugins/Developer/UObjectPlugin/Binaries/Win64/UE4Editor-UObjectPlugin.dll (API version 3709383).
LogModuleManager: Display: Found up-to-date module file ../../../Engine/Plugins/Developer/VisualStudioCodeSourceCodeAccess/Binaries/Win64/UE4Editor-VisualStudioCodeSourceCodeAccess.dll (API version 3709383).
LogModuleManager: Display: Found up-to-date module file ../../../Engine/Plugins/Developer/VisualStudioSourceCodeAccess/Binaries/Win64/UE4Editor-VisualStudioSourceCodeAccess.dll (API version 3709383).
LogModuleManager: Display: Found up-to-date module file ../../../Engine/Plugins/Editor/AssetManagerEditor/Binaries/Win64/UE4Editor-AssetManagerEditor.dll (API version 3709383).
LogModuleManager: Display: Found up-to-date module file ../../../Engine/Plugins/Editor/AudioCapture/Binaries/Win64/UE4Editor-AudioCapture.dll (API version 3709383).
LogModuleManager: Display: Found up-to-date module file ../../../Engine/Plugins/Editor/FacialAnimation/Binaries/Win64/UE4Editor-FacialAnimation.dll (API version 3709383).
LogModuleManager: Display: Found up-to-date module file ../../../Engine/Plugins/Editor/FacialAnimation/Binaries/Win64/UE4Editor-FacialAnimationEditor.dll (API version 3709383).
LogModuleManager: Display: Found up-to-date module file ../../../Engine/Plugins/Editor/GameplayTagsEditor/Binaries/Win64/UE4Editor-GameplayTagsEditor.dll (API version 3709383).
LogModuleManager: Display: Found up-to-date module file ../../../Engine/Plugins/Editor/MobileLauncherProfileWizard/Binaries/Win64/UE4Editor-MobileLauncherProfileWizard.dll (API version 3709383).
LogModuleManager: Display: Found up-to-date module file ../../../Engine/Plugins/Editor/PluginBrowser/Binaries/Win64/UE4Editor-PluginBrowser.dll (API version 3709383).
LogModuleManager: Display: Found up-to-date module file ../../../Engine/Plugins/Editor/SpeedTreeImporter/Binaries/Win64/UE4Editor-SpeedTreeImporter.dll (API version 3709383).
LogModuleManager: Display: Found up-to-date module file ../../../Engine/Plugins/Experimental/AlembicImporter/Binaries/Win64/UE4Editor-AlembicImporter.dll (API version 3709383).
LogModuleManager: Display: Found up-to-date module file ../../../Engine/Plugins/Experimental/AlembicImporter/Binaries/Win64/UE4Editor-AlembicLibrary.dll (API version 3709383).
LogModuleManager: Display: Found up-to-date module file ../../../Engine/Plugins/Experimental/CharacterAI/Binaries/Win64/UE4Editor-CharacterAI.dll (API version 3709383).
LogModuleManager: Display: Found up-to-date module file ../../../Engine/Plugins/Experimental/HTML5Networking/Binaries/Win64/UE4Editor-HTML5Networking.dll (API version 3709383).
LogModuleManager: Display: Found up-to-date module file ../../../Engine/Plugins/Marketplace/Substance/Binaries/Win64/UE4Editor-SubstanceCore.dll (API version 3709383).
LogModuleManager: Display: Found up-to-date module file ../../../Engine/Plugins/Marketplace/Substance/Binaries/Win64/UE4Editor-SubstanceEditor.dll (API version 3709383).
LogModuleManager: Display: Found up-to-date module file ../../../Engine/Plugins/Marketplace/Substance/Binaries/Win64/UE4Editor-SubstanceSource.dll (API version 3709383).
LogModuleManager: Display: Found up-to-date module file ../../../Engine/Plugins/Marketplace/Substance/Binaries/Win64/UE4Editor-SubstanceLiveLink.dll (API version 3709383).
LogModuleManager: Display: Found up-to-date module file ../../../Engine/Plugins/Media/AndroidMedia/Binaries/Win64/UE4Editor-AndroidMediaEditor.dll (API version 3709383).
LogModuleManager: Display: Found up-to-date module file ../../../Engine/Plugins/Media/AndroidMedia/Binaries/Win64/UE4Editor-AndroidMediaFactory.dll (API version 3709383).
LogModuleManager: Display: Found up-to-date module file ../../../Engine/Plugins/Media/AvfMedia/Binaries/Win64/UE4Editor-AvfMediaEditor.dll (API version 3709383).
LogModuleManager: Display: Found up-to-date module file ../../../Engine/Plugins/Media/AvfMedia/Binaries/Win64/UE4Editor-AvfMediaFactory.dll (API version 3709383).
LogModuleManager: Display: Found up-to-date module file ../../../Engine/Plugins/Media/AvfMedia/Binaries/Win64/UE4Editor-AvfMediaFactory.dll (API version 3709383).
LogModuleManager: Display: Found up-to-date module file ../../../Engine/Plugins/Media/ImgMedia/Binaries/Win64/UE4Editor-ImgMedia.dll (API version 3709383).
LogModuleManager: Display: Found up-to-date module file ../../../Engine/Plugins/Media/ImgMedia/Binaries/Win64/UE4Editor-ImgMediaEditor.dll (API version 3709383).
LogModuleManager: Display: Found up-to-date module file ../../../Engine/Plugins/Media/ImgMedia/Binaries/Win64/UE4Editor-ImgMediaFactory.dll (API version 3709383).
LogModuleManager: Display: Found up-to-date module file ../../../Engine/Plugins/Media/ImgMedia/Binaries/Win64/UE4Editor-ImgMediaFactory.dll (API version 3709383).
LogModuleManager: Display: Found up-to-date module file ../../../Engine/Plugins/Media/ImgMedia/Binaries/Win64/UE4Editor-OpenExrWrapper.dll (API version 3709383).
LogModuleManager: Display: Found up-to-date module file ../../../Engine/Plugins/Media/MediaCompositing/Binaries/Win64/UE4Editor-MediaCompositing.dll (API version 3709383).
LogModuleManager: Display: Found up-to-date module file ../../../Engine/Plugins/Media/MediaCompositing/Binaries/Win64/UE4Editor-MediaCompositingEditor.dll (API version 3709383).
LogModuleManager: Display: Found up-to-date module file ../../../Engine/Plugins/Media/MediaPlayerEditor/Binaries/Win64/UE4Editor-MediaPlayerEditor.dll (API version 3709383).
LogModuleManager: Display: Found up-to-date module file ../../../Engine/Plugins/Media/WmfMedia/Binaries/Win64/UE4Editor-WmfMedia.dll (API version 3709383).
LogModuleManager: Display: Found up-to-date module file ../../../Engine/Plugins/Media/WmfMedia/Binaries/Win64/UE4Editor-WmfMediaEditor.dll (API version 3709383).
LogModuleManager: Display: Found up-to-date module file ../../../Engine/Plugins/Media/WmfMedia/Binaries/Win64/UE4Editor-WmfMediaFactory.dll (API version 3709383).
LogModuleManager: Display: Found up-to-date module file ../../../Engine/Plugins/Media/WmfMedia/Binaries/Win64/UE4Editor-WmfMediaFactory.dll (API version 3709383).
LogModuleManager: Display: Found up-to-date module file ../../../Engine/Plugins/Messaging/TcpMessaging/Binaries/Win64/UE4Editor-TcpMessaging.dll (API version 3709383).
LogModuleManager: Display: Found up-to-date module file ../../../Engine/Plugins/Messaging/UdpMessaging/Binaries/Win64/UE4Editor-UdpMessaging.dll (API version 3709383).
LogModuleManager: Display: Found up-to-date module file ../../../Engine/Plugins/MovieScene/ActorSequence/Binaries/Win64/UE4Editor-ActorSequence.dll (API version 3709383).
LogModuleManager: Display: Found up-to-date module file ../../../Engine/Plugins/MovieScene/LevelSequenceEditor/Binaries/Win64/UE4Editor-LevelSequenceEditor.dll (API version 3709383).
LogModuleManager: Display: Found up-to-date module file ../../../Engine/Plugins/MovieScene/MatineeToLevelSequence/Binaries/Win64/UE4Editor-MatineeToLevelSequence.dll (API version 3709383).
LogModuleManager: Display: Found up-to-date module file ../../../Engine/Plugins/Online/OnlineSubsystem/Binaries/Win64/UE4Editor-OnlineSubsystem.dll (API version 3709383).
LogModuleManager: Display: Found up-to-date module file ../../../Engine/Plugins/Online/OnlineSubsystemNull/Binaries/Win64/UE4Editor-OnlineSubsystemNull.dll (API version 3709383).
LogModuleManager: Display: Found up-to-date module file ../../../Engine/Plugins/Online/OnlineSubsystemUtils/Binaries/Win64/UE4Editor-OnlineSubsystemUtils.dll (API version 3709383).
LogModuleManager: Display: Found up-to-date module file ../../../Engine/Plugins/Online/OnlineSubsystemUtils/Binaries/Win64/UE4Editor-OnlineBlueprintSupport.dll (API version 3709383).
LogModuleManager: Display: Found up-to-date module file ../../../Engine/Plugins/Runtime/AndroidDeviceProfileSelector/Binaries/Win64/UE4Editor-AndroidDeviceProfileSelector.dll (API version 3709383).
LogModuleManager: Display: Found up-to-date module file ../../../Engine/Plugins/Runtime/AndroidPermission/Binaries/Win64/UE4Editor-AndroidPermission.dll (API version 3709383).
LogModuleManager: Display: Found up-to-date module file ../../../Engine/Plugins/Runtime/AppleARKit/Binaries/Win64/UE4Editor-AppleARKit.dll (API version 3709383).
LogModuleManager: Display: Found up-to-date module file ../../../Engine/Plugins/Runtime/ArchVisCharacter/Binaries/Win64/UE4Editor-ArchVisCharacter.dll (API version 3709383).
LogModuleManager: Display: Found up-to-date module file ../../../Engine/Plugins/Runtime/CableComponent/Binaries/Win64/UE4Editor-CableComponent.dll (API version 3709383).
LogModuleManager: Display: Found up-to-date module file ../../../Engine/Plugins/Runtime/CustomMeshComponent/Binaries/Win64/UE4Editor-CustomMeshComponent.dll (API version 3709383).
LogModuleManager: Display: Found up-to-date module file ../../../Engine/Plugins/Runtime/ExampleDeviceProfileSelector/Binaries/Win64/UE4Editor-ExampleDeviceProfileSelector.dll (API version 3709383).
LogModuleManager: Display: Found up-to-date module file ../../../Engine/Plugins/Runtime/ImmediatePhysics/Binaries/Win64/UE4Editor-ImmediatePhysics.dll (API version 3709383).
LogModuleManager: Display: Found up-to-date module file ../../../Engine/Plugins/Runtime/ImmediatePhysics/Binaries/Win64/UE4Editor-ImmediatePhysicsEditor.dll (API version 3709383).
LogModuleManager: Display: Found up-to-date module file ../../../Engine/Plugins/Runtime/LocationServicesBPLibrary/Binaries/Win64/UE4Editor-LocationServicesBPLibrary.dll (API version 3709383).
LogModuleManager: Display: Found up-to-date module file ../../../Engine/Plugins/Runtime/MobilePatchingUtils/Binaries/Win64/UE4Editor-MobilePatchingUtils.dll (API version 3709383).
LogModuleManager: Display: Found up-to-date module file ../../../Engine/Plugins/Runtime/Oculus/OculusVR/Binaries/Win64/UE4Editor-OculusHMD.dll (API version 3709383).
LogModuleManager: Display: Found up-to-date module file ../../../Engine/Plugins/Runtime/Oculus/OculusVR/Binaries/Win64/UE4Editor-OculusInput.dll (API version 3709383).
LogModuleManager: Display: Found up-to-date module file ../../../Engine/Plugins/Runtime/Oculus/OculusVR/Binaries/Win64/UE4Editor-OculusEditor.dll (API version 3709383).
LogModuleManager: Display: Found up-to-date module file ../../../Engine/Plugins/Runtime/PhysXVehicles/Binaries/Win64/UE4Editor-PhysXVehicles.dll (API version 3709383).
LogModuleManager: Display: Found up-to-date module file ../../../Engine/Plugins/Runtime/PhysXVehicles/Binaries/Win64/UE4Editor-PhysXVehiclesEditor.dll (API version 3709383).
LogModuleManager: Display: Found up-to-date module file ../../../Engine/Plugins/Runtime/ProceduralMeshComponent/Binaries/Win64/UE4Editor-ProceduralMeshComponent.dll (API version 3709383).
LogModuleManager: Display: Found up-to-date module file ../../../Engine/Plugins/Runtime/ProceduralMeshComponent/Binaries/Win64/UE4Editor-ProceduralMeshComponentEditor.dll (API version 3709383).
LogModuleManager: Display: Found up-to-date module file ../../../Engine/Plugins/Runtime/RuntimePhysXCooking/Binaries/Win64/UE4Editor-RuntimePhysXCooking.dll (API version 3709383).
LogModuleManager: Display: Found up-to-date module file ../../../Engine/Plugins/Runtime/WindowsMoviePlayer/Binaries/Win64/UE4Editor-WindowsMoviePlayer.dll (API version 3709383).
LogInit: Using libcurl 7.47.1
LogInit:  - built for x86_64-pc-win32
LogInit:  - supports SSL with OpenSSL/1.0.2g
LogInit:  - supports HTTP deflate (compression) using libz 1.2.8
LogInit:  - other features:
LogInit:      CURL_VERSION_SSL
LogInit:      CURL_VERSION_LIBZ
LogInit:      CURL_VERSION_IPV6
LogInit:      CURL_VERSION_ASYNCHDNS
LogInit:      CURL_VERSION_LARGEFILE
LogInit:      CURL_VERSION_IDN
LogInit:  CurlRequestOptions (configurable via config and command line):
LogInit:  - bVerifyPeer = false  - Libcurl will NOT verify peer certificate
LogInit:  - bUseHttpProxy = false  - Libcurl will NOT use HTTP proxy
LogInit:  - bDontReuseConnections = false  - Libcurl will reuse connections
LogInit:  - CertBundlePath = nullptr  - Libcurl will use whatever was configured at build time.
LogHMD: Failed initializing OVRPlugin 1.19.0
LogInit: Build: ++UE4+Release-4.18-CL-3794801
LogInit: Engine Version: 4.18.2-3794801+++UE4+Release-4.18
LogInit: Compatible Engine Version: 4.18.0-3709383+++UE4+Release-4.18
LogInit: Net CL: 3709383
LogDevObjectVersion: Number of dev versions registered: 16
LogDevObjectVersion:   Dev-Blueprints (B0D832E4-1F89-4F0D-ACCF-7EB736FD4AA2): 10
LogDevObjectVersion:   Dev-Build (E1C64328-A22C-4D53-A36C-8E866417BD8C): 0
LogDevObjectVersion:   Dev-Core (375EC13C-06E4-48FB-B500-84F0262A717E): 2
LogDevObjectVersion:   Dev-Editor (E4B068ED-F494-42E9-A231-DA0B2E46BB41): 20
LogDevObjectVersion:   Dev-Framework (CFFC743F-43B0-4480-9391-14DF171D2073): 30
LogDevObjectVersion:   Dev-Mobile (B02B49B5-BB20-44E9-A304-32B752E40360): 0
LogDevObjectVersion:   Dev-Networking (A4E4105C-59A1-49B5-A7C5-40C4547EDFEE): 0
LogDevObjectVersion:   Dev-Online (39C831C9-5AE6-47DC-9A44-9C173E1C8E7C): 0
LogDevObjectVersion:   Dev-Physics (78F01B33-EBEA-4F98-B9B4-84EACCB95AA2): 0
LogDevObjectVersion:   Dev-Platform (6631380F-2D4D-43E0-8009-CF276956A95A): 0
LogDevObjectVersion:   Dev-Rendering (12F88B9F-8875-4AFC-A67C-D90C383ABD29): 20
LogDevObjectVersion:   Dev-Sequencer (7B5AE74C-D270-4C10-A958-57980B212A5A): 4
LogDevObjectVersion:   Dev-VR (D7296918-1DD6-4BDD-9DE2-64A83CC13884): 0
LogDevObjectVersion:   Dev-LoadTimes (C2A15278-BFE7-4AFE-6C17-90FF531DF755): 1
LogDevObjectVersion:   Private-Geometry (6EACA3D4-40EC-4CC1-B786-8BED09428FC5): 1
LogDevObjectVersion:   Dev-AnimPhys (29E575DD-E0A3-4627-9D10-D276232CDCEA): 12
LogInit: Compiled (64-bit): Dec  8 2017 02:04:53
LogInit: Compiled with Visual C++: 19.00.24215.01
LogInit: Build Configuration: Development
LogInit: Branch Name: ++UE4+Release-4.18
LogInit: Command line:  
LogInit: Base directory: C:/Program Files/Epic Games/UE_4.18/Engine/Binaries/Win64/
LogInit: Installed Engine Build: 1
LogInit: Presizing for max 8388607 objects, including 0 objects not considered by GC, pre-allocating 0 bytes for permanent pool.
LogInit: Object subsystem initialized
[2018.02.28-21.12.18:543][  0]LogInit: Selected Device Profile: [Windows]
[2018.02.28-21.12.18:543][  0]LogInit: Applying CVar settings loaded from the selected device profile: [Windows]
[2018.02.28-21.12.18:559][  0]LogInit: Computer: DESKTOP-BL47S36
[2018.02.28-21.12.18:559][  0]LogInit: User: Shawnthebro
[2018.02.28-21.12.18:559][  0]LogInit: CPU Page size=4096, Cores=4
[2018.02.28-21.12.18:559][  0]LogInit: High frequency timer resolution =2.531250 MHz
[2018.02.28-21.12.18:559][  0]LogMemory: Memory total: Physical=15.9GB (16GB approx)
[2018.02.28-21.12.18:559][  0]LogMemory: Platform Memory Stats for Windows
[2018.02.28-21.12.18:559][  0]LogMemory: Process Physical Memory: 275.81 MB used, 275.81 MB peak
[2018.02.28-21.12.18:559][  0]LogMemory: Process Virtual Memory: 273.94 MB used, 273.94 MB peak
[2018.02.28-21.12.18:560][  0]LogMemory: Physical Memory: 6344.92 MB used,  9919.66 MB free, 16264.59 MB total
[2018.02.28-21.12.18:560][  0]LogMemory: Virtual Memory: 725.87 MB used,  9919.66 MB free, 134217728.00 MB total
[2018.02.28-21.12.18:783][  0]LogInit: Using OS detected language (en-US).
[2018.02.28-21.12.18:784][  0]LogInit: Using OS detected locale (en-US).
[2018.02.28-21.12.18:787][  0]LogTextLocalizationManager: No specific localization for 'en-US' exists, so the 'en' localization will be used.
[2018.02.28-21.12.19:273][  0]LogInit: Setting process to per monitor DPI aware
[2018.02.28-21.12.19:634][  0]LogD3D11RHI: D3D11 adapters:
[2018.02.28-21.12.20:325][  0]LogD3D11RHI:    0. 'NVIDIA Quadro M2000M' (Feature Level 11_0)
[2018.02.28-21.12.20:325][  0]LogD3D11RHI:       4062/0/8132 MB DedicatedVideo/DedicatedSystem/SharedSystem, Outputs:1, VendorId:0x10de
[2018.02.28-21.12.20:334][  0]LogD3D11RHI:    1. 'Intel(R) HD Graphics 530' (Feature Level 11_0)
[2018.02.28-21.12.20:334][  0]LogD3D11RHI:       128/0/8132 MB DedicatedVideo/DedicatedSystem/SharedSystem, Outputs:0, VendorId:0x8086
[2018.02.28-21.12.20:336][  0]LogD3D11RHI:    2. 'Microsoft Basic Render Driver' (Feature Level 11_0)
[2018.02.28-21.12.20:336][  0]LogD3D11RHI:       0/0/8132 MB DedicatedVideo/DedicatedSystem/SharedSystem, Outputs:0, VendorId:0x1414
[2018.02.28-21.12.20:336][  0]LogD3D11RHI: Chosen D3D11 Adapter: 0
[2018.02.28-21.12.20:350][  0]LogD3D11RHI: Creating new Direct3DDevice
[2018.02.28-21.12.20:350][  0]LogD3D11RHI:     GPU DeviceId: 0x13b0 (for the marketing name, search the web for "GPU Device Id")
[2018.02.28-21.12.20:350][  0]LogWindows: EnumDisplayDevices:
[2018.02.28-21.12.20:350][  0]LogWindows:    0. 'Intel(R) HD Graphics 530' (P:1 D:1)
[2018.02.28-21.12.20:350][  0]LogWindows:    1. 'Intel(R) HD Graphics 530' (P:0 D:0)
[2018.02.28-21.12.20:350][  0]LogWindows:    2. 'Intel(R) HD Graphics 530' (P:0 D:0)
[2018.02.28-21.12.20:351][  0]LogWindows:    3. 'NVIDIA Quadro M2000M' (P:0 D:0)
[2018.02.28-21.12.20:351][  0]LogWindows:    4. 'NVIDIA Quadro M2000M' (P:0 D:0)
[2018.02.28-21.12.20:351][  0]LogWindows:    5. 'NVIDIA Quadro M2000M' (P:0 D:0)
[2018.02.28-21.12.20:351][  0]LogWindows:    6. 'NVIDIA Quadro M2000M' (P:0 D:0)
[2018.02.28-21.12.20:351][  0]LogWindows: DebugString: GetVideoDriverDetailsInvalid PrimaryIsNotTheChoosenAdapter GetVideoDriverDetailsInvalid PrimaryIsNotTheChoosenAdapter GetVideoDriverDetailsInvalid PrimaryIsNotTheChoosenAdapter GetVideoDriverDetailsInvalid PrimaryIsNotTheChoosenAdapter GetVideoDriverDetailsInvalid PrimaryIsNotTheChoosenAdapter GetVideoDriverDetailsInvalid PrimaryIsNotTheChoosenAdapter GetVideoDriverDetailsInvalid PrimaryIsNotTheChoosenAdapter FoundDriverCount:0 
[2018.02.28-21.12.20:351][  0]LogD3D11RHI:     Adapter Name: NVIDIA Quadro M2000M
[2018.02.28-21.12.20:351][  0]LogD3D11RHI:   Driver Version: Unknown (internal:Unknown, unified:Unknown)
[2018.02.28-21.12.20:351][  0]LogD3D11RHI:      Driver Date: Unknown
[2018.02.28-21.12.20:351][  0]LogRHI: Texture pool is 2843 MB (70% of 4062 MB)
[2018.02.28-21.12.20:390][  0]LogD3D11RHI: Async texture creation enabled
[2018.02.28-21.12.20:406][  0]LogD3D11RHI: GPU Timing Frequency: 1000.000000 (Debug: 2 1)
[2018.02.28-21.12.20:407][  0]LogShaderCompilers: Guid format shader working directory is -30 characters bigger than the processId version (../../../../../../Users/Shawnthebro/Documents/GitHub/FightingGame/Super80sFighter/Intermediate/Shaders/WorkingDirectory/16708/).
[2018.02.28-21.12.20:408][  0]LogShaderCompilers: Cleaned the shader compiler working directory 'C:/Users/Shawnthebro/AppData/Local/Temp/UnrealShaderWorkingDir/604ACB5C477F8E9E9F2F2E89E1D1E1D5/'.
[2018.02.28-21.12.20:408][  0]LogShaderCompilers: Display: Using Local Shader Compiler.
[2018.02.28-21.12.21:636][  0]LogTemp: Display: Loaded TP AllDesktopTargetPlatform
[2018.02.28-21.12.21:720][  0]LogTemp: Display: Loaded TP MacClientTargetPlatform
[2018.02.28-21.12.21:799][  0]LogTemp: Display: Loaded TP MacNoEditorTargetPlatform
[2018.02.28-21.12.21:882][  0]LogTemp: Display: Loaded TP MacServerTargetPlatform
[2018.02.28-21.12.21:963][  0]LogTemp: Display: Loaded TP MacTargetPlatform
[2018.02.28-21.12.22:053][  0]LogTemp: Display: Loaded TP WindowsClientTargetPlatform
[2018.02.28-21.12.22:147][  0]LogTemp: Display: Loaded TP WindowsNoEditorTargetPlatform
[2018.02.28-21.12.22:227][  0]LogTemp: Display: Loaded TP WindowsServerTargetPlatform
[2018.02.28-21.12.22:292][  0]LogTemp: Display: Loaded TP WindowsTargetPlatform
[2018.02.28-21.12.22:368][  0]LogTemp: Display: Loaded TP Android_ASTCTargetPlatform
[2018.02.28-21.12.22:453][  0]LogTemp: Display: Loaded TP Android_ATCTargetPlatform
[2018.02.28-21.12.22:530][  0]LogTemp: Display: Loaded TP Android_DXTTargetPlatform
[2018.02.28-21.12.22:609][  0]LogTemp: Display: Loaded TP Android_ETC1TargetPlatform
[2018.02.28-21.12.22:709][  0]LogTemp: Display: Loaded TP Android_ETC2TargetPlatform
[2018.02.28-21.12.22:866][  0]LogTemp: Display: Loaded TP Android_MultiTargetPlatform
[2018.02.28-21.12.22:866][  0]LogTemp: Display: Loaded TP Android_PVRTCTargetPlatform
[2018.02.28-21.12.22:942][  0]LogTemp: Display: Loaded TP AndroidTargetPlatform
[2018.02.28-21.12.22:998][  0]LogTemp: Display: Loaded TP HTML5TargetPlatform
[2018.02.28-21.12.23:130][  0]LogTemp: Display: Loaded TP IOSTargetPlatform
[2018.02.28-21.12.23:172][  0]LogTemp: Display: Loaded TP TVOSTargetPlatform
[2018.02.28-21.12.23:253][  0]LogTemp: Display: Loaded TP LinuxClientTargetPlatform
[2018.02.28-21.12.23:330][  0]LogTemp: Display: Loaded TP LinuxNoEditorTargetPlatform
[2018.02.28-21.12.23:406][  0]LogTemp: Display: Loaded TP LinuxServerTargetPlatform
[2018.02.28-21.12.23:498][  0]LogTemp: Display: Loaded TP LinuxTargetPlatform
[2018.02.28-21.12.23:498][  0]LogTargetPlatformManager: Display: Building Assets For Windows
[2018.02.28-21.12.24:261][  0]LogDerivedDataCache: Display: Max Cache Size: 512 MB
[2018.02.28-21.12.24:376][  0]LogDerivedDataCache: Loaded boot cache 0.12s 89MB C:/Users/Shawnthebro/AppData/Local/UnrealEngine/4.18/DerivedDataCache/Boot.ddc.
[2018.02.28-21.12.24:376][  0]LogDerivedDataCache: Display: Loaded Boot cache: C:/Users/Shawnthebro/AppData/Local/UnrealEngine/4.18/DerivedDataCache/Boot.ddc
[2018.02.28-21.12.24:376][  0]LogDerivedDataCache: FDerivedDataBackendGraph:  Pak pak cache file ../../../../../../Users/Shawnthebro/Documents/GitHub/FightingGame/Super80sFighter/DerivedDataCache/DDC.ddp not found, will not use a pak cache.
[2018.02.28-21.12.24:377][  0]LogDerivedDataCache: Unable to find inner node Pak for hierarchical cache Hierarchy.
[2018.02.28-21.12.24:377][  0]LogDerivedDataCache: FDerivedDataBackendGraph:  CompressedPak pak cache file ../../../../../../Users/Shawnthebro/Documents/GitHub/FightingGame/Super80sFighter/DerivedDataCache/Compressed.ddp not found, will not use a pak cache.
[2018.02.28-21.12.24:377][  0]LogDerivedDataCache: Unable to find inner node CompressedPak for hierarchical cache Hierarchy.
[2018.02.28-21.12.24:398][  0]LogDerivedDataCache: Display: Pak cache opened for reading ../../../Engine/DerivedDataCache/Compressed.ddp.
[2018.02.28-21.12.24:412][  0]LogDerivedDataCache: Using Local data cache path C:/Users/Shawnthebro/AppData/Local/UnrealEngine/Common/DerivedDataCache: Writable
[2018.02.28-21.12.24:424][  0]LogMaterial: Verifying Global Shaders for PCD3D_SM5
[2018.02.28-21.12.24:424][  0]LogSlate: Using Freetype 2.6.0
[2018.02.28-21.12.24:425][  0]LogSlate: SlateFontCache - WITH_FREETYPE: 1, WITH_HARFBUZZ: 1
[2018.02.28-21.12.24:425][  0]LogSlate: SlateFontCache - WITH_FREETYPE: 1, WITH_HARFBUZZ: 1
[2018.02.28-21.12.24:902][  0]LogInit: Selected Device Profile: [Windows]
[2018.02.28-21.12.25:400][  0]LogSimplygon: Simplygon DLL not present - disabling.
[2018.02.28-21.12.25:463][  0]LogMeshReduction: Using SimplygonSwarm for distributed automatic mesh merging
[2018.02.28-21.12.25:463][  0]LogMeshReduction: Using QuadricMeshReduction for automatic static mesh reduction
[2018.02.28-21.12.25:463][  0]LogMeshReduction: No automatic skeletal mesh reduction module available
[2018.02.28-21.12.25:463][  0]LogMeshReduction: No automatic mesh merging module available
[2018.02.28-21.12.25:463][  0]LogMeshMerging: No automatic mesh merging module available
[2018.02.28-21.12.25:512][  0]LogNetVersion: Super80sFighter , NetCL: 3709383, EngineNetVer: 2, GameNetVer: 0 (Checksum: 2015644251)
[2018.02.28-21.12.25:740][  0]LogAssetRegistry: FAssetRegistry took 0.0283 seconds to start up
[2018.02.28-21.12.26:442][  0]LogPackageLocalizationCache: Processed 6 localized package path(s) for 2 prioritized culture(s) in 0.086624 seconds
[2018.02.28-21.12.26:449][  0]LogUObjectArray: 35703 objects as part of root set at end of initial load.
[2018.02.28-21.12.26:449][  0]LogUObjectAllocator: 7338024 out of 0 bytes used by permanent object pool.
[2018.02.28-21.12.26:449][  0]LogUObjectArray: CloseDisregardForGC: 0/0 objects in disregard for GC pool
[2018.02.28-21.12.26:543][  0]LogInit: WinSock: version 1.1 (2.2), MaxSocks=32767, MaxUdp=65467
[2018.02.28-21.12.30:476][  0]LogSubstanceCoreModule: Substance [CPU] Engine Loaded, Max Texture Size = 2048
[2018.02.28-21.12.30:521][  0]LogTcpMessaging: Initializing TcpMessaging bridge
[2018.02.28-21.12.30:577][  0]LogUdpMessaging: Initializing bridge on interface 0.0.0.0:0 to multicast group 230.0.0.1:6666.
[2018.02.28-21.12.32:209][  0]LogMaterial: Uniform references updated for custom material expression Custom.
[2018.02.28-21.12.32:866][  0]SourceControl: Source control is disabled
[2018.02.28-21.12.32:866][  0]SourceControl: Source control is disabled
[2018.02.28-21.12.32:953][  0]SourceControl: Source control is disabled
[2018.02.28-21.12.33:040][  0]SourceControl: Source control is disabled
[2018.02.28-21.12.34:309][  0]LogAndroidPermission: UAndroidPermissionCallbackProxy::GetInstance
[2018.02.28-21.12.34:732][  0]LogOcInput: OculusInput pre-init called
[2018.02.28-21.12.35:402][  0]LogEngine: Initializing Engine...
[2018.02.28-21.12.35:680][  0]LogStats: UGameplayTagsManager::ConstructGameplayTagTree: Construct from data asset -  0.000 s
[2018.02.28-21.12.35:680][  0]LogStats: UGameplayTagsManager::ConstructGameplayTagTree: GameplayTagTreeChangedEvent.Broadcast -  0.000 s
[2018.02.28-21.12.35:892][  0]LogAIModule: Creating AISystem for world Untitled
[2018.02.28-21.12.35:903][  0]LogInit: XAudio2 using 'Speakers (2- Conexant ISST Audio)' : 2 channels at 48 kHz using 32 bits per sample (channel mask 0x3)
[2018.02.28-21.12.36:021][  0]LogInit: FAudioDevice initialized.
[2018.02.28-21.12.36:101][  0]LogDerivedDataCache: Saved boot cache 0.08s 89MB C:/Users/Shawnthebro/AppData/Local/UnrealEngine/4.18/DerivedDataCache/Boot.ddc.
[2018.02.28-21.12.36:124][  0]LogInit: Texture streaming: Enabled
[2018.02.28-21.12.36:294][  0]LogEngineSessionManager: EngineSessionManager initialized
[2018.02.28-21.12.36:525][  0]LogInit: Transaction tracking system initialized
[2018.02.28-21.12.37:035][  0]BlueprintLog: New page: Editor Load
[2018.02.28-21.12.38:665][  0]LocalizationService: Localization service is disabled
[2018.02.28-21.12.39:889][  0]LogConsoleResponse: Display: 
[2018.02.28-21.12.40:106][  0]LogCook: Display: Max memory allowance for cook 16384mb min free memory 0mb
[2018.02.28-21.12.40:106][  0]LogCook: Display: Mobile HDR setting 1
[2018.02.28-21.12.40:106][  0]LogGameplayTags: Display: UGameplayTagsManager::DoneAddingNativeTags. DelegateIsBound: 0
[2018.02.28-21.12.41:155][  0]LogFileCache: Scanning file cache for directory 'C:/Users/Shawnthebro/Documents/GitHub/FightingGame/Super80sFighter/Content/' took 0.02s
[2018.02.28-21.12.42:035][  0]SourceControl: Source control is disabled
[2018.02.28-21.12.42:035][  0]Cmd: MAP LOAD FILE="../../../../../../Users/Shawnthebro/Documents/GitHub/FightingGame/Super80sFighter/Content/SideScrollerCPP/Maps/Main_Menu.umap" TEMPLATE=0 SHOWPROGRESS=1 FEATURELEVEL=3
[2018.02.28-21.12.42:036][  0]LightingResults: New page: Lighting Build
[2018.02.28-21.12.42:105][  0]MapCheck: New page: Map Check
[2018.02.28-21.12.42:105][  0]LightingResults: New page: Lighting Build
[2018.02.28-21.12.42:231][  0]LogLinker: Warning: Can't find file '/Game/SideScrollerCPP/Blueprints/HUD/UI/DojoLevelImage'
[2018.02.28-21.12.42:231][  0]LogLinker: Warning: Can't find file for asset '/Game/SideScrollerCPP/Blueprints/HUD/UI/DojoLevelImage' while loading ../../../../../../Users/Shawnthebro/Documents/GitHub/FightingGame/Super80sFighter/Content/SideScrollerCPP/Blueprints/HUD/Level_Screen.uasset.
[2018.02.28-21.12.42:231][  0]LoadErrors: Error: /Game/SideScrollerCPP/Blueprints/HUD/Level_Screen : Can't find file for asset. /Game/SideScrollerCPP/Blueprints/HUD/UI/DojoLevelImage
[2018.02.28-21.12.42:234][  0]LogLinker: Warning: Can't find file '/Game/SideScrollerCPP/Blueprints/HUD/UI/DojoLevelImage'
[2018.02.28-21.12.42:235][  0]LogLinker: Warning: Can't find file for asset '/Game/SideScrollerCPP/Blueprints/HUD/UI/DojoLevelImage' while loading ../../../../../../Users/Shawnthebro/Documents/GitHub/FightingGame/Super80sFighter/Content/SideScrollerCPP/Blueprints/HUD/Level_Screen.uasset.
[2018.02.28-21.12.42:235][  0]LoadErrors: Error: /Game/SideScrollerCPP/Blueprints/HUD/Level_Screen : Can't find file for asset. /Game/SideScrollerCPP/Blueprints/HUD/UI/DojoLevelImage
[2018.02.28-21.12.42:236][  0]LogLinker: Warning: Can't find file '/Game/SideScrollerCPP/Blueprints/HUD/UI/DojoLevelImage'
[2018.02.28-21.12.42:237][  0]LogLinker: Warning: Can't find file for asset '/Game/SideScrollerCPP/Blueprints/HUD/UI/DojoLevelImage' while loading ../../../../../../Users/Shawnthebro/Documents/GitHub/FightingGame/Super80sFighter/Content/SideScrollerCPP/Blueprints/HUD/Game_Mode_Screen.uasset.
[2018.02.28-21.12.42:237][  0]LoadErrors: Error: /Game/SideScrollerCPP/Blueprints/HUD/Game_Mode_Screen : Can't find file for asset. /Game/SideScrollerCPP/Blueprints/HUD/UI/DojoLevelImage
[2018.02.28-21.12.42:237][  0]LogLinker: Warning: Can't find file '/Game/SideScrollerCPP/Blueprints/HUD/UI/DojoLevelImage'
[2018.02.28-21.12.42:237][  0]LogLinker: Warning: Can't find file for asset '/Game/SideScrollerCPP/Blueprints/HUD/UI/DojoLevelImage' while loading ../../../../../../Users/Shawnthebro/Documents/GitHub/FightingGame/Super80sFighter/Content/SideScrollerCPP/Blueprints/HUD/Game_Mode_Screen.uasset.
[2018.02.28-21.12.42:237][  0]LoadErrors: Error: /Game/SideScrollerCPP/Blueprints/HUD/Game_Mode_Screen : Can't find file for asset. /Game/SideScrollerCPP/Blueprints/HUD/UI/DojoLevelImage
[2018.02.28-21.12.42:246][  0]LogLinker: Warning: Can't find file '/Game/SideScrollerCPP/Blueprints/HUD/UI/DojoLevelImage'
[2018.02.28-21.12.42:246][  0]LoadErrors: Failed to load /Game/SideScrollerCPP/Blueprints/HUD/UI/DojoLevelImage.DojoLevelImage Referenced by K2Node_MakeStruct_43
[2018.02.28-21.12.42:246][  0]LogLinker: Warning: Can't find file for asset '/Game/SideScrollerCPP/Blueprints/HUD/UI/DojoLevelImage' while loading ../../../../../../Users/Shawnthebro/Documents/GitHub/FightingGame/Super80sFighter/Content/SideScrollerCPP/Blueprints/HUD/Game_Mode_Screen.uasset.
[2018.02.28-21.12.42:246][  0]LoadErrors: Failed to load /Game/SideScrollerCPP/Blueprints/HUD/UI/DojoLevelImage.DojoLevelImage Referenced by K2Node_MakeStruct_43
[2018.02.28-21.12.42:246][  0]LoadErrors: Error: /Game/SideScrollerCPP/Blueprints/HUD/Game_Mode_Screen : Can't find file for asset. /Game/SideScrollerCPP/Blueprints/HUD/UI/DojoLevelImage
[2018.02.28-21.12.42:254][  0]LogLinker: Warning: Can't find file '/Game/SideScrollerCPP/Blueprints/HUD/UI/Base'
[2018.02.28-21.12.42:254][  0]LogLinker: Warning: Can't find file for asset '/Game/SideScrollerCPP/Blueprints/HUD/UI/Base' while loading ../../../../../../Users/Shawnthebro/Documents/GitHub/FightingGame/Super80sFighter/Content/SideScrollerCPP/Blueprints/HUD/Game_Mode_Screen.uasset.
[2018.02.28-21.12.42:255][  0]LoadErrors: Error: /Game/SideScrollerCPP/Blueprints/HUD/Game_Mode_Screen : Can't find file for asset. /Game/SideScrollerCPP/Blueprints/HUD/UI/Base
[2018.02.28-21.12.42:259][  0]LogLinker: Warning: Can't find file '/Game/SideScrollerCPP/Blueprints/HUD/UI/Base'
[2018.02.28-21.12.42:259][  0]LogLinker: Warning: Can't find file for asset '/Game/SideScrollerCPP/Blueprints/HUD/UI/Base' while loading ../../../../../../Users/Shawnthebro/Documents/GitHub/FightingGame/Super80sFighter/Content/SideScrollerCPP/Blueprints/HUD/Game_Mode_Screen.uasset.
[2018.02.28-21.12.42:259][  0]LoadErrors: Error: /Game/SideScrollerCPP/Blueprints/HUD/Game_Mode_Screen : Can't find file for asset. /Game/SideScrollerCPP/Blueprints/HUD/UI/Base
[2018.02.28-21.12.42:265][  0]LogLinker: Warning: Can't find file '/Game/SideScrollerCPP/Blueprints/HUD/UI/Base'
[2018.02.28-21.12.42:265][  0]LoadErrors: Failed to load /Game/SideScrollerCPP/Blueprints/HUD/UI/Base.Base Referenced by K2Node_MakeStruct_43
[2018.02.28-21.12.42:265][  0]LogLinker: Warning: Can't find file for asset '/Game/SideScrollerCPP/Blueprints/HUD/UI/Base' while loading ../../../../../../Users/Shawnthebro/Documents/GitHub/FightingGame/Super80sFighter/Content/SideScrollerCPP/Blueprints/HUD/Game_Mode_Screen.uasset.
[2018.02.28-21.12.42:265][  0]LoadErrors: Failed to load /Game/SideScrollerCPP/Blueprints/HUD/UI/Base.Base Referenced by K2Node_MakeStruct_43
[2018.02.28-21.12.42:265][  0]LoadErrors: Error: /Game/SideScrollerCPP/Blueprints/HUD/Game_Mode_Screen : Can't find file for asset. /Game/SideScrollerCPP/Blueprints/HUD/UI/Base
[2018.02.28-21.12.42:266][  0]LogLinker: Warning: Can't find file '/Game/SideScrollerCPP/Blueprints/HUD/UI/Base'
[2018.02.28-21.12.42:266][  0]LoadErrors: Failed to load /Game/SideScrollerCPP/Blueprints/HUD/UI/Base.Base Referenced by K2Node_MakeStruct_44
[2018.02.28-21.12.42:266][  0]LogLinker: Warning: Can't find file for asset '/Game/SideScrollerCPP/Blueprints/HUD/UI/Base' while loading ../../../../../../Users/Shawnthebro/Documents/GitHub/FightingGame/Super80sFighter/Content/SideScrollerCPP/Blueprints/HUD/Game_Mode_Screen.uasset.
[2018.02.28-21.12.42:266][  0]LoadErrors: Failed to load /Game/SideScrollerCPP/Blueprints/HUD/UI/Base.Base Referenced by K2Node_MakeStruct_44
[2018.02.28-21.12.42:266][  0]LoadErrors: Error: /Game/SideScrollerCPP/Blueprints/HUD/Game_Mode_Screen : Can't find file for asset. /Game/SideScrollerCPP/Blueprints/HUD/UI/Base
[2018.02.28-21.12.42:437][  0]LogLinker: Warning: Can't find file '/Game/SideScrollerCPP/Blueprints/HUD/UI/Base'
[2018.02.28-21.12.42:437][  0]LogLinker: Warning: Can't find file for asset '/Game/SideScrollerCPP/Blueprints/HUD/UI/Base' while loading ../../../../../../Users/Shawnthebro/Documents/GitHub/FightingGame/Super80sFighter/Content/SideScrollerCPP/Blueprints/HUD/Character_Screen.uasset.
[2018.02.28-21.12.42:437][  0]LoadErrors: Error: /Game/SideScrollerCPP/Blueprints/HUD/Character_Screen : Can't find file for asset. /Game/SideScrollerCPP/Blueprints/HUD/UI/Base
[2018.02.28-21.12.42:439][  0]LogLinker: Warning: Can't find file '/Game/SideScrollerCPP/Blueprints/HUD/UI/Base'
[2018.02.28-21.12.42:439][  0]LogLinker: Warning: Can't find file for asset '/Game/SideScrollerCPP/Blueprints/HUD/UI/Base' while loading ../../../../../../Users/Shawnthebro/Documents/GitHub/FightingGame/Super80sFighter/Content/SideScrollerCPP/Blueprints/HUD/Character_Screen.uasset.
[2018.02.28-21.12.42:439][  0]LoadErrors: Error: /Game/SideScrollerCPP/Blueprints/HUD/Character_Screen : Can't find file for asset. /Game/SideScrollerCPP/Blueprints/HUD/UI/Base
[2018.02.28-21.12.42:740][  0]LogAIModule: Creating AISystem for world Main_Menu
[2018.02.28-21.12.42:741][  0]LogEditorServer: Finished looking for orphan Actors (0.000 secs)
[2018.02.28-21.12.42:759][  0]Cmd: MAP CHECKDEP NOCLEARLOG
[2018.02.28-21.12.42:842][  0]MapCheck: Map check complete: 0 Error(s), 0 Warning(s), took 82.886ms to complete.
[2018.02.28-21.12.42:842][  0]LogFileHelpers: Loading map 'Main_Menu' took 0.807
[2018.02.28-21.12.43:056][  0]LogCollectionManager: Loaded 0 collections in 0.003842 seconds
[2018.02.28-21.12.43:158][  0]LogFileCache: Scanning file cache for directory 'C:/Users/Shawnthebro/Documents/GitHub/FightingGame/Super80sFighter/Saved/Collections/' took 0.01s
[2018.02.28-21.12.43:158][  0]LogFileCache: Scanning file cache for directory 'C:/Users/Shawnthebro/Documents/GitHub/FightingGame/Super80sFighter/Content/Developers/Shawnthebro/Collections/' took 0.01s
[2018.02.28-21.12.43:158][  0]LogFileCache: Scanning file cache for directory 'C:/Users/Shawnthebro/Documents/GitHub/FightingGame/Super80sFighter/Content/Collections/' took 0.01s
[2018.02.28-21.12.43:158][  0]LogCollectionManager: Rebuilt the GUID cache for 0 collections in 0.000000 seconds
[2018.02.28-21.12.43:170][  0]LogContentBrowser: Native class hierarchy populated in 0.0114 seconds. Added 2382 classes and 522 folders.
[2018.02.28-21.12.43:275][  0]LogContentBrowser: Native class hierarchy updated for 'WidgetCarousel' in 0.0007 seconds. Added 0 classes and 0 folders.
[2018.02.28-21.12.43:325][  0]LogContentBrowser: Native class hierarchy updated for 'AddContentDialog' in 0.0009 seconds. Added 0 classes and 0 folders.
[2018.02.28-21.12.43:400][  0]LogContentBrowser: Native class hierarchy updated for 'SceneOutliner' in 0.0009 seconds. Added 1 classes and 2 folders.
[2018.02.28-21.12.43:459][  0]LogSlate: Took 0.000411 seconds to synchronously load lazily loaded font '../../../Engine/Content/Slate/Fonts/Roboto-Regular.ttf' (155K)
[2018.02.28-21.12.43:463][  0]LogSlate: Took 0.000364 seconds to synchronously load lazily loaded font '../../../Engine/Content/Slate/Fonts/Roboto-Bold.ttf' (160K)
[2018.02.28-21.12.43:477][  0]LogSlate: Took 0.001855 seconds to synchronously load lazily loaded font '../../../Engine/Content/Editor/Slate/Fonts/FontAwesome.ttf' (139K)
[2018.02.28-21.12.43:613][  0]LogRenderer: Reallocating scene render targets to support 1208x576 Format 10 NumSamples 1 (Frame:1).
[2018.02.28-21.12.43:681][  0]LogSlate: Took 0.000209 seconds to synchronously load lazily loaded font '../../../Engine/Content/Slate/Fonts/Roboto-Light.ttf' (159K)
[2018.02.28-21.12.43:903][  0]LogContentBrowser: Native class hierarchy updated for 'HierarchicalLODOutliner' in 0.0011 seconds. Added 1 classes and 2 folders.
[2018.02.28-21.12.43:903][  0]LogLoad: (Engine Initialization) Total time: 29.63 seconds
[2018.02.28-21.12.43:903][  0]LogLoad: (Engine Initialization) Total Blueprint compile time: 0.00 seconds
[2018.02.28-21.12.43:903][  0]LogExternalProfiler: Found external profiler: VSPerf
[2018.02.28-21.12.43:903][  0]LogExternalProfiler: Using external profiler: VSPerf
[2018.02.28-21.12.43:914][  0]LogWindowsTextInputMethodSystem: Display: IME system now deactivated.
[2018.02.28-21.12.43:947][  0]LogContentStreaming: Texture pool size now 1000 MB
[2018.02.28-21.12.44:052][  1]LogSubstanceLiveLink: Warning: Unable to send data along socket, closing connection
[2018.02.28-21.12.44:059][  1]LogFileCache: Retrieving MD5 hashes for directory 'C:/Users/Shawnthebro/Documents/GitHub/FightingGame/Super80sFighter/Content/' took 0.13s
[2018.02.28-21.12.44:079][  1]LogAssetRegistry: Asset discovery search completed in 18.3617 seconds
[2018.02.28-21.12.44:081][  1]LogCollectionManager: Rebuilt the object cache for 0 collections in 0.000001 seconds (found 0 objects)
[2018.02.28-21.12.44:081][  1]LogCollectionManager: Fixed up redirectors for 0 collections in 0.000100 seconds (updated 0 objects)
[2018.02.28-21.12.46:935][242]LogSlate: Took 0.000229 seconds to synchronously load lazily loaded font '../../../Engine/Content/Slate/Fonts/Roboto-Light.ttf' (159K)
[2018.02.28-21.12.50:032][553]AssetReimport: New page: Outstanding source content changes 11:12:50 AM
[2018.02.28-21.12.50:033][553]LogFactory: FactoryCreateFile: Texture with ReimportTextureFactory (0 0 C:/Users/Shawnthebro/Documents/GitHub/FightingGame/Super80sFighter/Content/SideScrollerCPP/Blueprints/HUD/UI/Base.png)
[2018.02.28-21.12.50:078][554]LogFactory: FactoryCreateFile: Texture with ReimportTextureFactory (0 0 C:/Users/Shawnthebro/Documents/GitHub/FightingGame/Super80sFighter/Content/SideScrollerCPP/Blueprints/HUD/UI/DojoLevelImage.png)
[2018.02.28-21.12.50:220][555]LogSlate: Took 0.000171 seconds to synchronously load lazily loaded font '../../../Engine/Content/Slate/Fonts/Roboto-Light.ttf' (159K)
[2018.02.28-21.12.50:309][555]LogSavePackage: Save=35.70ms
[2018.02.28-21.12.50:309][555]LogSavePackage: Moving '../../../../../../Users/Shawnthebro/Documents/GitHub/FightingGame/Super80sFighter/Saved/Base3D911EB743E146E93AF66695DEE66079.tmp' to '../../../../../../Users/Shawnthebro/Documents/GitHub/FightingGame/Super80sFighter/Content/SideScrollerCPP/Blueprints/HUD/UI/Base.uasset'
[2018.02.28-21.12.50:313][555]LogSavePackage: Display: Finished SavePackage ../../../../../../Users/Shawnthebro/Documents/GitHub/FightingGame/Super80sFighter/Content/SideScrollerCPP/Blueprints/HUD/UI/Base.uasset
[2018.02.28-21.12.50:481][555]LogSavePackage: Save=139.79ms
[2018.02.28-21.12.50:481][555]LogSavePackage: Moving '../../../../../../Users/Shawnthebro/Documents/GitHub/FightingGame/Super80sFighter/Saved/DojoLevelImage6378661141E0AE946212BCAECEF5C1E6.tmp' to '../../../../../../Users/Shawnthebro/Documents/GitHub/FightingGame/Super80sFighter/Content/SideScrollerCPP/Blueprints/HUD/UI/DojoLevelImage.uasset'
[2018.02.28-21.12.50:488][555]LogSavePackage: Display: Finished SavePackage ../../../../../../Users/Shawnthebro/Documents/GitHub/FightingGame/Super80sFighter/Content/SideScrollerCPP/Blueprints/HUD/UI/DojoLevelImage.uasset
[2018.02.28-21.12.52:236][733]LogTemp: Repeating last play command: New Editor Window (PIE)
[2018.02.28-21.12.52:314][733]LogBlueprintUserMessages: Early PlayInEditor Detection: Level '/Game/SideScrollerCPP/Maps/Main_Menu.Main_Menu:PersistentLevel' has LevelScriptBlueprint '/Game/SideScrollerCPP/Maps/Main_Menu.Main_Menu:PersistentLevel.Main_Menu' with GeneratedClass '/Game/SideScrollerCPP/Maps/Main_Menu.Main_Menu_C' with ClassGeneratedBy '/Game/SideScrollerCPP/Maps/Main_Menu.Main_Menu:PersistentLevel.Main_Menu'
[2018.02.28-21.12.52:314][733]LogPlayLevel: PlayLevel: No blueprints needed recompiling
[2018.02.28-21.12.52:315][733]PIE: New page: PIE session: Main_Menu (Feb 28, 2018, 11:12:52 AM)
[2018.02.28-21.12.52:315][733]LogPlayLevel: Creating play world package: /Game/SideScrollerCPP/Maps/UEDPIE_0_Main_Menu
[2018.02.28-21.12.52:316][733]LogPlayLevel: PIE: StaticDuplicateObject took: (0.001050s)
[2018.02.28-21.12.52:317][733]LogAIModule: Creating AISystem for world Main_Menu
[2018.02.28-21.12.52:317][733]LogPlayLevel: PIE: World Init took: (0.000668s)
[2018.02.28-21.12.52:317][733]LogPlayLevel: PIE: Created PIE world by copying editor world from /Game/SideScrollerCPP/Maps/Main_Menu.Main_Menu to /Game/SideScrollerCPP/Maps/UEDPIE_0_Main_Menu.Main_Menu (0.002061s)
[2018.02.28-21.12.52:331][733]LogInit: XAudio2 using 'Speakers (2- Conexant ISST Audio)' : 2 channels at 48 kHz using 32 bits per sample (channel mask 0x3)
[2018.02.28-21.12.52:337][733]LogInit: FAudioDevice initialized.
[2018.02.28-21.12.52:396][733]LogLoad: Game class is 'MySuper80sFighterGameMode_C'
[2018.02.28-21.12.52:399][733]LogWorld: Bringing World /Game/SideScrollerCPP/Maps/UEDPIE_0_Main_Menu.Main_Menu up for play (max tick rate 0) at 2018.02.28-16.12.52
[2018.02.28-21.12.52:400][733]LogWorld: Bringing up level for play took: 0.000774
[2018.02.28-21.12.52:472][733]LogContentBrowser: Native class hierarchy updated for 'MovieSceneCapture' in 0.0009 seconds. Added 11 classes and 0 folders.
[2018.02.28-21.12.52:485][733]PIE: Play in editor start time for /Game/SideScrollerCPP/Maps/UEDPIE_0_Main_Menu -0.639
[2018.02.28-21.12.52:485][733]LogBlueprintUserMessages: Late PlayInEditor Detection: Level '/Game/SideScrollerCPP/Maps/Main_Menu.Main_Menu:PersistentLevel' has LevelScriptBlueprint '/Game/SideScrollerCPP/Maps/Main_Menu.Main_Menu:PersistentLevel.Main_Menu' with GeneratedClass '/Game/SideScrollerCPP/Maps/Main_Menu.Main_Menu_C' with ClassGeneratedBy '/Game/SideScrollerCPP/Maps/Main_Menu.Main_Menu:PersistentLevel.Main_Menu'
[2018.02.28-21.12.52:493][733]LogRenderer: Reallocating scene render targets to support 1292x756 Format 10 NumSamples 1 (Frame:1).
[2018.02.28-21.12.52:493][733]LogAudio: Warning: Detected orphaned looping sound '_80s_Sample_4_Cue'.
[2018.02.28-21.12.53:506][798]AssetReimport: Importing new asset /Game/SideScrollerCPP/Blueprints/HUD/UI/Base.
[2018.02.28-21.12.53:506][798]AssetReimport: Importing new asset /Game/SideScrollerCPP/Blueprints/HUD/UI/DojoLevelImage.
[2018.02.28-21.13.00:825][354]LogNet: Browse: /Game/SideScrollerCPP/Maps/SideScrollerExampleMap
[2018.02.28-21.13.00:825][354]LogLoad: LoadMap: /Game/SideScrollerCPP/Maps/SideScrollerExampleMap
[2018.02.28-21.13.02:341][354]LogAIModule: Creating AISystem for world SideScrollerExampleMap
[2018.02.28-21.13.02:342][354]LogLoad: Game class is 'MySuper80sFighterGameMode_C'
[2018.02.28-21.13.02:350][354]LogWorld: Bringing World /Game/SideScrollerCPP/Maps/UEDPIE_0_SideScrollerExampleMap.SideScrollerExampleMap up for play (max tick rate 0) at 2018.02.28-16.13.02
[2018.02.28-21.13.02:351][354]LogWorld: Bringing up level for play took: 0.007379
[2018.02.28-21.13.02:357][354]LogPlayerManagement: Error: Failed to Create Player: A local player already exists for controller ID 1,
[2018.02.28-21.13.02:362][354]LogLoad: Took 1.536392 seconds to LoadMap(/Game/SideScrollerCPP/Maps/SideScrollerExampleMap)
[2018.02.28-21.13.02:365][354]LogAudio: Warning: Detected orphaned looping sound '_80s_Sample_4_Cue'.
[2018.02.28-21.13.02:467][357]LogBlueprintUserMessages: Early EndPlayMap Detection: Level '/Game/SideScrollerCPP/Maps/Main_Menu.Main_Menu:PersistentLevel' has LevelScriptBlueprint '/Game/SideScrollerCPP/Maps/Main_Menu.Main_Menu:PersistentLevel.Main_Menu' with GeneratedClass '/Game/SideScrollerCPP/Maps/Main_Menu.Main_Menu_C' with ClassGeneratedBy '/Game/SideScrollerCPP/Maps/Main_Menu.Main_Menu:PersistentLevel.Main_Menu'
[2018.02.28-21.13.02:571][357]LogBlueprintUserMessages: Late EndPlayMap Detection: Level '/Game/SideScrollerCPP/Maps/Main_Menu.Main_Menu:PersistentLevel' has LevelScriptBlueprint '/Game/SideScrollerCPP/Maps/Main_Menu.Main_Menu:PersistentLevel.Main_Menu' with GeneratedClass '/Game/SideScrollerCPP/Maps/Main_Menu.Main_Menu_C' with ClassGeneratedBy '/Game/SideScrollerCPP/Maps/Main_Menu.Main_Menu:PersistentLevel.Main_Menu'
[2018.02.28-21.40.28:733][464]LogHotReload: New module detected: UE4Editor-Super80sFighter-4336-Win64-DebugGame.dll
[2018.02.28-21.40.29:751][468]LogHotReload: Starting Hot-Reload from IDE
[2018.02.28-21.40.29:891][468]LogClass: EHITBOX_TYPE HotReload.
[2018.02.28-21.40.29:891][468]LogClass: EInputTypes HotReload.
[2018.02.28-21.40.29:891][468]LogClass: EMenuState HotReload.
[2018.02.28-21.40.29:891][468]LogClass: ECharacterEnum HotReload.
[2018.02.28-21.40.29:891][468]LogClass: ScoreSystem HotReload.
[2018.02.28-21.40.29:891][468]LogClass: HighScore HotReload.
[2018.02.28-21.40.29:896][468]LogHotReload: Re-instancing Hitbox after hot-reload.
[2018.02.28-21.40.29:994][468]LogContentBrowser: Native class hierarchy updated for 'Super80sFighter' in 0.0012 seconds. Added 8 classes and 2 folders.
[2018.02.28-21.40.29:997][468]Display: HotReload successful (29 functions remapped  2 scriptstructs remapped)
[2018.02.28-21.40.30:085][468]LogContentBrowser: Native class hierarchy populated in 0.0111 seconds. Added 2384 classes and 526 folders.
[2018.02.28-21.40.30:090][468]Display: HotReload took  0.3s.
[2018.02.28-21.40.48:100][522]LogHotReload: New module detected: UE4Editor-Super80sFighter-8403-Win64-DebugGame.dll
[2018.02.28-21.40.49:457][527]LogHotReload: Starting Hot-Reload from IDE
[2018.02.28-21.40.49:620][527]LogClass: EHITBOX_TYPE HotReload.
[2018.02.28-21.40.49:621][527]LogClass: EInputTypes HotReload.
[2018.02.28-21.40.49:621][527]LogClass: EMenuState HotReload.
[2018.02.28-21.40.49:621][527]LogClass: ECharacterEnum HotReload.
[2018.02.28-21.40.49:621][527]LogClass: ScoreSystem HotReload.
[2018.02.28-21.40.49:621][527]LogClass: HighScore HotReload.
[2018.02.28-21.40.49:628][527]LogHotReload: Re-instancing Hitbox after hot-reload.
[2018.02.28-21.40.49:732][527]LogHotReload: Re-instancing ThugClass after hot-reload.
[2018.02.28-21.40.49:833][527]LogContentBrowser: Native class hierarchy updated for 'Super80sFighter' in 0.0011 seconds. Added 8 classes and 2 folders.
[2018.02.28-21.40.49:838][527]Display: HotReload successful (29 functions remapped  2 scriptstructs remapped)
[2018.02.28-21.40.49:929][527]LogContentBrowser: Native class hierarchy populated in 0.0191 seconds. Added 2384 classes and 526 folders.
[2018.02.28-21.40.49:933][527]Display: HotReload took  0.5s.
[2018.02.28-21.42.59:618][916]LogHotReload: New module detected: UE4Editor-Super80sFighter-2491-Win64-DebugGame.dll
[2018.02.28-21.43.00:642][920]LogHotReload: Starting Hot-Reload from IDE
[2018.02.28-21.43.00:784][920]LogClass: EHITBOX_TYPE HotReload.
[2018.02.28-21.43.00:784][920]LogClass: EInputTypes HotReload.
[2018.02.28-21.43.00:784][920]LogClass: EMenuState HotReload.
[2018.02.28-21.43.00:784][920]LogClass: ECharacterEnum HotReload.
[2018.02.28-21.43.00:784][920]LogClass: ScoreSystem HotReload.
[2018.02.28-21.43.00:784][920]LogClass: HighScore HotReload.
[2018.02.28-21.43.00:787][920]LogHotReload: Re-instancing Hitbox after hot-reload.
[2018.02.28-21.43.00:871][920]LogContentBrowser: Native class hierarchy updated for 'Super80sFighter' in 0.0010 seconds. Added 8 classes and 2 folders.
[2018.02.28-21.43.00:874][920]Display: HotReload successful (29 functions remapped  2 scriptstructs remapped)
[2018.02.28-21.43.00:934][920]LogContentBrowser: Native class hierarchy populated in 0.0098 seconds. Added 2384 classes and 526 folders.
[2018.02.28-21.43.00:939][920]Display: HotReload took  0.3s.
[2018.02.28-21.43.13:010][227]LogTemp: Repeating last play command: New Editor Window (PIE)
[2018.02.28-21.43.13:033][227]LogBlueprintUserMessages: Early PlayInEditor Detection: Level '/Game/SideScrollerCPP/Maps/Main_Menu.Main_Menu:PersistentLevel' has LevelScriptBlueprint '/Game/SideScrollerCPP/Maps/Main_Menu.Main_Menu:PersistentLevel.Main_Menu' with GeneratedClass '/Game/SideScrollerCPP/Maps/Main_Menu.Main_Menu_C' with ClassGeneratedBy '/Game/SideScrollerCPP/Maps/Main_Menu.Main_Menu:PersistentLevel.Main_Menu'
[2018.02.28-21.43.13:033][227]LogPlayLevel: PlayLevel: No blueprints needed recompiling
[2018.02.28-21.43.13:034][227]PIE: New page: PIE session: Main_Menu (Feb 28, 2018, 11:43:13 AM)
[2018.02.28-21.43.13:037][227]LogPlayLevel: Creating play world package: /Game/SideScrollerCPP/Maps/UEDPIE_0_Main_Menu
[2018.02.28-21.43.13:039][227]LogPlayLevel: PIE: StaticDuplicateObject took: (0.001519s)
[2018.02.28-21.43.13:040][227]LogAIModule: Creating AISystem for world Main_Menu
[2018.02.28-21.43.13:040][227]LogPlayLevel: PIE: World Init took: (0.001497s)
[2018.02.28-21.43.13:041][227]LogPlayLevel: PIE: Created PIE world by copying editor world from /Game/SideScrollerCPP/Maps/Main_Menu.Main_Menu to /Game/SideScrollerCPP/Maps/UEDPIE_0_Main_Menu.Main_Menu (0.003428s)
[2018.02.28-21.43.13:060][227]LogInit: XAudio2 using 'Speakers (2- Conexant ISST Audio)' : 2 channels at 48 kHz using 32 bits per sample (channel mask 0x3)
[2018.02.28-21.43.13:067][227]LogInit: FAudioDevice initialized.
[2018.02.28-21.43.13:107][227]LogLoad: Game class is 'MySuper80sFighterGameMode_C'
[2018.02.28-21.43.13:108][227]LogWorld: Bringing World /Game/SideScrollerCPP/Maps/UEDPIE_0_Main_Menu.Main_Menu up for play (max tick rate 0) at 2018.02.28-16.43.13
[2018.02.28-21.43.13:109][227]LogWorld: Bringing up level for play took: 0.000602
[2018.02.28-21.43.13:123][227]PIE: Play in editor start time for /Game/SideScrollerCPP/Maps/UEDPIE_0_Main_Menu -0.001
[2018.02.28-21.43.13:123][227]LogBlueprintUserMessages: Late PlayInEditor Detection: Level '/Game/SideScrollerCPP/Maps/Main_Menu.Main_Menu:PersistentLevel' has LevelScriptBlueprint '/Game/SideScrollerCPP/Maps/Main_Menu.Main_Menu:PersistentLevel.Main_Menu' with GeneratedClass '/Game/SideScrollerCPP/Maps/Main_Menu.Main_Menu_C' with ClassGeneratedBy '/Game/SideScrollerCPP/Maps/Main_Menu.Main_Menu:PersistentLevel.Main_Menu'
[2018.02.28-21.43.13:133][227]LogAudio: Warning: Detected orphaned looping sound '_80s_Sample_4_Cue'.
[2018.02.28-21.43.19:053][672]LogNet: Browse: /Game/SideScrollerCPP/Maps/SideScrollerExampleMap
[2018.02.28-21.43.19:054][672]LogLoad: LoadMap: /Game/SideScrollerCPP/Maps/SideScrollerExampleMap
[2018.02.28-21.43.19:407][672]LogAIModule: Creating AISystem for world SideScrollerExampleMap
[2018.02.28-21.43.19:407][672]LogLoad: Game class is 'MySuper80sFighterGameMode_C'
[2018.02.28-21.43.19:412][672]LogWorld: Bringing World /Game/SideScrollerCPP/Maps/UEDPIE_0_SideScrollerExampleMap.SideScrollerExampleMap up for play (max tick rate 0) at 2018.02.28-16.43.19
[2018.02.28-21.43.19:413][672]LogWorld: Bringing up level for play took: 0.004467
[2018.02.28-21.43.19:418][672]LogPlayerManagement: Error: Failed to Create Player: A local player already exists for controller ID 1,
[2018.02.28-21.43.19:420][672]LogLoad: Took 0.366002 seconds to LoadMap(/Game/SideScrollerCPP/Maps/SideScrollerExampleMap)
[2018.02.28-21.43.19:423][672]LogAudio: Warning: Detected orphaned looping sound '_80s_Sample_4_Cue'.
[2018.02.28-21.43.34:305][425]LogBlueprintUserMessages: Early EndPlayMap Detection: Level '/Game/SideScrollerCPP/Maps/Main_Menu.Main_Menu:PersistentLevel' has LevelScriptBlueprint '/Game/SideScrollerCPP/Maps/Main_Menu.Main_Menu:PersistentLevel.Main_Menu' with GeneratedClass '/Game/SideScrollerCPP/Maps/Main_Menu.Main_Menu_C' with ClassGeneratedBy '/Game/SideScrollerCPP/Maps/Main_Menu.Main_Menu:PersistentLevel.Main_Menu'
[2018.02.28-21.43.34:422][425]LogBlueprintUserMessages: Late EndPlayMap Detection: Level '/Game/SideScrollerCPP/Maps/Main_Menu.Main_Menu:PersistentLevel' has LevelScriptBlueprint '/Game/SideScrollerCPP/Maps/Main_Menu.Main_Menu:PersistentLevel.Main_Menu' with GeneratedClass '/Game/SideScrollerCPP/Maps/Main_Menu.Main_Menu_C' with ClassGeneratedBy '/Game/SideScrollerCPP/Maps/Main_Menu.Main_Menu:PersistentLevel.Main_Menu'
[2018.02.28-21.43.36:228][584]LogSavePackage: Save=144.15ms
[2018.02.28-21.43.36:228][584]LogSavePackage: Moving '../../../../../../Users/Shawnthebro/Documents/GitHub/FightingGame/Super80sFighter/Saved/Main_Menu64C94E4045306E10DCADD38A111262D9.tmp' to '../../../../../../Users/Shawnthebro/Documents/GitHub/FightingGame/Super80sFighter/Content/SideScrollerCPP/Maps/Main_Menu.umap'
[2018.02.28-21.43.36:234][584]LogSavePackage: Display: Finished SavePackage ../../../../../../Users/Shawnthebro/Documents/GitHub/FightingGame/Super80sFighter/Content/SideScrollerCPP/Maps/Main_Menu.umap
[2018.02.28-21.43.47:121][700]LogHotReload: New module detected: UE4Editor-Super80sFighter-6538-Win64-DebugGame.dll
[2018.02.28-21.43.48:141][704]LogHotReload: Starting Hot-Reload from IDE
[2018.02.28-21.43.48:294][704]LogClass: EHITBOX_TYPE HotReload.
[2018.02.28-21.43.48:294][704]LogClass: EInputTypes HotReload.
[2018.02.28-21.43.48:294][704]LogClass: EMenuState HotReload.
[2018.02.28-21.43.48:294][704]LogClass: ECharacterEnum HotReload.
[2018.02.28-21.43.48:294][704]LogClass: ScoreSystem HotReload.
[2018.02.28-21.43.48:294][704]LogClass: HighScore HotReload.
[2018.02.28-21.43.48:301][704]LogHotReload: Re-instancing Hitbox after hot-reload.
[2018.02.28-21.43.48:431][704]LogHotReload: Re-instancing ThugClass after hot-reload.
[2018.02.28-21.43.48:570][704]LogContentBrowser: Native class hierarchy updated for 'Super80sFighter' in 0.0012 seconds. Added 8 classes and 2 folders.
[2018.02.28-21.43.48:576][704]Display: HotReload successful (29 functions remapped  2 scriptstructs remapped)
[2018.02.28-21.43.48:654][704]LogContentBrowser: Native class hierarchy populated in 0.0130 seconds. Added 2384 classes and 526 folders.
[2018.02.28-21.43.48:659][704]Display: HotReload took  0.5s.
[2018.02.28-21.45.31:669][ 13]LogHotReload: New module detected: UE4Editor-Super80sFighter-7349-Win64-DebugGame.dll
[2018.02.28-21.45.32:695][ 17]LogHotReload: Starting Hot-Reload from IDE
[2018.02.28-21.45.32:848][ 17]LogClass: EHITBOX_TYPE HotReload.
[2018.02.28-21.45.32:848][ 17]LogClass: EInputTypes HotReload.
[2018.02.28-21.45.32:848][ 17]LogClass: EMenuState HotReload.
[2018.02.28-21.45.32:848][ 17]LogClass: ECharacterEnum HotReload.
[2018.02.28-21.45.32:848][ 17]LogClass: ScoreSystem HotReload.
[2018.02.28-21.45.32:848][ 17]LogClass: HighScore HotReload.
[2018.02.28-21.45.32:851][ 17]LogHotReload: Re-instancing Hitbox after hot-reload.
[2018.02.28-21.45.32:934][ 17]LogHotReload: Re-instancing ThugClass after hot-reload.
[2018.02.28-21.45.33:026][ 17]LogContentBrowser: Native class hierarchy updated for 'Super80sFighter' in 0.0008 seconds. Added 8 classes and 2 folders.
[2018.02.28-21.45.33:029][ 17]Display: HotReload successful (29 functions remapped  2 scriptstructs remapped)
[2018.02.28-21.45.33:087][ 17]LogContentBrowser: Native class hierarchy populated in 0.0116 seconds. Added 2384 classes and 526 folders.
[2018.02.28-21.45.33:091][ 17]Display: HotReload took  0.4s.
[2018.02.28-21.45.55:189][247]LogWindowsTextInputMethodSystem: Display: IME system now deactivated.
[2018.02.28-21.45.55:420][248]Cmd: QUIT_EDITOR
[2018.02.28-21.45.56:199][248]LogExit: Preparing to exit.
[2018.02.28-21.45.57:196][248]LogDirectoryWatcher: A directory notification for 'C:/Users/Shawnthebro/Documents/GitHub/FightingGame/Super80sFighter/Content/' was aborted.
[2018.02.28-21.45.57:226][248]LogExit: Editor shut down
[2018.02.28-21.45.57:231][248]LogExit: Transaction tracking system shut down
[2018.02.28-21.45.57:444][248]LogDirectoryWatcher: A directory notification for '../../../Engine/Content/' was aborted.
[2018.02.28-21.45.57:444][248]LogDirectoryWatcher: A directory notification for '../../../../../../Users/Shawnthebro/Documents/GitHub/FightingGame/Super80sFighter/Content/' was aborted.
[2018.02.28-21.45.57:444][248]LogDirectoryWatcher: A directory notification for '../../../Engine/Plugins/2D/Paper2D/Content/' was aborted.
[2018.02.28-21.45.57:444][248]LogDirectoryWatcher: A directory notification for '../../../Engine/Plugins/Media/MediaCompositing/Content/' was aborted.
[2018.02.28-21.45.57:444][248]LogDirectoryWatcher: A directory notification for '../../../Engine/Plugins/Runtime/AppleARKit/Content/' was aborted.
[2018.02.28-21.45.57:444][248]LogDirectoryWatcher: A directory notification for '../../../Engine/Plugins/Runtime/Oculus/OculusVR/Content/' was aborted.
[2018.02.28-21.45.57:708][248]LogExit: Object subsystem successfully closed.
[2018.02.28-21.45.57:734][248]LogD3D11RHI: Shutdown
[2018.02.28-21.45.57:735][248]LogD3D11RHI: CleanupD3DDevice
[2018.02.28-21.45.57:738][248]LogD3D11RHI: ~FD3D11DynamicRHI
[2018.02.28-21.45.57:757][248]LogModuleManager: Shutting down and abandoning module Super80sFighter (561)
[2018.02.28-21.45.57:757][248]LogModuleManager: Shutting down and abandoning module MovieSceneCapture (556)
[2018.02.28-21.45.57:757][248]LogModuleManager: Shutting down and abandoning module HierarchicalLODOutliner (554)
[2018.02.28-21.45.57:757][248]LogModuleManager: Shutting down and abandoning module DesktopPlatform (552)
[2018.02.28-21.45.57:757][248]LogModuleManager: Shutting down and abandoning module SceneOutliner (550)
[2018.02.28-21.45.57:757][248]LogModuleManager: Shutting down and abandoning module AddContentDialog (548)
[2018.02.28-21.45.57:757][248]LogDirectoryWatcher: A directory notification for 'C:/Program Files/Epic Games/UE_4.18/FeaturePacks/' was aborted.
[2018.02.28-21.45.57:759][248]LogModuleManager: Shutting down and abandoning module WidgetCarousel (547)
[2018.02.28-21.45.57:759][248]LogModuleManager: Shutting down and abandoning module EditorWidgets (544)
[2018.02.28-21.45.57:759][248]LogModuleManager: Shutting down and abandoning module CollectionManager (542)
[2018.02.28-21.45.57:759][248]LogDirectoryWatcher: A directory notification for 'C:/Users/Shawnthebro/Documents/GitHub/FightingGame/Super80sFighter/Content/Collections/' was aborted.
[2018.02.28-21.45.57:759][248]LogDirectoryWatcher: A directory notification for 'C:/Users/Shawnthebro/Documents/GitHub/FightingGame/Super80sFighter/Content/Developers/Shawnthebro/Collections/' was aborted.
[2018.02.28-21.45.57:759][248]LogDirectoryWatcher: A directory notification for 'C:/Users/Shawnthebro/Documents/GitHub/FightingGame/Super80sFighter/Saved/Collections/' was aborted.
[2018.02.28-21.45.57:759][248]LogModuleManager: Shutting down and abandoning module StatsViewer (540)
[2018.02.28-21.45.57:759][248]LogModuleManager: Shutting down and abandoning module FoliageEdit (538)
[2018.02.28-21.45.57:759][248]LogModuleManager: Shutting down and abandoning module LandscapeEditor (536)
[2018.02.28-21.45.57:760][248]LogModuleManager: Shutting down and abandoning module MeshPaintMode (534)
[2018.02.28-21.45.57:760][248]LogModuleManager: Shutting down and abandoning module SceneDepthPickerMode (532)
[2018.02.28-21.45.57:760][248]LogModuleManager: Shutting down and abandoning module ActorPickerMode (530)
[2018.02.28-21.45.57:760][248]LogModuleManager: Shutting down and abandoning module GeometryMode (528)
[2018.02.28-21.45.57:760][248]LogModuleManager: Shutting down and abandoning module TextureAlignMode (526)
[2018.02.28-21.45.57:760][248]LogModuleManager: Shutting down and abandoning module BspMode (524)
[2018.02.28-21.45.57:760][248]LogModuleManager: Shutting down and abandoning module PIEPreviewDeviceProfileSelector (522)
[2018.02.28-21.45.57:760][248]LogModuleManager: Shutting down and abandoning module HardwareSurvey (520)
[2018.02.28-21.45.57:760][248]LogModuleManager: Shutting down and abandoning module SequenceRecorderSections (518)
[2018.02.28-21.45.57:760][248]LogModuleManager: Shutting down and abandoning module AutomationWorker (516)
[2018.02.28-21.45.57:760][248]LogModuleManager: Shutting down and abandoning module MatineeToLevelSequence (514)
[2018.02.28-21.45.57:760][248]LogModuleManager: Shutting down and abandoning module LevelSequenceEditor (512)
[2018.02.28-21.45.57:760][248]LogModuleManager: Shutting down and abandoning module PlacementMode (511)
[2018.02.28-21.45.57:760][248]LogModuleManager: Shutting down and abandoning module WmfMediaFactory (508)
[2018.02.28-21.45.57:760][248]LogModuleManager: Shutting down and abandoning module WmfMediaEditor (506)
[2018.02.28-21.45.57:760][248]LogModuleManager: Shutting down and abandoning module OpenExrWrapper (504)
[2018.02.28-21.45.57:760][248]LogModuleManager: Shutting down and abandoning module ImgMediaFactory (502)
[2018.02.28-21.45.57:760][248]LogModuleManager: Shutting down and abandoning module ImgMediaEditor (500)
[2018.02.28-21.45.57:760][248]LogModuleManager: Shutting down and abandoning module AvfMediaFactory (498)
[2018.02.28-21.45.57:760][248]LogModuleManager: Shutting down and abandoning module AvfMediaEditor (496)
[2018.02.28-21.45.57:760][248]LogModuleManager: Shutting down and abandoning module AndroidMediaFactory (494)
[2018.02.28-21.45.57:760][248]LogModuleManager: Shutting down and abandoning module AndroidMediaEditor (492)
[2018.02.28-21.45.57:760][248]LogModuleManager: Shutting down and abandoning module CharacterAI (490)
[2018.02.28-21.45.57:760][248]LogModuleManager: Shutting down and abandoning module AudioCapture (488)
[2018.02.28-21.45.57:760][248]LogModuleManager: Shutting down and abandoning module SequenceRecorder (487)
[2018.02.28-21.45.57:760][248]LogModuleManager: Shutting down and abandoning module SmartSnapping (484)
[2018.02.28-21.45.57:760][248]LogModuleManager: Shutting down and abandoning module SessionServices (482)
[2018.02.28-21.45.57:760][248]LogModuleManager: Shutting down and abandoning module ViewportSnapping (480)
[2018.02.28-21.45.57:760][248]LogModuleManager: Shutting down and abandoning module ViewportInteraction (478)
[2018.02.28-21.45.57:760][248]LogModuleManager: Shutting down and abandoning module ClothPainter (476)
[2018.02.28-21.45.57:760][248]LogModuleManager: Shutting down and abandoning module SkeletalMeshEditor (475)
[2018.02.28-21.45.57:760][248]LogModuleManager: Shutting down and abandoning module LogVisualizer (472)
[2018.02.28-21.45.57:760][248]LogModuleManager: Shutting down and abandoning module IntroTutorials (470)
[2018.02.28-21.45.57:761][248]LogModuleManager: Shutting down and abandoning module GameProjectGeneration (469)
[2018.02.28-21.45.57:761][248]LogModuleManager: Shutting down and abandoning module IOSPlatformEditor (466)
[2018.02.28-21.45.57:761][248]LogModuleManager: Shutting down and abandoning module HTML5PlatformEditor (464)
[2018.02.28-21.45.57:761][248]LogModuleManager: Shutting down and abandoning module AndroidPlatformEditor (462)
[2018.02.28-21.45.57:761][248]LogModuleManager: Shutting down and abandoning module AndroidDeviceDetection (461)
[2018.02.28-21.45.57:862][248]LogModuleManager: Shutting down and abandoning module WindowsPlatformEditor (458)
[2018.02.28-21.45.57:862][248]LogModuleManager: Shutting down and abandoning module IOSRuntimeSettings (456)
[2018.02.28-21.45.57:862][248]LogModuleManager: Shutting down and abandoning module AndroidRuntimeSettings (454)
[2018.02.28-21.45.57:862][248]LogModuleManager: Shutting down and abandoning module InputBindingEditor (452)
[2018.02.28-21.45.57:862][248]LogModuleManager: Shutting down and abandoning module MergeActors (450)
[2018.02.28-21.45.57:862][248]LogModuleManager: Shutting down and abandoning module SizeMap (448)
[2018.02.28-21.45.57:862][248]LogModuleManager: Shutting down and abandoning module TreeMap (446)
[2018.02.28-21.45.57:862][248]LogModuleManager: Shutting down and abandoning module ReferenceViewer (444)
[2018.02.28-21.45.57:862][248]LogModuleManager: Shutting down and abandoning module LocalizationDashboard (442)
[2018.02.28-21.45.57:863][248]LogModuleManager: Shutting down and abandoning module LocalizationService (441)
[2018.02.28-21.45.57:863][248]LogModuleManager: Shutting down and abandoning module HardwareTargeting (438)
[2018.02.28-21.45.57:863][248]LogModuleManager: Shutting down and abandoning module DeviceProfileEditor (436)
[2018.02.28-21.45.57:863][248]LogModuleManager: Shutting down and abandoning module UndoHistory (434)
[2018.02.28-21.45.57:863][248]LogModuleManager: Shutting down and abandoning module XmlParser (432)
[2018.02.28-21.45.57:863][248]LogModuleManager: Shutting down and abandoning module Blutility (430)
[2018.02.28-21.45.57:863][248]LogModuleManager: Shutting down and abandoning module ProjectSettingsViewer (428)
[2018.02.28-21.45.57:863][248]LogModuleManager: Shutting down and abandoning module ProjectTargetPlatformEditor (427)
[2018.02.28-21.45.57:863][248]LogModuleManager: Shutting down and abandoning module EditorSettingsViewer (424)
[2018.02.28-21.45.57:863][248]LogModuleManager: Shutting down and abandoning module SettingsEditor (422)
[2018.02.28-21.45.57:863][248]LogModuleManager: Shutting down and abandoning module ProjectLauncher (420)
[2018.02.28-21.45.57:863][248]LogModuleManager: Shutting down and abandoning module SessionFrontend (418)
[2018.02.28-21.45.57:863][248]LogModuleManager: Shutting down and abandoning module ProfilerClient (416)
[2018.02.28-21.45.57:863][248]LogModuleManager: Shutting down and abandoning module DeviceManager (414)
[2018.02.28-21.45.57:863][248]LogModuleManager: Shutting down and abandoning module TargetDeviceServices (413)
[2018.02.28-21.45.57:918][248]LogModuleManager: Shutting down and abandoning module AutomationController (410)
[2018.02.28-21.45.57:918][248]LogModuleManager: Shutting down and abandoning module AutomationWindow (408)
[2018.02.28-21.45.57:918][248]LogModuleManager: Shutting down and abandoning module Layers (406)
[2018.02.28-21.45.57:918][248]LogModuleManager: Shutting down and abandoning module ComponentVisualizers (404)
[2018.02.28-21.45.57:918][248]LogModuleManager: Shutting down and abandoning module DetailCustomizations (402)
[2018.02.28-21.45.57:918][248]LogModuleManager: Shutting down and abandoning module PackagesDialog (400)
[2018.02.28-21.45.57:918][248]LogModuleManager: Shutting down and abandoning module Persona (398)
[2018.02.28-21.45.57:918][248]LogModuleManager: Shutting down and abandoning module AdvancedPreviewScene (397)
[2018.02.28-21.45.57:918][248]LogModuleManager: Shutting down and abandoning module AnimGraph (395)
[2018.02.28-21.45.57:918][248]LogModuleManager: Shutting down and abandoning module Kismet (392)
[2018.02.28-21.45.57:921][248]LogModuleManager: Shutting down and abandoning module ClassViewer (390)
[2018.02.28-21.45.57:921][248]LogModuleManager: Shutting down and abandoning module Toolbox (388)
[2018.02.28-21.45.57:921][248]LogModuleManager: Shutting down and abandoning module ModuleUI (386)
[2018.02.28-21.45.57:921][248]LogModuleManager: Shutting down and abandoning module MovieSceneTools (384)
[2018.02.28-21.45.57:921][248]LogModuleManager: Shutting down and abandoning module OutputLog (382)
[2018.02.28-21.45.57:921][248]LogModuleManager: Shutting down and abandoning module GammaUI (380)
[2018.02.28-21.45.57:921][248]LogModuleManager: Shutting down and abandoning module Documentation (378)
[2018.02.28-21.45.57:921][248]LogModuleManager: Shutting down and abandoning module MovieSceneTracks (376)
[2018.02.28-21.45.57:921][248]LogModuleManager: Shutting down and abandoning module MovieScene (374)
[2018.02.28-21.45.57:921][248]LogModuleManager: Shutting down and abandoning module StreamingPauseRendering (372)
[2018.02.28-21.45.57:921][248]LogModuleManager: Shutting down and abandoning module LauncherPlatform (370)
[2018.02.28-21.45.57:921][248]LogModuleManager: Shutting down and abandoning module AnalyticsET (368)
[2018.02.28-21.45.57:921][248]LogModuleManager: Shutting down and abandoning module PortalServices (366)
[2018.02.28-21.45.57:921][248]LogModuleManager: Shutting down and abandoning module PortalRpc (364)
[2018.02.28-21.45.57:921][248]LogModuleManager: Shutting down and abandoning module MessagingRpc (362)
[2018.02.28-21.45.57:921][248]LogModuleManager: Shutting down and abandoning module AIModule (360)
[2018.02.28-21.45.57:921][248]LogModuleManager: Shutting down and abandoning module GameplayDebugger (359)
[2018.02.28-21.45.57:921][248]LogModuleManager: Shutting down and abandoning module AITestSuite (357)
[2018.02.28-21.45.57:921][248]LogModuleManager: Shutting down and abandoning module ProfilerService (354)
[2018.02.28-21.45.58:028][248]LogModuleManager: Shutting down and abandoning module TaskGraph (352)
[2018.02.28-21.45.58:028][248]LogModuleManager: Shutting down and abandoning module SubstanceLiveLink (350)
[2018.02.28-21.45.58:028][248]LogModuleManager: Shutting down and abandoning module SubstanceSource (348)
[2018.02.28-21.45.58:028][248]LogModuleManager: Shutting down and abandoning module SubstanceEditor (346)
[2018.02.28-21.45.58:029][248]LogModuleManager: Shutting down and abandoning module ProceduralMeshComponentEditor (344)
[2018.02.28-21.45.58:029][248]LogModuleManager: Shutting down and abandoning module ProceduralMeshComponent (342)
[2018.02.28-21.45.58:029][248]LogModuleManager: Shutting down and abandoning module OculusInput (340)
[2018.02.28-21.45.58:029][248]LogModuleManager: Shutting down and abandoning module MobilePatchingUtils (338)
[2018.02.28-21.45.58:029][248]LogModuleManager: Shutting down and abandoning module CustomMeshComponent (336)
[2018.02.28-21.45.58:029][248]LogModuleManager: Shutting down and abandoning module CableComponent (334)
[2018.02.28-21.45.58:029][248]LogModuleManager: Shutting down and abandoning module ArchVisCharacter (332)
[2018.02.28-21.45.58:029][248]LogModuleManager: Shutting down and abandoning module AndroidPermission (330)
[2018.02.28-21.45.58:029][248]LogModuleManager: Shutting down and abandoning module ActorSequence (326)
[2018.02.28-21.45.58:029][248]LogModuleManager: Shutting down and abandoning module MediaPlayerEditor (324)
[2018.02.28-21.45.58:029][248]LogModuleManager: Shutting down and abandoning module MediaCompositingEditor (322)
[2018.02.28-21.45.58:029][248]LogModuleManager: Shutting down and abandoning module MediaCompositing (320)
[2018.02.28-21.45.58:029][248]LogModuleManager: Shutting down and abandoning module HTML5Networking (318)
[2018.02.28-21.45.58:029][248]LogModuleManager: Shutting down and abandoning module AlembicImporter (316)
[2018.02.28-21.45.58:029][248]LogModuleManager: Shutting down and abandoning module AlembicLibrary (315)
[2018.02.28-21.45.58:029][248]LogModuleManager: Shutting down and abandoning module GeometryCache (314)
[2018.02.28-21.45.58:029][248]LogModuleManager: Shutting down and abandoning module GeometryCacheEd (313)
[2018.02.28-21.45.58:029][248]LogModuleManager: Shutting down and abandoning module SpeedTreeImporter (308)
[2018.02.28-21.45.58:029][248]LogModuleManager: Shutting down and abandoning module PluginBrowser (306)
[2018.02.28-21.45.58:029][248]LogModuleManager: Shutting down and abandoning module MobileLauncherProfileWizard (304)
[2018.02.28-21.45.58:029][248]LogModuleManager: Shutting down and abandoning module VisualStudioSourceCodeAccess (302)
[2018.02.28-21.45.58:029][248]LogModuleManager: Shutting down and abandoning module VisualStudioCodeSourceCodeAccess (300)
[2018.02.28-21.45.58:029][248]LogModuleManager: Shutting down and abandoning module UObjectPlugin (298)
[2018.02.28-21.45.58:029][248]LogModuleManager: Shutting down and abandoning module SubversionSourceControl (296)
[2018.02.28-21.45.58:029][248]LogModuleManager: Shutting down and abandoning module PerforceSourceControl (294)
[2018.02.28-21.45.58:030][248]LogModuleManager: Shutting down and abandoning module GitSourceControl (292)
[2018.02.28-21.45.58:030][248]LogModuleManager: Shutting down and abandoning module SourceControl (291)
[2018.02.28-21.45.58:030][248]LogModuleManager: Shutting down and abandoning module LightPropagationVolumeEditor (288)
[2018.02.28-21.45.58:030][248]LogModuleManager: Shutting down and abandoning module PaperTiledImporter (286)
[2018.02.28-21.45.58:030][248]LogModuleManager: Shutting down and abandoning module PaperSpriteSheetImporter (284)
[2018.02.28-21.45.58:030][248]LogModuleManager: Shutting down and abandoning module Paper2DEditor (282)
[2018.02.28-21.45.58:030][248]LogModuleManager: Shutting down and abandoning module MeshPaint (281)
[2018.02.28-21.45.58:030][248]LogModuleManager: Shutting down and abandoning module LevelEditor (279)
[2018.02.28-21.45.58:033][248]LogModuleManager: Shutting down and abandoning module PixelInspectorModule (278)
[2018.02.28-21.45.58:033][248]LogModuleManager: Shutting down and abandoning module MainFrame (276)
[2018.02.28-21.45.58:033][248]LogModuleManager: Shutting down and abandoning module HotReload (275)
[2018.02.28-21.45.58:033][248]LogDirectoryWatcher: A directory notification for 'C:/Users/Shawnthebro/Documents/GitHub/FightingGame/Super80sFighter/Binaries/Win64' was aborted.
[2018.02.28-21.45.58:034][248]LogModuleManager: Shutting down and abandoning module RuntimePhysXCooking (268)
[2018.02.28-21.45.58:034][248]LogModuleManager: Shutting down and abandoning module PhysXVehiclesEditor (266)
[2018.02.28-21.45.58:034][248]LogModuleManager: Shutting down and abandoning module PhysXVehicles (264)
[2018.02.28-21.45.58:034][248]LogModuleManager: Shutting down and abandoning module OculusEditor (262)
[2018.02.28-21.45.58:034][248]LogModuleManager: Shutting down and abandoning module LocationServicesBPLibrary (260)
[2018.02.28-21.45.58:034][248]LogModuleManager: Shutting down and abandoning module ImmediatePhysicsEditor (258)
[2018.02.28-21.45.58:034][248]LogModuleManager: Shutting down and abandoning module ImmediatePhysics (256)
[2018.02.28-21.45.58:034][248]LogModuleManager: Shutting down and abandoning module UdpMessaging (254)
[2018.02.28-21.45.58:135][248]LogModuleManager: Shutting down and abandoning module TcpMessaging (252)
[2018.02.28-21.45.58:235][248]LogModuleManager: Shutting down and abandoning module SubstanceCore (250)
[2018.02.28-21.45.58:235][248]LogModuleManager: Shutting down and abandoning module GameplayTagsEditor (248)
[2018.02.28-21.45.58:235][248]LogModuleManager: Shutting down and abandoning module FacialAnimationEditor (246)
[2018.02.28-21.45.58:235][248]LogModuleManager: Shutting down and abandoning module FacialAnimation (244)
[2018.02.28-21.45.58:235][248]LogModuleManager: Shutting down and abandoning module AssetManagerEditor (242)
[2018.02.28-21.45.58:235][248]LogModuleManager: Shutting down and abandoning module GraphEditor (241)
[2018.02.28-21.45.58:235][248]LogModuleManager: Shutting down and abandoning module ContentBrowser (239)
[2018.02.28-21.45.58:236][248]LogModuleManager: Shutting down and abandoning module LightPropagationVolumeRuntime (236)
[2018.02.28-21.45.58:236][248]LogModuleManager: Shutting down and abandoning module Paper2D (234)
[2018.02.28-21.45.58:236][248]LogModuleManager: Shutting down and abandoning module WindowsMoviePlayer (232)
[2018.02.28-21.45.58:236][248]LogModuleManager: Shutting down and abandoning module WmfMedia (230)
[2018.02.28-21.45.58:240][248]LogModuleManager: Shutting down and abandoning module ImgMedia (228)
[2018.02.28-21.45.58:240][248]LogModuleManager: Shutting down and abandoning module PacketHandler (226)
[2018.02.28-21.45.58:240][248]LogModuleManager: Shutting down and abandoning module ClothingSystemEditor (224)
[2018.02.28-21.45.58:240][248]LogModuleManager: Shutting down and abandoning module ClothingSystemRuntime (222)
[2018.02.28-21.45.58:240][248]LogModuleManager: Shutting down and abandoning module MediaAssets (220)
[2018.02.28-21.45.58:240][248]LogModuleManager: Shutting down and abandoning module Media (219)
[2018.02.28-21.45.58:247][248]LogModuleManager: Shutting down and abandoning module Overlay (216)
[2018.02.28-21.45.58:247][248]LogModuleManager: Shutting down and abandoning module OverlayEditor (215)
[2018.02.28-21.45.58:247][248]LogModuleManager: Shutting down and abandoning module VREditor (212)
[2018.02.28-21.45.58:247][248]LogModuleManager: Shutting down and abandoning module StringTableEditor (210)
[2018.02.28-21.45.58:247][248]LogModuleManager: Shutting down and abandoning module GameplayTasksEditor (208)
[2018.02.28-21.45.58:247][248]LogModuleManager: Shutting down and abandoning module BehaviorTreeEditor (206)
[2018.02.28-21.45.58:247][248]LogModuleManager: Shutting down and abandoning module FunctionalTesting (204)
[2018.02.28-21.45.58:247][248]LogModuleManager: Shutting down and abandoning module CollisionAnalyzer (202)
[2018.02.28-21.45.58:247][248]LogModuleManager: Shutting down and abandoning module WorkspaceMenuStructure (201)
[2018.02.28-21.45.58:247][248]LogModuleManager: Shutting down and abandoning module UMG (198)
[2018.02.28-21.45.58:247][248]LogModuleManager: Shutting down and abandoning module UMGEditor (197)
[2018.02.28-21.45.58:247][248]LogModuleManager: Shutting down and abandoning module Sequencer (196)
[2018.02.28-21.45.58:248][248]LogModuleManager: Shutting down and abandoning module MessageLog (193)
[2018.02.28-21.45.58:248][248]LogModuleManager: Shutting down and abandoning module SlateReflector (188)
[2018.02.28-21.45.58:248][248]LogModuleManager: Shutting down and abandoning module Slate (186)
[2018.02.28-21.45.58:248][248]LogModuleManager: Shutting down and abandoning module EditorStyle (184)
[2018.02.28-21.45.58:250][248]LogModuleManager: Shutting down and abandoning module MRMesh (182)
[2018.02.28-21.45.58:250][248]LogModuleManager: Shutting down and abandoning module SourceCodeAccess (180)
[2018.02.28-21.45.58:250][248]LogModuleManager: Shutting down and abandoning module HeadMountedDisplay (178)
[2018.02.28-21.45.58:250][248]LogModuleManager: Shutting down and abandoning module XAudio2 (176)
[2018.02.28-21.45.58:250][248]LogModuleManager: Shutting down and abandoning module Networking (174)
[2018.02.28-21.45.58:250][248]LogModuleManager: Shutting down and abandoning module Core (170)
[2018.02.28-21.45.58:250][248]LogModuleManager: Shutting down and abandoning module LevelSequence (166)
[2018.02.28-21.45.58:250][248]LogModuleManager: Shutting down and abandoning module DirectoryWatcher (164)
[2018.02.28-21.45.58:251][248]LogModuleManager: Shutting down and abandoning module KismetCompiler (162)
[2018.02.28-21.45.58:251][248]LogModuleManager: Shutting down and abandoning module MeshUtilities (160)
[2018.02.28-21.45.58:251][248]LogModuleManager: Shutting down and abandoning module MeshMergeUtilities (159)
[2018.02.28-21.45.58:251][248]LogModuleManager: Shutting down and abandoning module MeshReductionInterface (158)
[2018.02.28-21.45.58:251][248]LogModuleManager: Shutting down and abandoning module SimplygonSwarm (157)
[2018.02.28-21.45.58:251][248]LogModuleManager: Shutting down and abandoning module SimplygonMeshReduction (155)
[2018.02.28-21.45.58:251][248]LogModuleManager: Shutting down and abandoning module QuadricMeshReduction (153)
[2018.02.28-21.45.58:251][248]LogModuleManager: Shutting down and abandoning module MaterialBaking (149)
[2018.02.28-21.45.58:251][248]LogModuleManager: Shutting down and abandoning module DerivedDataCache (146)
[2018.02.28-21.45.58:351][248]LogDerivedDataCache: Shutdown
[2018.02.28-21.45.58:351][248]LogModuleManager: Shutting down and abandoning module TargetPlatform (144)
[2018.02.28-21.45.58:351][248]LogModuleManager: Shutting down and abandoning module VulkanShaderFormat (143)
[2018.02.28-21.45.58:351][248]LogModuleManager: Shutting down and abandoning module ShaderFormatVectorVM (141)
[2018.02.28-21.45.58:351][248]LogModuleManager: Shutting down and abandoning module ShaderFormatOpenGL (139)
[2018.02.28-21.45.58:351][248]LogModuleManager: Shutting down and abandoning module ShaderFormatD3D (137)
[2018.02.28-21.45.58:351][248]LogModuleManager: Shutting down and abandoning module MetalShaderFormat (135)
[2018.02.28-21.45.58:351][248]LogModuleManager: Shutting down and abandoning module TextureFormatUncompressed (133)
[2018.02.28-21.45.58:351][248]LogModuleManager: Shutting down and abandoning module TextureFormatPVR (131)
[2018.02.28-21.45.58:351][248]LogModuleManager: Shutting down and abandoning module TextureFormatDXT (129)
[2018.02.28-21.45.58:351][248]LogModuleManager: Shutting down and abandoning module TextureFormatIntelISPCTexComp (127)
[2018.02.28-21.45.58:352][248]LogModuleManager: Shutting down and abandoning module TextureFormatASTC (125)
[2018.02.28-21.45.58:352][248]LogModuleManager: Shutting down and abandoning module ImageWrapper (124)
[2018.02.28-21.45.58:352][248]LogModuleManager: Shutting down and abandoning module TextureFormatAndroid (121)
[2018.02.28-21.45.58:352][248]LogModuleManager: Shutting down and abandoning module AudioFormatOpus (119)
[2018.02.28-21.45.58:352][248]LogModuleManager: Shutting down and abandoning module AudioFormatOgg (117)
[2018.02.28-21.45.58:352][248]LogModuleManager: Shutting down and abandoning module AudioFormatADPCM (115)
[2018.02.28-21.45.58:352][248]LogModuleManager: Shutting down and abandoning module LinuxTargetPlatform (113)
[2018.02.28-21.45.58:352][248]LogModuleManager: Shutting down and abandoning module LinuxServerTargetPlatform (111)
[2018.02.28-21.45.58:352][248]LogModuleManager: Shutting down and abandoning module LinuxNoEditorTargetPlatform (109)
[2018.02.28-21.45.58:352][248]LogModuleManager: Shutting down and abandoning module LinuxClientTargetPlatform (107)
[2018.02.28-21.45.58:352][248]LogModuleManager: Shutting down and abandoning module TVOSTargetPlatform (105)
[2018.02.28-21.45.58:352][248]LogModuleManager: Shutting down and abandoning module Messaging (103)
[2018.02.28-21.45.58:352][248]LogModuleManager: Shutting down and abandoning module IOSTargetPlatform (101)
[2018.02.28-21.45.58:352][248]LogModuleManager: Shutting down and abandoning module HTML5TargetPlatform (99)
[2018.02.28-21.45.58:352][248]LogModuleManager: Shutting down and abandoning module AndroidTargetPlatform (97)
[2018.02.28-21.45.58:352][248]LogModuleManager: Shutting down and abandoning module Android_PVRTCTargetPlatform (95)
[2018.02.28-21.45.58:352][248]LogModuleManager: Shutting down and abandoning module Android_MultiTargetPlatform (93)
[2018.02.28-21.45.58:352][248]LogModuleManager: Shutting down and abandoning module Android_ETC2TargetPlatform (91)
[2018.02.28-21.45.58:352][248]LogModuleManager: Shutting down and abandoning module Android_ETC1TargetPlatform (89)
[2018.02.28-21.45.58:352][248]LogModuleManager: Shutting down and abandoning module Android_DXTTargetPlatform (87)
[2018.02.28-21.45.58:352][248]LogModuleManager: Shutting down and abandoning module Android_ATCTargetPlatform (85)
[2018.02.28-21.45.58:352][248]LogModuleManager: Shutting down and abandoning module Android_ASTCTargetPlatform (83)
[2018.02.28-21.45.58:352][248]LogModuleManager: Shutting down and abandoning module WindowsTargetPlatform (81)
[2018.02.28-21.45.58:352][248]LogModuleManager: Shutting down and abandoning module WindowsServerTargetPlatform (79)
[2018.02.28-21.45.58:352][248]LogModuleManager: Shutting down and abandoning module WindowsNoEditorTargetPlatform (77)
[2018.02.28-21.45.58:352][248]LogModuleManager: Shutting down and abandoning module WindowsClientTargetPlatform (75)
[2018.02.28-21.45.58:352][248]LogModuleManager: Shutting down and abandoning module MacTargetPlatform (73)
[2018.02.28-21.45.58:352][248]LogModuleManager: Shutting down and abandoning module MacServerTargetPlatform (71)
[2018.02.28-21.45.58:352][248]LogModuleManager: Shutting down and abandoning module MacNoEditorTargetPlatform (69)
[2018.02.28-21.45.58:352][248]LogModuleManager: Shutting down and abandoning module MacClientTargetPlatform (67)
[2018.02.28-21.45.58:352][248]LogModuleManager: Shutting down and abandoning module AllDesktopTargetPlatform (65)
[2018.02.28-21.45.58:352][248]LogModuleManager: Shutting down and abandoning module InputCore (62)
[2018.02.28-21.45.58:352][248]LogModuleManager: Shutting down and abandoning module Settings (60)
[2018.02.28-21.45.58:353][248]LogModuleManager: Shutting down and abandoning module PhysXCooking (58)
[2018.02.28-21.45.58:353][248]LogModuleManager: Shutting down and abandoning module OculusHMD (56)
[2018.02.28-21.45.58:353][248]LogModuleManager: Shutting down and abandoning module ExampleDeviceProfileSelector (54)
[2018.02.28-21.45.58:353][248]LogModuleManager: Shutting down and abandoning module AppleARKit (52)
[2018.02.28-21.45.58:353][248]LogModuleManager: Shutting down and abandoning module AugmentedReality (51)
[2018.02.28-21.45.58:353][248]LogModuleManager: Shutting down and abandoning module OnlineBlueprintSupport (48)
[2018.02.28-21.45.58:353][248]LogModuleManager: Shutting down and abandoning module OnlineSubsystem (44)
[2018.02.28-21.45.58:353][248]LogModuleManager: Shutting down and abandoning module XMPP (43)
[2018.02.28-21.45.58:353][248]LogModuleManager: Shutting down and abandoning module HTTP (41)
[2018.02.28-21.45.58:353][248]LogHttp: Display: Http module shutting down, but needs to wait on 1 outstanding Http requests:
[2018.02.28-21.45.58:353][248]LogHttp: Display: 	verb=[POST] url=[https://datarouter.ol.epicgames.com/datarouter/api/v1/public/data?SessionID=%7B1EA75B24-490B-F891-51A5-99BCCCF0B33C%7D&AppID=UEEditor.Rocket.Release&AppVersion=4.18.2-3794801%2B%2B%2BUE4%2BRelease-4.18&UserID=15a0f2a4462fe0565d3b71bc2e310637%7Cbdea252024804fdfb705c28ee8345211%7Cbf480ef5-df69-4b1e-9bc4-21553f42162b&AppEnvironment=datacollector-binary&UploadType=eteventstream] status=Processing
[2018.02.28-21.45.58:385][248]LogModuleManager: Shutting down and abandoning module SSL (40)
[2018.02.28-21.45.58:387][248]LogModuleManager: Shutting down and abandoning module AnimationModifiers (36)
[2018.02.28-21.45.58:387][248]LogModuleManager: Shutting down and abandoning module PropertyEditor (35)
[2018.02.28-21.45.58:387][248]LogModuleManager: Shutting down and abandoning module AudioEditor (32)
[2018.02.28-21.45.58:387][248]LogModuleManager: Shutting down and abandoning module TextureCompressor (30)
[2018.02.28-21.45.58:388][248]LogModuleManager: Shutting down and abandoning module ShaderCore (28)
[2018.02.28-21.45.58:388][248]LogModuleManager: Shutting down and abandoning module Landscape (26)
[2018.02.28-21.45.58:388][248]LogModuleManager: Shutting down and abandoning module SlateRHIRenderer (24)
[2018.02.28-21.45.58:389][248]LogModuleManager: Shutting down and abandoning module OpenGLDrv (22)
[2018.02.28-21.45.58:389][248]LogModuleManager: Shutting down and abandoning module D3D11RHI (20)
[2018.02.28-21.45.58:389][248]LogModuleManager: Shutting down and abandoning module AnimGraphRuntime (18)
[2018.02.28-21.45.58:389][248]LogModuleManager: Shutting down and abandoning module Renderer (16)
[2018.02.28-21.45.58:389][248]LogModuleManager: Shutting down and abandoning module Engine (14)
[2018.02.28-21.45.58:389][248]LogModuleManager: Shutting down and abandoning module CoreUObject (12)
[2018.02.28-21.45.58:389][248]LogModuleManager: Shutting down and abandoning module NetworkFile (10)
[2018.02.28-21.45.58:389][248]LogModuleManager: Shutting down and abandoning module CookedIterativeFile (8)
[2018.02.28-21.45.58:389][248]LogModuleManager: Shutting down and abandoning module StreamingFile (6)
[2018.02.28-21.45.58:389][248]LogModuleManager: Shutting down and abandoning module SandboxFile (4)
[2018.02.28-21.45.58:390][248]LogModuleManager: Shutting down and abandoning module PakFile (2)
[2018.02.28-21.45.58:393][248]LogExit: Exiting.
[2018.02.28-21.45.58:421][248]Log file closed, 02/28/18 16:45:58
