Log file open, 03/01/18 16:20:59
LogWindows: Failed to load 'aqProf.dll' (GetLastError=126)
LogWindows: File 'aqProf.dll' does not exist
LogWindows: Failed to load 'VtuneApi.dll' (GetLastError=126)
LogWindows: File 'VtuneApi.dll' does not exist
LogWindows: Failed to load 'VtuneApi32e.dll' (GetLastError=126)
LogWindows: File 'VtuneApi32e.dll' does not exist
LogInit: Display: Running engine for game: Super80sFighter
LogPlatformFile: Not using cached read wrapper
LogInit: Display: RandInit(-369971369) SRandInit(-369971369).
LogInit: Read version file with build ID '3709383'
LogInit: Overriding engine version to CL 3794801, compatible CL 3709383
LogInit: Registered custom module enumerator with build ID '3709383'
LogTaskGraph: Started task graph with 5 named threads and 14 total threads with 3 sets of task threads.
LogStats: Stats thread started at 0.323002
LogD3D11RHI: Aftermath initialized
LogPluginManager: Mounting plugin Paper2D
LogPluginManager: Mounting plugin LightPropagationVolume
LogPluginManager: Mounting plugin CodeLiteSourceCodeAccess
LogPluginManager: Mounting plugin GitSourceControl
LogPluginManager: Mounting plugin KDevelopSourceCodeAccess
LogPluginManager: Mounting plugin NullSourceCodeAccess
LogPluginManager: Mounting plugin PerforceSourceControl
LogPluginManager: Mounting plugin SubversionSourceControl
LogPluginManager: Mounting plugin UObjectPlugin
LogPluginManager: Mounting plugin VisualStudioCodeSourceCodeAccess
LogPluginManager: Mounting plugin VisualStudioSourceCodeAccess
LogPluginManager: Mounting plugin XCodeSourceCodeAccess
LogPluginManager: Mounting plugin AssetManagerEditor
LogPluginManager: Mounting plugin AudioCapture
LogPluginManager: Mounting plugin FacialAnimation
LogPluginManager: Mounting plugin GameplayTagsEditor
LogPluginManager: Mounting plugin MobileLauncherProfileWizard
LogPluginManager: Mounting plugin PluginBrowser
LogPluginManager: Mounting plugin SpeedTreeImporter
LogPluginManager: Mounting plugin AlembicImporter
LogPluginManager: Mounting plugin CharacterAI
LogPluginManager: Mounting plugin HTML5Networking
LogPluginManager: Mounting plugin Substance
LogPluginManager: Mounting plugin AndroidMedia
LogPluginManager: Mounting plugin AvfMedia
LogPluginManager: Mounting plugin ImgMedia
LogPluginManager: Mounting plugin MediaCompositing
LogPluginManager: Mounting plugin MediaPlayerEditor
LogPluginManager: Mounting plugin WmfMedia
LogPluginManager: Mounting plugin TcpMessaging
LogPluginManager: Mounting plugin UdpMessaging
LogPluginManager: Mounting plugin ActorSequence
LogPluginManager: Mounting plugin LevelSequenceEditor
LogPluginManager: Mounting plugin MatineeToLevelSequence
LogPluginManager: Mounting plugin OnlineSubsystemGooglePlay
LogPluginManager: Mounting plugin OnlineSubsystemIOS
LogPluginManager: Mounting plugin OnlineSubsystem
LogPluginManager: Mounting plugin OnlineSubsystemNull
LogPluginManager: Mounting plugin OnlineSubsystemUtils
LogPluginManager: Mounting plugin AndroidDeviceProfileSelector
LogPluginManager: Mounting plugin AndroidMoviePlayer
LogPluginManager: Mounting plugin AndroidPermission
LogPluginManager: Mounting plugin AppleARKit
LogPluginManager: Mounting plugin AppleMoviePlayer
LogPluginManager: Mounting plugin ArchVisCharacter
LogPluginManager: Mounting plugin CableComponent
LogPluginManager: Mounting plugin CustomMeshComponent
LogPluginManager: Mounting plugin ExampleDeviceProfileSelector
LogPluginManager: Mounting plugin GoogleCloudMessaging
LogPluginManager: Mounting plugin ImmediatePhysics
LogPluginManager: Mounting plugin IOSDeviceProfileSelector
LogPluginManager: Mounting plugin LinuxDeviceProfileSelector
LogPluginManager: Mounting plugin LocationServicesBPLibrary
LogPluginManager: Mounting plugin MobilePatchingUtils
LogPluginManager: Mounting plugin OculusVR
LogPluginManager: Plugin shader directory ../../../Engine/Plugins/Runtime/Oculus/OculusVR/Shaders found
LogPluginManager: Mapping shader source directory ../../../Engine/Plugins/Runtime/Oculus/OculusVR/Shaders to virtual directory /Plugin/OculusVR
LogPluginManager: Mounting plugin PhysXVehicles
LogPluginManager: Mounting plugin ProceduralMeshComponent
LogPluginManager: Mounting plugin RuntimePhysXCooking
LogPluginManager: Mounting plugin WindowsMoviePlayer
LogModuleManager: Display: Found up-to-date module file ../../../../../../Users/Shawnthebro/Documents/GitHub/FightingGame/Super80sFighter/Binaries/Win64/UE4Editor-Super80sFighter-Win64-DebugGame.dll (API version 3709383).
LogModuleManager: Display: Found up-to-date module file ../../../Engine/Plugins/2D/Paper2D/Binaries/Win64/UE4Editor-Paper2D.dll (API version 3709383).
LogModuleManager: Display: Found up-to-date module file ../../../Engine/Plugins/2D/Paper2D/Binaries/Win64/UE4Editor-Paper2DEditor.dll (API version 3709383).
LogModuleManager: Display: Found up-to-date module file ../../../Engine/Plugins/2D/Paper2D/Binaries/Win64/UE4Editor-PaperSpriteSheetImporter.dll (API version 3709383).
LogModuleManager: Display: Found up-to-date module file ../../../Engine/Plugins/2D/Paper2D/Binaries/Win64/UE4Editor-PaperTiledImporter.dll (API version 3709383).
LogModuleManager: Display: Found up-to-date module file ../../../Engine/Plugins/2D/Paper2D/Binaries/Win64/UE4Editor-SmartSnapping.dll (API version 3709383).
LogModuleManager: Display: Found up-to-date module file ../../../Engine/Plugins/Blendables/LightPropagationVolume/Binaries/Win64/UE4Editor-LightPropagationVolumeRuntime.dll (API version 3709383).
LogModuleManager: Display: Found up-to-date module file ../../../Engine/Plugins/Blendables/LightPropagationVolume/Binaries/Win64/UE4Editor-LightPropagationVolumeEditor.dll (API version 3709383).
LogModuleManager: Display: Found up-to-date module file ../../../Engine/Plugins/Developer/GitSourceControl/Binaries/Win64/UE4Editor-GitSourceControl.dll (API version 3709383).
LogModuleManager: Display: Found up-to-date module file ../../../Engine/Plugins/Developer/PerforceSourceControl/Binaries/Win64/UE4Editor-PerforceSourceControl.dll (API version 3709383).
LogModuleManager: Display: Found up-to-date module file ../../../Engine/Plugins/Developer/SubversionSourceControl/Binaries/Win64/UE4Editor-SubversionSourceControl.dll (API version 3709383).
LogModuleManager: Display: Found up-to-date module file ../../../Engine/Plugins/Developer/UObjectPlugin/Binaries/Win64/UE4Editor-UObjectPlugin.dll (API version 3709383).
LogModuleManager: Display: Found up-to-date module file ../../../Engine/Plugins/Developer/VisualStudioCodeSourceCodeAccess/Binaries/Win64/UE4Editor-VisualStudioCodeSourceCodeAccess.dll (API version 3709383).
LogModuleManager: Display: Found up-to-date module file ../../../Engine/Plugins/Developer/VisualStudioSourceCodeAccess/Binaries/Win64/UE4Editor-VisualStudioSourceCodeAccess.dll (API version 3709383).
LogModuleManager: Display: Found up-to-date module file ../../../Engine/Plugins/Editor/AssetManagerEditor/Binaries/Win64/UE4Editor-AssetManagerEditor.dll (API version 3709383).
LogModuleManager: Display: Found up-to-date module file ../../../Engine/Plugins/Editor/AudioCapture/Binaries/Win64/UE4Editor-AudioCapture.dll (API version 3709383).
LogModuleManager: Display: Found up-to-date module file ../../../Engine/Plugins/Editor/FacialAnimation/Binaries/Win64/UE4Editor-FacialAnimation.dll (API version 3709383).
LogModuleManager: Display: Found up-to-date module file ../../../Engine/Plugins/Editor/FacialAnimation/Binaries/Win64/UE4Editor-FacialAnimationEditor.dll (API version 3709383).
LogModuleManager: Display: Found up-to-date module file ../../../Engine/Plugins/Editor/GameplayTagsEditor/Binaries/Win64/UE4Editor-GameplayTagsEditor.dll (API version 3709383).
LogModuleManager: Display: Found up-to-date module file ../../../Engine/Plugins/Editor/MobileLauncherProfileWizard/Binaries/Win64/UE4Editor-MobileLauncherProfileWizard.dll (API version 3709383).
LogModuleManager: Display: Found up-to-date module file ../../../Engine/Plugins/Editor/PluginBrowser/Binaries/Win64/UE4Editor-PluginBrowser.dll (API version 3709383).
LogModuleManager: Display: Found up-to-date module file ../../../Engine/Plugins/Editor/SpeedTreeImporter/Binaries/Win64/UE4Editor-SpeedTreeImporter.dll (API version 3709383).
LogModuleManager: Display: Found up-to-date module file ../../../Engine/Plugins/Experimental/AlembicImporter/Binaries/Win64/UE4Editor-AlembicImporter.dll (API version 3709383).
LogModuleManager: Display: Found up-to-date module file ../../../Engine/Plugins/Experimental/AlembicImporter/Binaries/Win64/UE4Editor-AlembicLibrary.dll (API version 3709383).
LogModuleManager: Display: Found up-to-date module file ../../../Engine/Plugins/Experimental/CharacterAI/Binaries/Win64/UE4Editor-CharacterAI.dll (API version 3709383).
LogModuleManager: Display: Found up-to-date module file ../../../Engine/Plugins/Experimental/HTML5Networking/Binaries/Win64/UE4Editor-HTML5Networking.dll (API version 3709383).
LogModuleManager: Display: Found up-to-date module file ../../../Engine/Plugins/Marketplace/Substance/Binaries/Win64/UE4Editor-SubstanceCore.dll (API version 3709383).
LogModuleManager: Display: Found up-to-date module file ../../../Engine/Plugins/Marketplace/Substance/Binaries/Win64/UE4Editor-SubstanceEditor.dll (API version 3709383).
LogModuleManager: Display: Found up-to-date module file ../../../Engine/Plugins/Marketplace/Substance/Binaries/Win64/UE4Editor-SubstanceSource.dll (API version 3709383).
LogModuleManager: Display: Found up-to-date module file ../../../Engine/Plugins/Marketplace/Substance/Binaries/Win64/UE4Editor-SubstanceLiveLink.dll (API version 3709383).
LogModuleManager: Display: Found up-to-date module file ../../../Engine/Plugins/Media/AndroidMedia/Binaries/Win64/UE4Editor-AndroidMediaEditor.dll (API version 3709383).
LogModuleManager: Display: Found up-to-date module file ../../../Engine/Plugins/Media/AndroidMedia/Binaries/Win64/UE4Editor-AndroidMediaFactory.dll (API version 3709383).
LogModuleManager: Display: Found up-to-date module file ../../../Engine/Plugins/Media/AvfMedia/Binaries/Win64/UE4Editor-AvfMediaEditor.dll (API version 3709383).
LogModuleManager: Display: Found up-to-date module file ../../../Engine/Plugins/Media/AvfMedia/Binaries/Win64/UE4Editor-AvfMediaFactory.dll (API version 3709383).
LogModuleManager: Display: Found up-to-date module file ../../../Engine/Plugins/Media/AvfMedia/Binaries/Win64/UE4Editor-AvfMediaFactory.dll (API version 3709383).
LogModuleManager: Display: Found up-to-date module file ../../../Engine/Plugins/Media/ImgMedia/Binaries/Win64/UE4Editor-ImgMedia.dll (API version 3709383).
LogModuleManager: Display: Found up-to-date module file ../../../Engine/Plugins/Media/ImgMedia/Binaries/Win64/UE4Editor-ImgMediaEditor.dll (API version 3709383).
LogModuleManager: Display: Found up-to-date module file ../../../Engine/Plugins/Media/ImgMedia/Binaries/Win64/UE4Editor-ImgMediaFactory.dll (API version 3709383).
LogModuleManager: Display: Found up-to-date module file ../../../Engine/Plugins/Media/ImgMedia/Binaries/Win64/UE4Editor-ImgMediaFactory.dll (API version 3709383).
LogModuleManager: Display: Found up-to-date module file ../../../Engine/Plugins/Media/ImgMedia/Binaries/Win64/UE4Editor-OpenExrWrapper.dll (API version 3709383).
LogModuleManager: Display: Found up-to-date module file ../../../Engine/Plugins/Media/MediaCompositing/Binaries/Win64/UE4Editor-MediaCompositing.dll (API version 3709383).
LogModuleManager: Display: Found up-to-date module file ../../../Engine/Plugins/Media/MediaCompositing/Binaries/Win64/UE4Editor-MediaCompositingEditor.dll (API version 3709383).
LogModuleManager: Display: Found up-to-date module file ../../../Engine/Plugins/Media/MediaPlayerEditor/Binaries/Win64/UE4Editor-MediaPlayerEditor.dll (API version 3709383).
LogModuleManager: Display: Found up-to-date module file ../../../Engine/Plugins/Media/WmfMedia/Binaries/Win64/UE4Editor-WmfMedia.dll (API version 3709383).
LogModuleManager: Display: Found up-to-date module file ../../../Engine/Plugins/Media/WmfMedia/Binaries/Win64/UE4Editor-WmfMediaEditor.dll (API version 3709383).
LogModuleManager: Display: Found up-to-date module file ../../../Engine/Plugins/Media/WmfMedia/Binaries/Win64/UE4Editor-WmfMediaFactory.dll (API version 3709383).
LogModuleManager: Display: Found up-to-date module file ../../../Engine/Plugins/Media/WmfMedia/Binaries/Win64/UE4Editor-WmfMediaFactory.dll (API version 3709383).
LogModuleManager: Display: Found up-to-date module file ../../../Engine/Plugins/Messaging/TcpMessaging/Binaries/Win64/UE4Editor-TcpMessaging.dll (API version 3709383).
LogModuleManager: Display: Found up-to-date module file ../../../Engine/Plugins/Messaging/UdpMessaging/Binaries/Win64/UE4Editor-UdpMessaging.dll (API version 3709383).
LogModuleManager: Display: Found up-to-date module file ../../../Engine/Plugins/MovieScene/ActorSequence/Binaries/Win64/UE4Editor-ActorSequence.dll (API version 3709383).
LogModuleManager: Display: Found up-to-date module file ../../../Engine/Plugins/MovieScene/LevelSequenceEditor/Binaries/Win64/UE4Editor-LevelSequenceEditor.dll (API version 3709383).
LogModuleManager: Display: Found up-to-date module file ../../../Engine/Plugins/MovieScene/MatineeToLevelSequence/Binaries/Win64/UE4Editor-MatineeToLevelSequence.dll (API version 3709383).
LogModuleManager: Display: Found up-to-date module file ../../../Engine/Plugins/Online/OnlineSubsystem/Binaries/Win64/UE4Editor-OnlineSubsystem.dll (API version 3709383).
LogModuleManager: Display: Found up-to-date module file ../../../Engine/Plugins/Online/OnlineSubsystemNull/Binaries/Win64/UE4Editor-OnlineSubsystemNull.dll (API version 3709383).
LogModuleManager: Display: Found up-to-date module file ../../../Engine/Plugins/Online/OnlineSubsystemUtils/Binaries/Win64/UE4Editor-OnlineSubsystemUtils.dll (API version 3709383).
LogModuleManager: Display: Found up-to-date module file ../../../Engine/Plugins/Online/OnlineSubsystemUtils/Binaries/Win64/UE4Editor-OnlineBlueprintSupport.dll (API version 3709383).
LogModuleManager: Display: Found up-to-date module file ../../../Engine/Plugins/Runtime/AndroidDeviceProfileSelector/Binaries/Win64/UE4Editor-AndroidDeviceProfileSelector.dll (API version 3709383).
LogModuleManager: Display: Found up-to-date module file ../../../Engine/Plugins/Runtime/AndroidPermission/Binaries/Win64/UE4Editor-AndroidPermission.dll (API version 3709383).
LogModuleManager: Display: Found up-to-date module file ../../../Engine/Plugins/Runtime/AppleARKit/Binaries/Win64/UE4Editor-AppleARKit.dll (API version 3709383).
LogModuleManager: Display: Found up-to-date module file ../../../Engine/Plugins/Runtime/ArchVisCharacter/Binaries/Win64/UE4Editor-ArchVisCharacter.dll (API version 3709383).
LogModuleManager: Display: Found up-to-date module file ../../../Engine/Plugins/Runtime/CableComponent/Binaries/Win64/UE4Editor-CableComponent.dll (API version 3709383).
LogModuleManager: Display: Found up-to-date module file ../../../Engine/Plugins/Runtime/CustomMeshComponent/Binaries/Win64/UE4Editor-CustomMeshComponent.dll (API version 3709383).
LogModuleManager: Display: Found up-to-date module file ../../../Engine/Plugins/Runtime/ExampleDeviceProfileSelector/Binaries/Win64/UE4Editor-ExampleDeviceProfileSelector.dll (API version 3709383).
LogModuleManager: Display: Found up-to-date module file ../../../Engine/Plugins/Runtime/ImmediatePhysics/Binaries/Win64/UE4Editor-ImmediatePhysics.dll (API version 3709383).
LogModuleManager: Display: Found up-to-date module file ../../../Engine/Plugins/Runtime/ImmediatePhysics/Binaries/Win64/UE4Editor-ImmediatePhysicsEditor.dll (API version 3709383).
LogModuleManager: Display: Found up-to-date module file ../../../Engine/Plugins/Runtime/LocationServicesBPLibrary/Binaries/Win64/UE4Editor-LocationServicesBPLibrary.dll (API version 3709383).
LogModuleManager: Display: Found up-to-date module file ../../../Engine/Plugins/Runtime/MobilePatchingUtils/Binaries/Win64/UE4Editor-MobilePatchingUtils.dll (API version 3709383).
LogModuleManager: Display: Found up-to-date module file ../../../Engine/Plugins/Runtime/Oculus/OculusVR/Binaries/Win64/UE4Editor-OculusHMD.dll (API version 3709383).
LogModuleManager: Display: Found up-to-date module file ../../../Engine/Plugins/Runtime/Oculus/OculusVR/Binaries/Win64/UE4Editor-OculusInput.dll (API version 3709383).
LogModuleManager: Display: Found up-to-date module file ../../../Engine/Plugins/Runtime/Oculus/OculusVR/Binaries/Win64/UE4Editor-OculusEditor.dll (API version 3709383).
LogModuleManager: Display: Found up-to-date module file ../../../Engine/Plugins/Runtime/PhysXVehicles/Binaries/Win64/UE4Editor-PhysXVehicles.dll (API version 3709383).
LogModuleManager: Display: Found up-to-date module file ../../../Engine/Plugins/Runtime/PhysXVehicles/Binaries/Win64/UE4Editor-PhysXVehiclesEditor.dll (API version 3709383).
LogModuleManager: Display: Found up-to-date module file ../../../Engine/Plugins/Runtime/ProceduralMeshComponent/Binaries/Win64/UE4Editor-ProceduralMeshComponent.dll (API version 3709383).
LogModuleManager: Display: Found up-to-date module file ../../../Engine/Plugins/Runtime/ProceduralMeshComponent/Binaries/Win64/UE4Editor-ProceduralMeshComponentEditor.dll (API version 3709383).
LogModuleManager: Display: Found up-to-date module file ../../../Engine/Plugins/Runtime/RuntimePhysXCooking/Binaries/Win64/UE4Editor-RuntimePhysXCooking.dll (API version 3709383).
LogModuleManager: Display: Found up-to-date module file ../../../Engine/Plugins/Runtime/WindowsMoviePlayer/Binaries/Win64/UE4Editor-WindowsMoviePlayer.dll (API version 3709383).
LogInit: Using libcurl 7.47.1
LogInit:  - built for x86_64-pc-win32
LogInit:  - supports SSL with OpenSSL/1.0.2g
LogInit:  - supports HTTP deflate (compression) using libz 1.2.8
LogInit:  - other features:
LogInit:      CURL_VERSION_SSL
LogInit:      CURL_VERSION_LIBZ
LogInit:      CURL_VERSION_IPV6
LogInit:      CURL_VERSION_ASYNCHDNS
LogInit:      CURL_VERSION_LARGEFILE
LogInit:      CURL_VERSION_IDN
LogInit:  CurlRequestOptions (configurable via config and command line):
LogInit:  - bVerifyPeer = false  - Libcurl will NOT verify peer certificate
LogInit:  - bUseHttpProxy = false  - Libcurl will NOT use HTTP proxy
LogInit:  - bDontReuseConnections = false  - Libcurl will reuse connections
LogInit:  - CertBundlePath = nullptr  - Libcurl will use whatever was configured at build time.
LogHMD: Failed initializing OVRPlugin 1.19.0
LogInit: Build: ++UE4+Release-4.18-CL-3794801
LogInit: Engine Version: 4.18.2-3794801+++UE4+Release-4.18
LogInit: Compatible Engine Version: 4.18.0-3709383+++UE4+Release-4.18
LogInit: Net CL: 3709383
LogDevObjectVersion: Number of dev versions registered: 16
LogDevObjectVersion:   Dev-Blueprints (B0D832E4-1F89-4F0D-ACCF-7EB736FD4AA2): 10
LogDevObjectVersion:   Dev-Build (E1C64328-A22C-4D53-A36C-8E866417BD8C): 0
LogDevObjectVersion:   Dev-Core (375EC13C-06E4-48FB-B500-84F0262A717E): 2
LogDevObjectVersion:   Dev-Editor (E4B068ED-F494-42E9-A231-DA0B2E46BB41): 20
LogDevObjectVersion:   Dev-Framework (CFFC743F-43B0-4480-9391-14DF171D2073): 30
LogDevObjectVersion:   Dev-Mobile (B02B49B5-BB20-44E9-A304-32B752E40360): 0
LogDevObjectVersion:   Dev-Networking (A4E4105C-59A1-49B5-A7C5-40C4547EDFEE): 0
LogDevObjectVersion:   Dev-Online (39C831C9-5AE6-47DC-9A44-9C173E1C8E7C): 0
LogDevObjectVersion:   Dev-Physics (78F01B33-EBEA-4F98-B9B4-84EACCB95AA2): 0
LogDevObjectVersion:   Dev-Platform (6631380F-2D4D-43E0-8009-CF276956A95A): 0
LogDevObjectVersion:   Dev-Rendering (12F88B9F-8875-4AFC-A67C-D90C383ABD29): 20
LogDevObjectVersion:   Dev-Sequencer (7B5AE74C-D270-4C10-A958-57980B212A5A): 4
LogDevObjectVersion:   Dev-VR (D7296918-1DD6-4BDD-9DE2-64A83CC13884): 0
LogDevObjectVersion:   Dev-LoadTimes (C2A15278-BFE7-4AFE-6C17-90FF531DF755): 1
LogDevObjectVersion:   Private-Geometry (6EACA3D4-40EC-4CC1-B786-8BED09428FC5): 1
LogDevObjectVersion:   Dev-AnimPhys (29E575DD-E0A3-4627-9D10-D276232CDCEA): 12
LogInit: Compiled (64-bit): Dec  8 2017 02:04:53
LogInit: Compiled with Visual C++: 19.00.24215.01
LogInit: Build Configuration: DebugGame
LogInit: Branch Name: ++UE4+Release-4.18
LogInit: Command line:  -skipcompile -debug
LogInit: Base directory: C:/Program Files/Epic Games/UE_4.18/Engine/Binaries/Win64/
LogInit: Installed Engine Build: 1
LogInit: Presizing for max 8388607 objects, including 0 objects not considered by GC, pre-allocating 0 bytes for permanent pool.
LogInit: Object subsystem initialized
[2018.03.01-21.21.03:174][  0]LogInit: Selected Device Profile: [Windows]
[2018.03.01-21.21.03:174][  0]LogInit: Applying CVar settings loaded from the selected device profile: [Windows]
[2018.03.01-21.21.03:190][  0]LogInit: Computer: DESKTOP-BL47S36
[2018.03.01-21.21.03:190][  0]LogInit: User: Shawnthebro
[2018.03.01-21.21.03:190][  0]LogInit: CPU Page size=4096, Cores=4
[2018.03.01-21.21.03:190][  0]LogInit: High frequency timer resolution =2.531254 MHz
[2018.03.01-21.21.03:191][  0]LogMemory: Memory total: Physical=15.9GB (16GB approx)
[2018.03.01-21.21.03:191][  0]LogMemory: Platform Memory Stats for Windows
[2018.03.01-21.21.03:191][  0]LogMemory: Process Physical Memory: 276.65 MB used, 276.65 MB peak
[2018.03.01-21.21.03:191][  0]LogMemory: Process Virtual Memory: 274.77 MB used, 274.77 MB peak
[2018.03.01-21.21.03:191][  0]LogMemory: Physical Memory: 6200.30 MB used,  10064.29 MB free, 16264.59 MB total
[2018.03.01-21.21.03:191][  0]LogMemory: Virtual Memory: 726.87 MB used,  10064.29 MB free, 134217728.00 MB total
[2018.03.01-21.21.03:593][  0]LogInit: Using OS detected language (en-US).
[2018.03.01-21.21.03:593][  0]LogInit: Using OS detected locale (en-US).
[2018.03.01-21.21.03:597][  0]LogTextLocalizationManager: No specific localization for 'en-US' exists, so the 'en' localization will be used.
[2018.03.01-21.21.04:117][  0]LogInit: Setting process to per monitor DPI aware
[2018.03.01-21.21.04:591][  0]LogD3D11RHI: D3D11 adapters:
[2018.03.01-21.21.05:295][  0]LogD3D11RHI:    0. 'NVIDIA Quadro M2000M' (Feature Level 11_0)
[2018.03.01-21.21.05:295][  0]LogD3D11RHI:       4062/0/8132 MB DedicatedVideo/DedicatedSystem/SharedSystem, Outputs:1, VendorId:0x10de
[2018.03.01-21.21.05:327][  0]LogD3D11RHI:    1. 'Intel(R) HD Graphics 530' (Feature Level 11_0)
[2018.03.01-21.21.05:327][  0]LogD3D11RHI:       128/0/8132 MB DedicatedVideo/DedicatedSystem/SharedSystem, Outputs:0, VendorId:0x8086
[2018.03.01-21.21.05:343][  0]LogD3D11RHI:    2. 'Microsoft Basic Render Driver' (Feature Level 11_0)
[2018.03.01-21.21.05:343][  0]LogD3D11RHI:       0/0/8132 MB DedicatedVideo/DedicatedSystem/SharedSystem, Outputs:0, VendorId:0x1414
[2018.03.01-21.21.05:343][  0]LogD3D11RHI: Chosen D3D11 Adapter: 0
[2018.03.01-21.21.05:357][  0]LogD3D11RHI: Creating new Direct3DDevice
[2018.03.01-21.21.05:358][  0]LogD3D11RHI:     GPU DeviceId: 0x13b0 (for the marketing name, search the web for "GPU Device Id")
[2018.03.01-21.21.05:358][  0]LogWindows: EnumDisplayDevices:
[2018.03.01-21.21.05:358][  0]LogWindows:    0. 'Intel(R) HD Graphics 530' (P:1 D:1)
[2018.03.01-21.21.05:359][  0]LogWindows:    1. 'Intel(R) HD Graphics 530' (P:0 D:0)
[2018.03.01-21.21.05:359][  0]LogWindows:    2. 'Intel(R) HD Graphics 530' (P:0 D:0)
[2018.03.01-21.21.05:359][  0]LogWindows:    3. 'NVIDIA Quadro M2000M' (P:0 D:0)
[2018.03.01-21.21.05:360][  0]LogWindows:    4. 'NVIDIA Quadro M2000M' (P:0 D:0)
[2018.03.01-21.21.05:360][  0]LogWindows:    5. 'NVIDIA Quadro M2000M' (P:0 D:0)
[2018.03.01-21.21.05:360][  0]LogWindows:    6. 'NVIDIA Quadro M2000M' (P:0 D:0)
[2018.03.01-21.21.05:361][  0]LogWindows: DebugString: GetVideoDriverDetailsInvalid PrimaryIsNotTheChoosenAdapter GetVideoDriverDetailsInvalid PrimaryIsNotTheChoosenAdapter GetVideoDriverDetailsInvalid PrimaryIsNotTheChoosenAdapter GetVideoDriverDetailsInvalid PrimaryIsNotTheChoosenAdapter GetVideoDriverDetailsInvalid PrimaryIsNotTheChoosenAdapter GetVideoDriverDetailsInvalid PrimaryIsNotTheChoosenAdapter GetVideoDriverDetailsInvalid PrimaryIsNotTheChoosenAdapter FoundDriverCount:0 
[2018.03.01-21.21.05:361][  0]LogD3D11RHI:     Adapter Name: NVIDIA Quadro M2000M
[2018.03.01-21.21.05:361][  0]LogD3D11RHI:   Driver Version: Unknown (internal:Unknown, unified:Unknown)
[2018.03.01-21.21.05:361][  0]LogD3D11RHI:      Driver Date: Unknown
[2018.03.01-21.21.05:361][  0]LogRHI: Texture pool is 2843 MB (70% of 4062 MB)
[2018.03.01-21.21.05:416][  0]LogD3D11RHI: Async texture creation enabled
[2018.03.01-21.21.05:433][  0]LogD3D11RHI: GPU Timing Frequency: 1000.000000 (Debug: 2 1)
[2018.03.01-21.21.05:435][  0]LogShaderCompilers: Guid format shader working directory is -29 characters bigger than the processId version (../../../../../../Users/Shawnthebro/Documents/GitHub/FightingGame/Super80sFighter/Intermediate/Shaders/WorkingDirectory/7116/).
[2018.03.01-21.21.05:435][  0]LogShaderCompilers: Cleaned the shader compiler working directory 'C:/Users/Shawnthebro/AppData/Local/Temp/UnrealShaderWorkingDir/DE78819542504D697AB2BFAB44AF267C/'.
[2018.03.01-21.21.05:435][  0]LogShaderCompilers: Display: Using Local Shader Compiler.
[2018.03.01-21.21.06:668][  0]LogTemp: Display: Loaded TP AllDesktopTargetPlatform
[2018.03.01-21.21.06:764][  0]LogTemp: Display: Loaded TP MacClientTargetPlatform
[2018.03.01-21.21.06:863][  0]LogTemp: Display: Loaded TP MacNoEditorTargetPlatform
[2018.03.01-21.21.06:973][  0]LogTemp: Display: Loaded TP MacServerTargetPlatform
[2018.03.01-21.21.07:066][  0]LogTemp: Display: Loaded TP MacTargetPlatform
[2018.03.01-21.21.07:164][  0]LogTemp: Display: Loaded TP WindowsClientTargetPlatform
[2018.03.01-21.21.07:264][  0]LogTemp: Display: Loaded TP WindowsNoEditorTargetPlatform
[2018.03.01-21.21.07:365][  0]LogTemp: Display: Loaded TP WindowsServerTargetPlatform
[2018.03.01-21.21.07:451][  0]LogTemp: Display: Loaded TP WindowsTargetPlatform
[2018.03.01-21.21.07:542][  0]LogTemp: Display: Loaded TP Android_ASTCTargetPlatform
[2018.03.01-21.21.07:630][  0]LogTemp: Display: Loaded TP Android_ATCTargetPlatform
[2018.03.01-21.21.07:717][  0]LogTemp: Display: Loaded TP Android_DXTTargetPlatform
[2018.03.01-21.21.07:814][  0]LogTemp: Display: Loaded TP Android_ETC1TargetPlatform
[2018.03.01-21.21.07:910][  0]LogTemp: Display: Loaded TP Android_ETC2TargetPlatform
[2018.03.01-21.21.08:088][  0]LogTemp: Display: Loaded TP Android_MultiTargetPlatform
[2018.03.01-21.21.08:088][  0]LogTemp: Display: Loaded TP Android_PVRTCTargetPlatform
[2018.03.01-21.21.08:180][  0]LogTemp: Display: Loaded TP AndroidTargetPlatform
[2018.03.01-21.21.08:259][  0]LogTemp: Display: Loaded TP HTML5TargetPlatform
[2018.03.01-21.21.08:424][  0]LogTemp: Display: Loaded TP IOSTargetPlatform
[2018.03.01-21.21.08:472][  0]LogTemp: Display: Loaded TP TVOSTargetPlatform
[2018.03.01-21.21.08:560][  0]LogTemp: Display: Loaded TP LinuxClientTargetPlatform
[2018.03.01-21.21.08:655][  0]LogTemp: Display: Loaded TP LinuxNoEditorTargetPlatform
[2018.03.01-21.21.08:738][  0]LogTemp: Display: Loaded TP LinuxServerTargetPlatform
[2018.03.01-21.21.08:833][  0]LogTemp: Display: Loaded TP LinuxTargetPlatform
[2018.03.01-21.21.08:833][  0]LogTargetPlatformManager: Display: Building Assets For Windows
[2018.03.01-21.21.09:858][  0]LogDerivedDataCache: Display: Max Cache Size: 512 MB
[2018.03.01-21.21.09:983][  0]LogDerivedDataCache: Loaded boot cache 0.12s 89MB C:/Users/Shawnthebro/AppData/Local/UnrealEngine/4.18/DerivedDataCache/Boot.ddc.
[2018.03.01-21.21.09:984][  0]LogDerivedDataCache: Display: Loaded Boot cache: C:/Users/Shawnthebro/AppData/Local/UnrealEngine/4.18/DerivedDataCache/Boot.ddc
[2018.03.01-21.21.09:984][  0]LogDerivedDataCache: FDerivedDataBackendGraph:  Pak pak cache file ../../../../../../Users/Shawnthebro/Documents/GitHub/FightingGame/Super80sFighter/DerivedDataCache/DDC.ddp not found, will not use a pak cache.
[2018.03.01-21.21.09:984][  0]LogDerivedDataCache: Unable to find inner node Pak for hierarchical cache Hierarchy.
[2018.03.01-21.21.09:984][  0]LogDerivedDataCache: FDerivedDataBackendGraph:  CompressedPak pak cache file ../../../../../../Users/Shawnthebro/Documents/GitHub/FightingGame/Super80sFighter/DerivedDataCache/Compressed.ddp not found, will not use a pak cache.
[2018.03.01-21.21.09:984][  0]LogDerivedDataCache: Unable to find inner node CompressedPak for hierarchical cache Hierarchy.
[2018.03.01-21.21.10:003][  0]LogDerivedDataCache: Display: Pak cache opened for reading ../../../Engine/DerivedDataCache/Compressed.ddp.
[2018.03.01-21.21.10:018][  0]LogDerivedDataCache: Using Local data cache path C:/Users/Shawnthebro/AppData/Local/UnrealEngine/Common/DerivedDataCache: Writable
[2018.03.01-21.21.10:029][  0]LogMaterial: Verifying Global Shaders for PCD3D_SM5
[2018.03.01-21.21.10:030][  0]LogSlate: Using Freetype 2.6.0
[2018.03.01-21.21.10:031][  0]LogSlate: SlateFontCache - WITH_FREETYPE: 1, WITH_HARFBUZZ: 1
[2018.03.01-21.21.10:032][  0]LogSlate: SlateFontCache - WITH_FREETYPE: 1, WITH_HARFBUZZ: 1
[2018.03.01-21.21.10:522][  0]LogInit: Selected Device Profile: [Windows]
[2018.03.01-21.21.11:103][  0]LogSimplygon: Simplygon DLL not present - disabling.
[2018.03.01-21.21.11:193][  0]LogMeshReduction: Using SimplygonSwarm for distributed automatic mesh merging
[2018.03.01-21.21.11:193][  0]LogMeshReduction: Using QuadricMeshReduction for automatic static mesh reduction
[2018.03.01-21.21.11:193][  0]LogMeshReduction: No automatic skeletal mesh reduction module available
[2018.03.01-21.21.11:193][  0]LogMeshReduction: No automatic mesh merging module available
[2018.03.01-21.21.11:193][  0]LogMeshMerging: No automatic mesh merging module available
[2018.03.01-21.21.11:238][  0]LogNetVersion: Super80sFighter , NetCL: 3709383, EngineNetVer: 2, GameNetVer: 0 (Checksum: 2015644251)
[2018.03.01-21.21.11:496][  0]LogAssetRegistry: FAssetRegistry took 0.0313 seconds to start up
[2018.03.01-21.21.12:253][  0]LogPackageLocalizationCache: Processed 6 localized package path(s) for 2 prioritized culture(s) in 0.089492 seconds
[2018.03.01-21.21.12:264][  0]LogUObjectArray: 35703 objects as part of root set at end of initial load.
[2018.03.01-21.21.12:264][  0]LogUObjectAllocator: 7338016 out of 0 bytes used by permanent object pool.
[2018.03.01-21.21.12:265][  0]LogUObjectArray: CloseDisregardForGC: 0/0 objects in disregard for GC pool
[2018.03.01-21.21.12:372][  0]LogInit: WinSock: version 1.1 (2.2), MaxSocks=32767, MaxUdp=65467
[2018.03.01-21.21.17:024][  0]LogSubstanceCoreModule: Substance [CPU] Engine Loaded, Max Texture Size = 2048
[2018.03.01-21.21.17:093][  0]LogTcpMessaging: Initializing TcpMessaging bridge
[2018.03.01-21.21.17:172][  0]LogUdpMessaging: Initializing bridge on interface 0.0.0.0:0 to multicast group 230.0.0.1:6666.
[2018.03.01-21.21.18:093][  0]LogLinker: Warning: Can't find file '/Game/StarterContent/Materials/M_Basic_Wall'
[2018.03.01-21.21.18:093][  0]LogLinker: Warning: Can't find file for asset '/Game/StarterContent/Materials/M_Basic_Wall' while loading ../../../../../../Users/Shawnthebro/Documents/GitHub/FightingGame/Super80sFighter/Content/SideScrollerCPP/Meshes/Shape_Cube.uasset.
[2018.03.01-21.21.18:094][  0]LoadErrors: Error: /Game/SideScrollerCPP/Meshes/Shape_Cube : Can't find file for asset. /Game/StarterContent/Materials/M_Basic_Wall
[2018.03.01-21.21.18:094][  0]LogLinker: Warning: Can't find file '/Game/StarterContent/Materials/M_Basic_Wall'
[2018.03.01-21.21.18:094][  0]LogLinker: Warning: Can't find file for asset '/Game/StarterContent/Materials/M_Basic_Wall' while loading ../../../../../../Users/Shawnthebro/Documents/GitHub/FightingGame/Super80sFighter/Content/SideScrollerCPP/Meshes/Shape_Cube.uasset.
[2018.03.01-21.21.18:094][  0]LoadErrors: Error: /Game/SideScrollerCPP/Meshes/Shape_Cube : Can't find file for asset. /Game/StarterContent/Materials/M_Basic_Wall
[2018.03.01-21.21.18:095][  0]LogLinker: Warning: Can't find file '/Game/StarterContent/Materials/M_Basic_Wall'
[2018.03.01-21.21.18:095][  0]LoadErrors: Failed to load /Game/StarterContent/Materials/M_Basic_Wall.M_Basic_Wall Referenced by Shape_Cube
[2018.03.01-21.21.18:096][  0]LogLinker: Warning: Can't find file for asset '/Game/StarterContent/Materials/M_Basic_Wall' while loading NULL.
[2018.03.01-21.21.18:096][  0]LoadErrors: Failed to load /Game/StarterContent/Materials/M_Basic_Wall.M_Basic_Wall Referenced by Shape_Cube
[2018.03.01-21.21.18:197][  0]LogLinker: Warning: Can't find file '/Game/StarterContent/Particles/Materials/M_Burst'
[2018.03.01-21.21.18:198][  0]LogLinker: Warning: Can't find file for asset '/Game/StarterContent/Particles/Materials/M_Burst' while loading ../../../../../../Users/Shawnthebro/Documents/GitHub/FightingGame/Super80sFighter/Content/SideScrollerCPP/Particles/P_Explosion.uasset.
[2018.03.01-21.21.18:198][  0]LoadErrors: Error: /Game/SideScrollerCPP/Particles/P_Explosion : Can't find file for asset. /Game/StarterContent/Particles/Materials/M_Burst
[2018.03.01-21.21.18:199][  0]LogLinker: Warning: Can't find file '/Game/StarterContent/Particles/Materials/M_explosion_subUV'
[2018.03.01-21.21.18:199][  0]LogLinker: Warning: Can't find file for asset '/Game/StarterContent/Particles/Materials/M_explosion_subUV' while loading ../../../../../../Users/Shawnthebro/Documents/GitHub/FightingGame/Super80sFighter/Content/SideScrollerCPP/Particles/P_Explosion.uasset.
[2018.03.01-21.21.18:199][  0]LoadErrors: Error: /Game/SideScrollerCPP/Particles/P_Explosion : Can't find file for asset. /Game/StarterContent/Particles/Materials/M_explosion_subUV
[2018.03.01-21.21.18:200][  0]LogLinker: Warning: Can't find file '/Game/StarterContent/Particles/Materials/m_flare_01'
[2018.03.01-21.21.18:200][  0]LogLinker: Warning: Can't find file for asset '/Game/StarterContent/Particles/Materials/m_flare_01' while loading ../../../../../../Users/Shawnthebro/Documents/GitHub/FightingGame/Super80sFighter/Content/SideScrollerCPP/Particles/P_Explosion.uasset.
[2018.03.01-21.21.18:200][  0]LoadErrors: Error: /Game/SideScrollerCPP/Particles/P_Explosion : Can't find file for asset. /Game/StarterContent/Particles/Materials/m_flare_01
[2018.03.01-21.21.18:201][  0]LogLinker: Warning: Can't find file '/Game/StarterContent/Particles/Materials/M_radial_ramp'
[2018.03.01-21.21.18:201][  0]LogLinker: Warning: Can't find file for asset '/Game/StarterContent/Particles/Materials/M_radial_ramp' while loading ../../../../../../Users/Shawnthebro/Documents/GitHub/FightingGame/Super80sFighter/Content/SideScrollerCPP/Particles/P_Explosion.uasset.
[2018.03.01-21.21.18:201][  0]LoadErrors: Error: /Game/SideScrollerCPP/Particles/P_Explosion : Can't find file for asset. /Game/StarterContent/Particles/Materials/M_radial_ramp
[2018.03.01-21.21.18:201][  0]LogLinker: Warning: Can't find file '/Game/StarterContent/Particles/Materials/M_smoke_subUV'
[2018.03.01-21.21.18:202][  0]LogLinker: Warning: Can't find file for asset '/Game/StarterContent/Particles/Materials/M_smoke_subUV' while loading ../../../../../../Users/Shawnthebro/Documents/GitHub/FightingGame/Super80sFighter/Content/SideScrollerCPP/Particles/P_Explosion.uasset.
[2018.03.01-21.21.18:202][  0]LoadErrors: Error: /Game/SideScrollerCPP/Particles/P_Explosion : Can't find file for asset. /Game/StarterContent/Particles/Materials/M_smoke_subUV
[2018.03.01-21.21.18:202][  0]LogLinker: Warning: Can't find file '/Game/StarterContent/Particles/Materials/M_Burst'
[2018.03.01-21.21.18:203][  0]LogLinker: Warning: Can't find file for asset '/Game/StarterContent/Particles/Materials/M_Burst' while loading ../../../../../../Users/Shawnthebro/Documents/GitHub/FightingGame/Super80sFighter/Content/SideScrollerCPP/Particles/P_Explosion.uasset.
[2018.03.01-21.21.18:203][  0]LoadErrors: Error: /Game/SideScrollerCPP/Particles/P_Explosion : Can't find file for asset. /Game/StarterContent/Particles/Materials/M_Burst
[2018.03.01-21.21.18:203][  0]LogLinker: Warning: Can't find file '/Game/StarterContent/Particles/Materials/M_explosion_subUV'
[2018.03.01-21.21.18:203][  0]LogLinker: Warning: Can't find file for asset '/Game/StarterContent/Particles/Materials/M_explosion_subUV' while loading ../../../../../../Users/Shawnthebro/Documents/GitHub/FightingGame/Super80sFighter/Content/SideScrollerCPP/Particles/P_Explosion.uasset.
[2018.03.01-21.21.18:204][  0]LoadErrors: Error: /Game/SideScrollerCPP/Particles/P_Explosion : Can't find file for asset. /Game/StarterContent/Particles/Materials/M_explosion_subUV
[2018.03.01-21.21.18:204][  0]LogLinker: Warning: Can't find file '/Game/StarterContent/Particles/Materials/m_flare_01'
[2018.03.01-21.21.18:204][  0]LogLinker: Warning: Can't find file for asset '/Game/StarterContent/Particles/Materials/m_flare_01' while loading ../../../../../../Users/Shawnthebro/Documents/GitHub/FightingGame/Super80sFighter/Content/SideScrollerCPP/Particles/P_Explosion.uasset.
[2018.03.01-21.21.18:205][  0]LoadErrors: Error: /Game/SideScrollerCPP/Particles/P_Explosion : Can't find file for asset. /Game/StarterContent/Particles/Materials/m_flare_01
[2018.03.01-21.21.18:205][  0]LogLinker: Warning: Can't find file '/Game/StarterContent/Particles/Materials/M_radial_ramp'
[2018.03.01-21.21.18:205][  0]LogLinker: Warning: Can't find file for asset '/Game/StarterContent/Particles/Materials/M_radial_ramp' while loading ../../../../../../Users/Shawnthebro/Documents/GitHub/FightingGame/Super80sFighter/Content/SideScrollerCPP/Particles/P_Explosion.uasset.
[2018.03.01-21.21.18:206][  0]LoadErrors: Error: /Game/SideScrollerCPP/Particles/P_Explosion : Can't find file for asset. /Game/StarterContent/Particles/Materials/M_radial_ramp
[2018.03.01-21.21.18:206][  0]LogLinker: Warning: Can't find file '/Game/StarterContent/Particles/Materials/M_smoke_subUV'
[2018.03.01-21.21.18:206][  0]LogLinker: Warning: Can't find file for asset '/Game/StarterContent/Particles/Materials/M_smoke_subUV' while loading ../../../../../../Users/Shawnthebro/Documents/GitHub/FightingGame/Super80sFighter/Content/SideScrollerCPP/Particles/P_Explosion.uasset.
[2018.03.01-21.21.18:206][  0]LoadErrors: Error: /Game/SideScrollerCPP/Particles/P_Explosion : Can't find file for asset. /Game/StarterContent/Particles/Materials/M_smoke_subUV
[2018.03.01-21.21.18:491][  0]LogLinker: Warning: Can't find file '/Game/StarterContent/Particles/Materials/M_smoke_subUV'
[2018.03.01-21.21.18:491][  0]LoadErrors: Failed to load /Game/StarterContent/Particles/Materials/M_smoke_subUV.M_smoke_subUV Referenced by ParticleModuleRequired_0
[2018.03.01-21.21.18:491][  0]LogLinker: Warning: Can't find file for asset '/Game/StarterContent/Particles/Materials/M_smoke_subUV' while loading NULL.
[2018.03.01-21.21.18:492][  0]LoadErrors: Failed to load /Game/StarterContent/Particles/Materials/M_smoke_subUV.M_smoke_subUV Referenced by ParticleModuleRequired_0
[2018.03.01-21.21.18:492][  0]LogLinker: Warning: Can't find file '/Game/StarterContent/Particles/Materials/M_explosion_subUV'
[2018.03.01-21.21.18:492][  0]LoadErrors: Failed to load /Game/StarterContent/Particles/Materials/M_explosion_subUV.M_explosion_subUV Referenced by ParticleModuleRequired_2
[2018.03.01-21.21.18:493][  0]LogLinker: Warning: Can't find file for asset '/Game/StarterContent/Particles/Materials/M_explosion_subUV' while loading NULL.
[2018.03.01-21.21.18:493][  0]LoadErrors: Failed to load /Game/StarterContent/Particles/Materials/M_explosion_subUV.M_explosion_subUV Referenced by ParticleModuleRequired_2
[2018.03.01-21.21.18:493][  0]LogLinker: Warning: Can't find file '/Game/StarterContent/Particles/Materials/M_radial_ramp'
[2018.03.01-21.21.18:493][  0]LoadErrors: Failed to load /Game/StarterContent/Particles/Materials/M_radial_ramp.M_radial_ramp Referenced by ParticleModuleRequired_3
[2018.03.01-21.21.18:494][  0]LogLinker: Warning: Can't find file for asset '/Game/StarterContent/Particles/Materials/M_radial_ramp' while loading NULL.
[2018.03.01-21.21.18:494][  0]LoadErrors: Failed to load /Game/StarterContent/Particles/Materials/M_radial_ramp.M_radial_ramp Referenced by ParticleModuleRequired_3
[2018.03.01-21.21.18:494][  0]LogLinker: Warning: Can't find file '/Game/StarterContent/Particles/Materials/m_flare_01'
[2018.03.01-21.21.18:494][  0]LoadErrors: Failed to load /Game/StarterContent/Particles/Materials/m_flare_01.m_flare_01 Referenced by ParticleModuleRequired_4
[2018.03.01-21.21.18:495][  0]LogLinker: Warning: Can't find file for asset '/Game/StarterContent/Particles/Materials/m_flare_01' while loading NULL.
[2018.03.01-21.21.18:495][  0]LoadErrors: Failed to load /Game/StarterContent/Particles/Materials/m_flare_01.m_flare_01 Referenced by ParticleModuleRequired_4
[2018.03.01-21.21.18:495][  0]LogLinker: Warning: Can't find file '/Game/StarterContent/Particles/Materials/M_Burst'
[2018.03.01-21.21.18:495][  0]LoadErrors: Failed to load /Game/StarterContent/Particles/Materials/M_Burst.M_Burst Referenced by ParticleModuleRequired_8
[2018.03.01-21.21.18:496][  0]LogLinker: Warning: Can't find file for asset '/Game/StarterContent/Particles/Materials/M_Burst' while loading NULL.
[2018.03.01-21.21.18:496][  0]LoadErrors: Failed to load /Game/StarterContent/Particles/Materials/M_Burst.M_Burst Referenced by ParticleModuleRequired_8
[2018.03.01-21.21.19:056][  0]LogMaterial: Uniform references updated for custom material expression Custom.
[2018.03.01-21.21.19:799][  0]SourceControl: Source control is disabled
[2018.03.01-21.21.19:800][  0]SourceControl: Source control is disabled
[2018.03.01-21.21.19:906][  0]SourceControl: Source control is disabled
[2018.03.01-21.21.20:012][  0]SourceControl: Source control is disabled
[2018.03.01-21.21.21:580][  0]LogAndroidPermission: UAndroidPermissionCallbackProxy::GetInstance
[2018.03.01-21.21.22:099][  0]LogOcInput: OculusInput pre-init called
[2018.03.01-21.21.22:966][  0]LogEngine: Initializing Engine...
[2018.03.01-21.21.23:273][  0]LogStats: UGameplayTagsManager::ConstructGameplayTagTree: Construct from data asset -  0.000 s
[2018.03.01-21.21.23:273][  0]LogStats: UGameplayTagsManager::ConstructGameplayTagTree: GameplayTagTreeChangedEvent.Broadcast -  0.000 s
[2018.03.01-21.21.23:515][  0]LogAIModule: Creating AISystem for world Untitled
[2018.03.01-21.21.23:547][  0]LogInit: XAudio2 using 'Speakers (2- Conexant ISST Audio)' : 2 channels at 48 kHz using 32 bits per sample (channel mask 0x3)
[2018.03.01-21.21.23:718][  0]LogInit: FAudioDevice initialized.
[2018.03.01-21.21.23:810][  0]LogDerivedDataCache: Saved boot cache 0.09s 88MB C:/Users/Shawnthebro/AppData/Local/UnrealEngine/4.18/DerivedDataCache/Boot.ddc.
[2018.03.01-21.21.23:839][  0]LogInit: Texture streaming: Enabled
[2018.03.01-21.21.24:057][  0]LogEngineSessionManager: EngineSessionManager initialized
[2018.03.01-21.21.24:057][  0]LogEngineSessionManager: EngineSessionManager sent abnormal shutdown report. Type=Debugger, SessionId={DCA22722-4890-699F-70FD-47AC29420B88}
[2018.03.01-21.21.24:315][  0]LogInit: Transaction tracking system initialized
[2018.03.01-21.21.24:933][  0]BlueprintLog: New page: Editor Load
[2018.03.01-21.21.26:920][  0]LocalizationService: Localization service is disabled
[2018.03.01-21.21.28:417][  0]LogConsoleResponse: Display: 
[2018.03.01-21.21.28:668][  0]LogCook: Display: Max memory allowance for cook 16384mb min free memory 0mb
[2018.03.01-21.21.28:668][  0]LogCook: Display: Mobile HDR setting 1
[2018.03.01-21.21.28:668][  0]LogGameplayTags: Display: UGameplayTagsManager::DoneAddingNativeTags. DelegateIsBound: 0
[2018.03.01-21.21.28:981][  0]LogFileCache: Scanning file cache for directory 'C:/Users/Shawnthebro/Documents/GitHub/FightingGame/Super80sFighter/Content/' took 0.02s
[2018.03.01-21.21.31:004][  0]SourceControl: Source control is disabled
[2018.03.01-21.21.31:004][  0]Cmd: MAP LOAD FILE="../../../../../../Users/Shawnthebro/Documents/GitHub/FightingGame/Super80sFighter/Content/SideScrollerCPP/Maps/Main_Menu.umap" TEMPLATE=0 SHOWPROGRESS=1 FEATURELEVEL=3
[2018.03.01-21.21.31:005][  0]LightingResults: New page: Lighting Build
[2018.03.01-21.21.31:083][  0]MapCheck: New page: Map Check
[2018.03.01-21.21.31:084][  0]LightingResults: New page: Lighting Build
[2018.03.01-21.21.31:168][  0]LogLinker: Error: HOTRELOADED_Super80sFighterGameMode_0 has an inappropriate outermost, it was probably saved with a deprecated outer (file: ../../../../../../Users/Shawnthebro/Documents/GitHub/FightingGame/Super80sFighter/Content/SideScrollerCPP/Blueprints/HUD/Options_Menu.uasset)
[2018.03.01-21.21.31:170][  0]LogLinker: Error: HOTRELOADED_Super80sFighterGameMode_0 has an inappropriate outermost, it was probably saved with a deprecated outer (file: ../../../../../../Users/Shawnthebro/Documents/GitHub/FightingGame/Super80sFighter/Content/SideScrollerCPP/Blueprints/HUD/Options_Menu.uasset)
[2018.03.01-21.21.31:170][  0]LogLinker: Error: HOTRELOADED_Super80sFighterGameMode_0 has an inappropriate outermost, it was probably saved with a deprecated outer (file: ../../../../../../Users/Shawnthebro/Documents/GitHub/FightingGame/Super80sFighter/Content/SideScrollerCPP/Blueprints/HUD/Options_Menu.uasset)
[2018.03.01-21.21.31:170][  0]LogLinker: Error: HOTRELOADED_Super80sFighterGameMode_0 has an inappropriate outermost, it was probably saved with a deprecated outer (file: ../../../../../../Users/Shawnthebro/Documents/GitHub/FightingGame/Super80sFighter/Content/SideScrollerCPP/Blueprints/HUD/Options_Menu.uasset)
[2018.03.01-21.21.31:171][  0]LogLinker: Error: HOTRELOADED_Super80sFighterGameMode_0 has an inappropriate outermost, it was probably saved with a deprecated outer (file: ../../../../../../Users/Shawnthebro/Documents/GitHub/FightingGame/Super80sFighter/Content/SideScrollerCPP/Blueprints/HUD/Options_Menu.uasset)
[2018.03.01-21.21.31:171][  0]LogLinker: Error: HOTRELOADED_Super80sFighterGameMode_0 has an inappropriate outermost, it was probably saved with a deprecated outer (file: ../../../../../../Users/Shawnthebro/Documents/GitHub/FightingGame/Super80sFighter/Content/SideScrollerCPP/Blueprints/HUD/Options_Menu.uasset)
[2018.03.01-21.21.31:171][  0]LogLinker: Error: HOTRELOADED_Super80sFighterGameMode_0 has an inappropriate outermost, it was probably saved with a deprecated outer (file: ../../../../../../Users/Shawnthebro/Documents/GitHub/FightingGame/Super80sFighter/Content/SideScrollerCPP/Blueprints/HUD/Options_Menu.uasset)
[2018.03.01-21.21.31:171][  0]LogLinker: Error: HOTRELOADED_Super80sFighterGameMode_0 has an inappropriate outermost, it was probably saved with a deprecated outer (file: ../../../../../../Users/Shawnthebro/Documents/GitHub/FightingGame/Super80sFighter/Content/SideScrollerCPP/Blueprints/HUD/Options_Menu.uasset)
[2018.03.01-21.21.31:177][  0]LogLinker: Error: HOTRELOADED_Super80sFighterGameMode_0 has an inappropriate outermost, it was probably saved with a deprecated outer (file: ../../../../../../Users/Shawnthebro/Documents/GitHub/FightingGame/Super80sFighter/Content/SideScrollerCPP/Blueprints/HUD/Options_Menu.uasset)
[2018.03.01-21.21.31:178][  0]LogLinker: Error: HOTRELOADED_Super80sFighterGameMode_0 has an inappropriate outermost, it was probably saved with a deprecated outer (file: ../../../../../../Users/Shawnthebro/Documents/GitHub/FightingGame/Super80sFighter/Content/SideScrollerCPP/Blueprints/HUD/Options_Menu.uasset)
[2018.03.01-21.21.31:178][  0]LogLinker: Error: HOTRELOADED_Super80sFighterGameMode_0 has an inappropriate outermost, it was probably saved with a deprecated outer (file: ../../../../../../Users/Shawnthebro/Documents/GitHub/FightingGame/Super80sFighter/Content/SideScrollerCPP/Blueprints/HUD/Options_Menu.uasset)
[2018.03.01-21.21.31:178][  0]LogLinker: Error: HOTRELOADED_Super80sFighterGameMode_0 has an inappropriate outermost, it was probably saved with a deprecated outer (file: ../../../../../../Users/Shawnthebro/Documents/GitHub/FightingGame/Super80sFighter/Content/SideScrollerCPP/Blueprints/HUD/Options_Menu.uasset)
[2018.03.01-21.21.31:178][  0]LogLinker: Error: HOTRELOADED_Super80sFighterGameMode_0 has an inappropriate outermost, it was probably saved with a deprecated outer (file: ../../../../../../Users/Shawnthebro/Documents/GitHub/FightingGame/Super80sFighter/Content/SideScrollerCPP/Blueprints/HUD/Options_Menu.uasset)
[2018.03.01-21.21.31:178][  0]LogLinker: Error: HOTRELOADED_Super80sFighterGameMode_0 has an inappropriate outermost, it was probably saved with a deprecated outer (file: ../../../../../../Users/Shawnthebro/Documents/GitHub/FightingGame/Super80sFighter/Content/SideScrollerCPP/Blueprints/HUD/Options_Menu.uasset)
[2018.03.01-21.21.31:178][  0]LogLinker: Error: HOTRELOADED_Super80sFighterGameMode_0 has an inappropriate outermost, it was probably saved with a deprecated outer (file: ../../../../../../Users/Shawnthebro/Documents/GitHub/FightingGame/Super80sFighter/Content/SideScrollerCPP/Blueprints/HUD/Options_Menu.uasset)
[2018.03.01-21.21.31:179][  0]LogLinker: Error: HOTRELOADED_Super80sFighterGameMode_0 has an inappropriate outermost, it was probably saved with a deprecated outer (file: ../../../../../../Users/Shawnthebro/Documents/GitHub/FightingGame/Super80sFighter/Content/SideScrollerCPP/Blueprints/HUD/Options_Menu.uasset)
[2018.03.01-21.21.31:796][  0]LogAIModule: Creating AISystem for world Main_Menu
[2018.03.01-21.21.31:798][  0]LogEditorServer: Finished looking for orphan Actors (0.000 secs)
[2018.03.01-21.21.31:813][  0]Cmd: MAP CHECKDEP NOCLEARLOG
[2018.03.01-21.21.31:895][  0]MapCheck: Map check complete: 0 Error(s), 0 Warning(s), took 82.217ms to complete.
[2018.03.01-21.21.31:896][  0]LogFileHelpers: Loading map 'Main_Menu' took 0.892
[2018.03.01-21.21.32:154][  0]LogCollectionManager: Loaded 0 collections in 0.003993 seconds
[2018.03.01-21.21.32:278][  0]LogFileCache: Scanning file cache for directory 'C:/Users/Shawnthebro/Documents/GitHub/FightingGame/Super80sFighter/Saved/Collections/' took 0.01s
[2018.03.01-21.21.32:278][  0]LogFileCache: Scanning file cache for directory 'C:/Users/Shawnthebro/Documents/GitHub/FightingGame/Super80sFighter/Content/Developers/Shawnthebro/Collections/' took 0.02s
[2018.03.01-21.21.32:279][  0]LogFileCache: Scanning file cache for directory 'C:/Users/Shawnthebro/Documents/GitHub/FightingGame/Super80sFighter/Content/Collections/' took 0.02s
[2018.03.01-21.21.32:279][  0]LogCollectionManager: Rebuilt the GUID cache for 0 collections in 0.000000 seconds
[2018.03.01-21.21.32:293][  0]LogContentBrowser: Native class hierarchy populated in 0.0136 seconds. Added 2383 classes and 522 folders.
[2018.03.01-21.21.32:409][  0]LogContentBrowser: Native class hierarchy updated for 'WidgetCarousel' in 0.0008 seconds. Added 0 classes and 0 folders.
[2018.03.01-21.21.32:466][  0]LogContentBrowser: Native class hierarchy updated for 'AddContentDialog' in 0.0007 seconds. Added 0 classes and 0 folders.
[2018.03.01-21.21.32:563][  0]LogContentBrowser: Native class hierarchy updated for 'SceneOutliner' in 0.0008 seconds. Added 1 classes and 2 folders.
[2018.03.01-21.21.32:632][  0]LogSlate: Took 0.000361 seconds to synchronously load lazily loaded font '../../../Engine/Content/Slate/Fonts/Roboto-Regular.ttf' (155K)
[2018.03.01-21.21.32:642][  0]LogSlate: Took 0.001858 seconds to synchronously load lazily loaded font '../../../Engine/Content/Slate/Fonts/Roboto-Bold.ttf' (160K)
[2018.03.01-21.21.32:657][  0]LogSlate: Took 0.000265 seconds to synchronously load lazily loaded font '../../../Engine/Content/Editor/Slate/Fonts/FontAwesome.ttf' (139K)
[2018.03.01-21.21.32:806][  0]LogRenderer: Reallocating scene render targets to support 1208x576 Format 10 NumSamples 1 (Frame:1).
[2018.03.01-21.21.32:880][  0]LogSlate: Took 0.000193 seconds to synchronously load lazily loaded font '../../../Engine/Content/Slate/Fonts/Roboto-Light.ttf' (159K)
[2018.03.01-21.21.33:119][  0]LogContentBrowser: Native class hierarchy updated for 'HierarchicalLODOutliner' in 0.0008 seconds. Added 1 classes and 2 folders.
[2018.03.01-21.21.33:119][  0]LogLoad: (Engine Initialization) Total time: 35.02 seconds
[2018.03.01-21.21.33:119][  0]LogLoad: (Engine Initialization) Total Blueprint compile time: 0.00 seconds
[2018.03.01-21.21.33:120][  0]LogExternalProfiler: Found external profiler: VSPerf
[2018.03.01-21.21.33:120][  0]LogExternalProfiler: Using external profiler: VSPerf
[2018.03.01-21.21.33:131][  0]LogWindowsTextInputMethodSystem: Display: IME system now deactivated.
[2018.03.01-21.21.33:171][  0]LogContentStreaming: Texture pool size now 1000 MB
[2018.03.01-21.21.33:263][  1]LogSubstanceLiveLink: Warning: Unable to send data along socket, closing connection
[2018.03.01-21.21.33:269][  1]LogFileCache: Retrieving MD5 hashes for directory 'C:/Users/Shawnthebro/Documents/GitHub/FightingGame/Super80sFighter/Content/' took 0.12s
[2018.03.01-21.21.33:291][  1]LogAssetRegistry: Asset discovery search completed in 21.8202 seconds
[2018.03.01-21.21.33:294][  1]LogCollectionManager: Rebuilt the object cache for 0 collections in 0.000000 seconds (found 0 objects)
[2018.03.01-21.21.33:294][  1]LogCollectionManager: Fixed up redirectors for 0 collections in 0.000252 seconds (updated 0 objects)
[2018.03.01-21.21.36:091][223]LogTemp: Repeating last play command: New Editor Window (PIE)
[2018.03.01-21.21.36:142][223]LogBlueprintUserMessages: Early PlayInEditor Detection: Level '/Game/SideScrollerCPP/Maps/Main_Menu.Main_Menu:PersistentLevel' has LevelScriptBlueprint '/Game/SideScrollerCPP/Maps/Main_Menu.Main_Menu:PersistentLevel.Main_Menu' with GeneratedClass '/Game/SideScrollerCPP/Maps/Main_Menu.Main_Menu_C' with ClassGeneratedBy '/Game/SideScrollerCPP/Maps/Main_Menu.Main_Menu:PersistentLevel.Main_Menu'
[2018.03.01-21.21.36:142][223]LogPlayLevel: PlayLevel: No blueprints needed recompiling
[2018.03.01-21.21.36:143][223]PIE: New page: PIE session: Main_Menu (Mar 1, 2018, 11:21:36 AM)
[2018.03.01-21.21.36:144][223]LogPlayLevel: Creating play world package: /Game/SideScrollerCPP/Maps/UEDPIE_0_Main_Menu
[2018.03.01-21.21.36:146][223]LogPlayLevel: PIE: StaticDuplicateObject took: (0.001980s)
[2018.03.01-21.21.36:147][223]LogAIModule: Creating AISystem for world Main_Menu
[2018.03.01-21.21.36:148][223]LogPlayLevel: PIE: World Init took: (0.001413s)
[2018.03.01-21.21.36:148][223]LogPlayLevel: PIE: Created PIE world by copying editor world from /Game/SideScrollerCPP/Maps/Main_Menu.Main_Menu to /Game/SideScrollerCPP/Maps/UEDPIE_0_Main_Menu.Main_Menu (0.004536s)
[2018.03.01-21.21.36:165][223]LogInit: XAudio2 using 'Speakers (2- Conexant ISST Audio)' : 2 channels at 48 kHz using 32 bits per sample (channel mask 0x3)
[2018.03.01-21.21.36:177][223]LogInit: FAudioDevice initialized.
[2018.03.01-21.21.36:254][223]LogLoad: Game class is 'MySuper80sFighterGameMode_C'
[2018.03.01-21.21.36:257][223]LogWorld: Bringing World /Game/SideScrollerCPP/Maps/UEDPIE_0_Main_Menu.Main_Menu up for play (max tick rate 0) at 2018.03.01-16.21.36
[2018.03.01-21.21.36:257][223]LogWorld: Bringing up level for play took: 0.000809
[2018.03.01-21.21.36:332][223]LogContentBrowser: Native class hierarchy updated for 'MovieSceneCapture' in 0.0008 seconds. Added 11 classes and 0 folders.
[2018.03.01-21.21.36:348][223]PIE: Play in editor start time for /Game/SideScrollerCPP/Maps/UEDPIE_0_Main_Menu 0.226
[2018.03.01-21.21.36:349][223]LogBlueprintUserMessages: Late PlayInEditor Detection: Level '/Game/SideScrollerCPP/Maps/Main_Menu.Main_Menu:PersistentLevel' has LevelScriptBlueprint '/Game/SideScrollerCPP/Maps/Main_Menu.Main_Menu:PersistentLevel.Main_Menu' with GeneratedClass '/Game/SideScrollerCPP/Maps/Main_Menu.Main_Menu_C' with ClassGeneratedBy '/Game/SideScrollerCPP/Maps/Main_Menu.Main_Menu:PersistentLevel.Main_Menu'
[2018.03.01-21.21.36:358][223]LogRenderer: Reallocating scene render targets to support 1292x756 Format 10 NumSamples 1 (Frame:1).
[2018.03.01-21.21.36:359][223]LogAudio: Warning: Detected orphaned looping sound '_80s_Sample_4_Cue'.
[2018.03.01-21.21.58:270][  0]LogBlueprintUserMessages: Early EndPlayMap Detection: Level '/Game/SideScrollerCPP/Maps/Main_Menu.Main_Menu:PersistentLevel' has LevelScriptBlueprint '/Game/SideScrollerCPP/Maps/Main_Menu.Main_Menu:PersistentLevel.Main_Menu' with GeneratedClass '/Game/SideScrollerCPP/Maps/Main_Menu.Main_Menu_C' with ClassGeneratedBy '/Game/SideScrollerCPP/Maps/Main_Menu.Main_Menu:PersistentLevel.Main_Menu'
[2018.03.01-21.21.58:329][  0]LogBlueprintUserMessages: Late EndPlayMap Detection: Level '/Game/SideScrollerCPP/Maps/Main_Menu.Main_Menu:PersistentLevel' has LevelScriptBlueprint '/Game/SideScrollerCPP/Maps/Main_Menu.Main_Menu:PersistentLevel.Main_Menu' with GeneratedClass '/Game/SideScrollerCPP/Maps/Main_Menu.Main_Menu_C' with ClassGeneratedBy '/Game/SideScrollerCPP/Maps/Main_Menu.Main_Menu:PersistentLevel.Main_Menu'
