"../../../Engine/Binaries/Win64/UE4Editor.version" 1
"F:/School Stuff/Full Sail Classes/Work Study/Unreal/Fighting-Game/Super80sFighter/Super80sFighter.uproject" 2
"../../../Engine/Plugins/2D/Paper2D/Paper2D.uplugin" 3
"../../../Engine/Plugins/Blendables/LightPropagationVolume/LightPropagationVolume.uplugin" 4
"../../../Engine/Plugins/Compositing/Composure/Composure.uplugin" 5
"../../../Engine/Plugins/Compositing/LensDistortion/LensDistortion.uplugin" 6
"../../../Engine/Plugins/Developer/BlankPlugin/BlankPlugin.uplugin" 7
"../../../Engine/Plugins/Developer/CodeLiteSourceCodeAccess/CodeLiteSourceCodeAccess.uplugin" 8
"../../../Engine/Plugins/Developer/GitSourceControl/GitSourceControl.uplugin" 9
"../../../Engine/Plugins/Developer/KDevelopSourceCodeAccess/KDevelopSourceCodeAccess.uplugin" 10
"../../../Engine/Plugins/Developer/NullSourceCodeAccess/NullSourceCodeAccess.uplugin" 11
"../../../Engine/Plugins/Developer/OneSkyLocalizationService/OneSkyLocalizationService.uplugin" 12
"../../../Engine/Plugins/Developer/PerforceSourceControl/PerforceSourceControl.uplugin" 13
"../../../Engine/Plugins/Developer/RenderDocPlugin/RenderDocPlugin.uplugin" 14
"../../../Engine/Plugins/Developer/SubversionSourceControl/SubversionSourceControl.uplugin" 15
"../../../Engine/Plugins/Developer/UObjectPlugin/UObjectPlugin.uplugin" 16
"../../../Engine/Plugins/Developer/VisualStudioCodeSourceCodeAccess/VisualStudioCodeSourceCodeAccess.uplugin" 17
"../../../Engine/Plugins/Developer/VisualStudioSourceCodeAccess/VisualStudioSourceCodeAccess.uplugin" 18
"../../../Engine/Plugins/Developer/XCodeSourceCodeAccess/XCodeSourceCodeAccess.uplugin" 19
"../../../Engine/Plugins/Editor/AssetManagerEditor/AssetManagerEditor.uplugin" 20
"../../../Engine/Plugins/Editor/AudioCapture/AudioCapture.uplugin" 21
"../../../Engine/Plugins/Editor/BlueprintMaterialTextureNodes/BlueprintMaterialTextureNodes.uplugin" 22
"../../../Engine/Plugins/Editor/EpicSurvey/EpicSurvey.uplugin" 23
"../../../Engine/Plugins/Editor/FacialAnimation/FacialAnimation.uplugin" 24
"../../../Engine/Plugins/Editor/GameplayTagsEditor/GameplayTagsEditor.uplugin" 25
"../../../Engine/Plugins/Editor/MobileLauncherProfileWizard/MobileLauncherProfileWizard.uplugin" 26
"../../../Engine/Plugins/Editor/PluginBrowser/PluginBrowser.uplugin" 27
"../../../Engine/Plugins/Editor/SpeedTreeImporter/SpeedTreeImporter.uplugin" 28
"../../../Engine/Plugins/Editor/USDImporter/USDImporter.uplugin" 29
"../../../Engine/Plugins/Experimental/AlembicImporter/AlembicImporter.uplugin" 30
"../../../Engine/Plugins/Experimental/BlueprintStats/BlueprintStats.uplugin" 31
"../../../Engine/Plugins/Experimental/CharacterAI/CharacterAI.uplugin" 32
"../../../Engine/Plugins/Experimental/CodeEditor/CodeEditor.uplugin" 33
"../../../Engine/Plugins/Experimental/CodeView/CodeView.uplugin" 34
"../../../Engine/Plugins/Experimental/ControlRig/ControlRig.uplugin" 35
"../../../Engine/Plugins/Experimental/HTML5Networking/HTML5Networking.uplugin" 36
"../../../Engine/Plugins/Experimental/ImagePlate/ImagePlate.uplugin" 37
"../../../Engine/Plugins/Experimental/LiveLink/LiveLink.uplugin" 38
"../../../Engine/Plugins/Experimental/OSVR/OSVR.uplugin" 39
"../../../Engine/Plugins/Experimental/PlatformCrypto/PlatformCrypto.uplugin" 40
"../../../Engine/Plugins/Experimental/RawInput/RawInput.uplugin" 41
"../../../Engine/Plugins/Experimental/SimpleHMD/SimpleHMD.uplugin" 42
"../../../Engine/Plugins/Experimental/StereoPanorama/StereoPanorama.uplugin" 43
"../../../Engine/Plugins/Experimental/StructBox/StructBox.uplugin" 44
"../../../Engine/Plugins/FX/Niagara/Niagara.uplugin" 45
"../../../Engine/Plugins/Marketplace/Substance/Substance.uplugin" 46
"../../../Engine/Plugins/Media/AndroidCamera/AndroidCamera.uplugin" 47
"../../../Engine/Plugins/Media/AndroidMedia/AndroidMedia.uplugin" 48
"../../../Engine/Plugins/Media/AvfMedia/AvfMedia.uplugin" 49
"../../../Engine/Plugins/Media/ImgMedia/ImgMedia.uplugin" 50
"../../../Engine/Plugins/Media/MediaCompositing/MediaCompositing.uplugin" 51
"../../../Engine/Plugins/Media/MediaPlayerEditor/MediaPlayerEditor.uplugin" 52
"../../../Engine/Plugins/Media/MfMedia/MfMedia.uplugin" 53
"../../../Engine/Plugins/Media/WmfMedia/WmfMedia.uplugin" 54
"../../../Engine/Plugins/Messaging/MessagingDebugger/MessagingDebugger.uplugin" 55
"../../../Engine/Plugins/Messaging/TcpMessaging/TcpMessaging.uplugin" 56
"../../../Engine/Plugins/Messaging/UdpMessaging/UdpMessaging.uplugin" 57
"../../../Engine/Plugins/MovieScene/ActorSequence/ActorSequence.uplugin" 58
"../../../Engine/Plugins/MovieScene/ActorSequenceEditor/ActorSequenceEditor.uplugin" 59
"../../../Engine/Plugins/MovieScene/LevelSequenceEditor/LevelSequenceEditor.uplugin" 60
"../../../Engine/Plugins/MovieScene/MatineeToLevelSequence/MatineeToLevelSequence.uplugin" 61
"../../../Engine/Plugins/NetcodeUnitTest/NetcodeUnitTest/NetcodeUnitTest.uplugin" 62
"../../../Engine/Plugins/NetcodeUnitTest/NUTUnrealEngine4/NUTUnrealEngine4.uplugin" 63
"../../../Engine/Plugins/Online/Android/OnlineSubsystemGameCircle/OnlineSubsystemGameCircle.uplugin" 64
"../../../Engine/Plugins/Online/Android/OnlineSubsystemGooglePlay/OnlineSubsystemGooglePlay.uplugin" 65
"../../../Engine/Plugins/Online/IOS/OnlineSubsystemIOS/OnlineSubsystemIOS.uplugin" 66
"../../../Engine/Plugins/Online/OnlineFramework/OnlineFramework.uplugin" 67
"../../../Engine/Plugins/Online/OnlineSubsystem/OnlineSubsystem.uplugin" 68
"../../../Engine/Plugins/Online/OnlineSubsystemAmazon/OnlineSubsystemAmazon.uplugin" 69
"../../../Engine/Plugins/Online/OnlineSubsystemFacebook/OnlineSubsystemFacebook.uplugin" 70
"../../../Engine/Plugins/Online/OnlineSubsystemGoogle/OnlineSubsystemGoogle.uplugin" 71
"../../../Engine/Plugins/Online/OnlineSubsystemNull/OnlineSubsystemNull.uplugin" 72
"../../../Engine/Plugins/Online/OnlineSubsystemOculus/OnlineSubsystemOculus.uplugin" 73
"../../../Engine/Plugins/Online/OnlineSubsystemSteam/OnlineSubsystemSteam.uplugin" 74
"../../../Engine/Plugins/Online/OnlineSubsystemTwitch/OnlineSubsystemTwitch.uplugin" 75
"../../../Engine/Plugins/Online/OnlineSubsystemUtils/OnlineSubsystemUtils.uplugin" 76
"../../../Engine/Plugins/Performance/PerformanceMonitor/PerformanceMonitor.uplugin" 77
"../../../Engine/Plugins/Runtime/Advertising/IOSTapJoy/IOSTapJoy.uplugin" 78
"../../../Engine/Plugins/Runtime/Analytics/Adjust/Adjust.uplugin" 79
"../../../Engine/Plugins/Runtime/Analytics/AnalyticsBlueprintLibrary/AnalyticsBlueprintLibrary.uplugin" 80
"../../../Engine/Plugins/Runtime/Analytics/AnalyticsMulticast/AnalyticsMulticast.uplugin" 81
"../../../Engine/Plugins/Runtime/Analytics/Apsalar/Apsalar.uplugin" 82
"../../../Engine/Plugins/Runtime/Analytics/FileLogging/FileLogging.uplugin" 83
"../../../Engine/Plugins/Runtime/Analytics/Flurry/Flurry.uplugin" 84
"../../../Engine/Plugins/Runtime/AndroidDeviceProfileSelector/AndroidDeviceProfileSelector.uplugin" 85
"../../../Engine/Plugins/Runtime/AndroidMoviePlayer/AndroidMoviePlayer.uplugin" 86
"../../../Engine/Plugins/Runtime/AndroidPermission/AndroidPermission.uplugin" 87
"../../../Engine/Plugins/Runtime/ApexDestruction/ApexDestruction.uplugin" 88
"../../../Engine/Plugins/Runtime/AppleARKit/AppleARKit.uplugin" 89
"../../../Engine/Plugins/Runtime/AppleMoviePlayer/AppleMoviePlayer.uplugin" 90
"../../../Engine/Plugins/Runtime/ArchVisCharacter/ArchVisCharacter.uplugin" 91
"../../../Engine/Plugins/Runtime/CableComponent/CableComponent.uplugin" 92
"../../../Engine/Plugins/Runtime/CustomMeshComponent/CustomMeshComponent.uplugin" 93
"../../../Engine/Plugins/Runtime/ExampleDeviceProfileSelector/ExampleDeviceProfileSelector.uplugin" 94
"../../../Engine/Plugins/Runtime/GameplayAbilities/GameplayAbilities.uplugin" 95
"../../../Engine/Plugins/Runtime/GoogleARCore/GoogleARCore.uplugin" 96
"../../../Engine/Plugins/Runtime/GoogleCloudMessaging/GoogleCloudMessaging.uplugin" 97
"../../../Engine/Plugins/Runtime/GoogleVR/GoogleVRController/GoogleVRController.uplugin" 98
"../../../Engine/Plugins/Runtime/GoogleVR/GoogleVRHMD/GoogleVRHMD.uplugin" 99
"../../../Engine/Plugins/Runtime/GoogleVR/GoogleVRTransition2D/GoogleVRTransition2D.uplugin" 100
"../../../Engine/Plugins/Runtime/HTNPlanner/HTNPlanner.uplugin" 101
"../../../Engine/Plugins/Runtime/HTTPChunkInstaller/HTTPChunkInstaller.uplugin" 102
"../../../Engine/Plugins/Runtime/ImmediatePhysics/ImmediatePhysics.uplugin" 103
"../../../Engine/Plugins/Runtime/IOSDeviceProfileSelector/IOSDeviceProfileSelector.uplugin" 104
"../../../Engine/Plugins/Runtime/LeapMotion/LeapMotion.uplugin" 105
"../../../Engine/Plugins/Runtime/LinuxDeviceProfileSelector/LinuxDeviceProfileSelector.uplugin" 106
"../../../Engine/Plugins/Runtime/LocationServicesAndroidImpl/LocationServicesAndroidImpl.uplugin" 107
"../../../Engine/Plugins/Runtime/LocationServicesBPLibrary/LocationServicesBPLibrary.uplugin" 108
"../../../Engine/Plugins/Runtime/LocationServicesIOSImpl/LocationServicesIOSImpl.uplugin" 109
"../../../Engine/Plugins/Runtime/MeshReconstruction/DummyMeshReconstructor/DummyMeshReconstructor.uplugin" 110
"../../../Engine/Plugins/Runtime/MIDIDevice/MIDIDevice.uplugin" 111
"../../../Engine/Plugins/Runtime/MixedRealityFramework/MixedRealityFramework.uplugin" 112
"../../../Engine/Plugins/Runtime/MobilePatchingUtils/MobilePatchingUtils.uplugin" 113
"../../../Engine/Plugins/Runtime/Nvidia/Ansel/Ansel.uplugin" 114
"../../../Engine/Plugins/Runtime/Oculus/OculusAudio/OculusAudio.uplugin" 115
"../../../Engine/Plugins/Runtime/Oculus/OculusVR/OculusVR.uplugin" 116
"../../../Engine/Plugins/Runtime/OptionalMobileFeaturesBPLibrary/OptionalMobileFeaturesBPLibrary.uplugin" 117
"../../../Engine/Plugins/Runtime/PacketHandlers/AESHandlerComponent/AESHandlerComponent.uplugin" 118
"../../../Engine/Plugins/Runtime/PhysXVehicles/PhysXVehicles.uplugin" 119
"../../../Engine/Plugins/Runtime/ProceduralMeshComponent/ProceduralMeshComponent.uplugin" 120
"../../../Engine/Plugins/Runtime/RuntimePhysXCooking/RuntimePhysXCooking.uplugin" 121
"../../../Engine/Plugins/Runtime/SignificanceManager/SignificanceManager.uplugin" 122
"../../../Engine/Plugins/Runtime/SoundMod/SoundMod.uplugin" 123
"../../../Engine/Plugins/Runtime/SoundUtilities/SoundUtilities.uplugin" 124
"../../../Engine/Plugins/Runtime/SoundVisualizations/SoundVisualizations.uplugin" 125
"../../../Engine/Plugins/Runtime/Steam/SteamAudio/SteamAudio.uplugin" 126
"../../../Engine/Plugins/Runtime/Steam/SteamController/SteamController.uplugin" 127
"../../../Engine/Plugins/Runtime/Steam/SteamVR/SteamVR.uplugin" 128
"../../../Engine/Plugins/Runtime/Synthesis/Synthesis.uplugin" 129
"../../../Engine/Plugins/Runtime/WebBrowserWidget/WebBrowserWidget.uplugin" 130
"../../../Engine/Plugins/Runtime/WindowsDeviceProfileSelector/WindowsDeviceProfileSelector.uplugin" 131
"../../../Engine/Plugins/Runtime/WindowsMoviePlayer/WindowsMoviePlayer.uplugin" 132
"../../../Engine/Plugins/ScriptPlugin/ScriptPlugin.uplugin" 133
"../../../Engine/Plugins/Slate/SlateRemote/SlateRemote.uplugin" 134
"../../../Engine/Plugins/Tests/EditorTests/EditorTests.uplugin" 135
"../../../Engine/Plugins/Tests/FbxAutomationTestBuilder/FbxAutomationTestBuilder.uplugin" 136
"../../../Engine/Plugins/Tests/FunctionalTestingEditor/FunctionalTestingEditor.uplugin" 137
"../../../Engine/Plugins/Tests/RuntimeTests/RuntimeTests.uplugin" 138
"../../../Engine/Plugins/Tests/ScreenshotTools/ScreenshotTools.uplugin" 139
"..\..\..\Engine\Content\Internationalization\icudt53l\cnvalias.icu" 140
"..\..\..\Engine\Content\Internationalization\icudt53l\res_index.res" 141
"..\..\..\Engine\Content\Internationalization\icudt53l\plurals.res" 142
"..\..\..\Engine\Content\Internationalization\icudt53l\lang\en.res" 143
"..\..\..\Engine\Content\Internationalization\icudt53l\lang\pool.res" 144
"..\..\..\Engine\Content\Internationalization\icudt53l\lang\root.res" 145
"..\..\..\Engine\Content\Internationalization\icudt53l\region\en.res" 146
"..\..\..\Engine\Content\Internationalization\icudt53l\region\pool.res" 147
"..\..\..\Engine\Content\Internationalization\icudt53l\region\root.res" 148
"..\..\..\Engine\Content\Internationalization\icudt53l\windowsZones.res" 149
"..\..\..\Engine\Content\Internationalization\icudt53l\zoneinfo64.res" 150
"..\..\..\Engine\Content\Internationalization\icudt53l\keyTypeData.res" 151
"..\..\..\Engine\Content\Internationalization\icudt53l\timezoneTypes.res" 152
"..\..\..\Engine\Content\Internationalization\icudt53l\en_US.res" 153
"..\..\..\Engine\Content\Internationalization\icudt53l\pool.res" 154
"..\..\..\Engine\Content\Internationalization\icudt53l\en.res" 155
"..\..\..\Engine\Content\Internationalization\icudt53l\root.res" 156
"C:/Users/dr_dr/AppData/Local/UnrealEngine/4.18/Saved/Config/Windows/Manifest.ini" 157
"../../../Engine/Config/Base.ini" 158
"../../../Engine/Config/BaseEngine.ini" 159
"F:/School Stuff/Full Sail Classes/Work Study/Unreal/Fighting-Game/Super80sFighter/Config/DefaultEngine.ini" 160
"../../../Engine/Config/Windows/WindowsEngine.ini" 161
"F:/School Stuff/Full Sail Classes/Work Study/Unreal/Fighting-Game/Super80sFighter/Saved/Config/Windows/Engine.ini" 162
"../../../../../../School Stuff/Full Sail Classes/Work Study/Unreal/Fighting-Game/Super80sFighter/Intermediate/Config/CoalescedSourceConfigs/Engine.ini" 163
"../../../Engine/Config/BaseGame.ini" 164
"F:/School Stuff/Full Sail Classes/Work Study/Unreal/Fighting-Game/Super80sFighter/Config/DefaultGame.ini" 165
"F:/School Stuff/Full Sail Classes/Work Study/Unreal/Fighting-Game/Super80sFighter/Saved/Config/Windows/Game.ini" 166
"../../../../../../School Stuff/Full Sail Classes/Work Study/Unreal/Fighting-Game/Super80sFighter/Intermediate/Config/CoalescedSourceConfigs/Game.ini" 167
"../../../Engine/Config/BaseInput.ini" 168
"F:/School Stuff/Full Sail Classes/Work Study/Unreal/Fighting-Game/Super80sFighter/Config/DefaultInput.ini" 169
"F:/School Stuff/Full Sail Classes/Work Study/Unreal/Fighting-Game/Super80sFighter/Saved/Config/Windows/Input.ini" 170
"../../../../../../School Stuff/Full Sail Classes/Work Study/Unreal/Fighting-Game/Super80sFighter/Intermediate/Config/CoalescedSourceConfigs/Input.ini" 171
"../../../Engine/Config/BaseEditor.ini" 172
"F:/School Stuff/Full Sail Classes/Work Study/Unreal/Fighting-Game/Super80sFighter/Config/DefaultEditor.ini" 173
"F:/School Stuff/Full Sail Classes/Work Study/Unreal/Fighting-Game/Super80sFighter/Saved/Config/Windows/Editor.ini" 174
"../../../../../../School Stuff/Full Sail Classes/Work Study/Unreal/Fighting-Game/Super80sFighter/Intermediate/Config/CoalescedSourceConfigs/Editor.ini" 175
"../../../Engine/Config/BaseEditorPerProjectUserSettings.ini" 176
"F:/School Stuff/Full Sail Classes/Work Study/Unreal/Fighting-Game/Super80sFighter/Config/DefaultEditorPerProjectUserSettings.ini" 177
"F:/School Stuff/Full Sail Classes/Work Study/Unreal/Fighting-Game/Super80sFighter/Saved/Config/Windows/EditorPerProjectUserSettings.ini" 178
"../../../../../../School Stuff/Full Sail Classes/Work Study/Unreal/Fighting-Game/Super80sFighter/Intermediate/Config/CoalescedSourceConfigs/EditorPerProjectUserSettings.ini" 179
"../../../Engine/Config/BaseEditorSettings.ini" 180
"C:/Users/dr_dr/AppData/Local/UnrealEngine/4.18/Saved/Config/Windows/EditorSettings.ini" 181
"../../../../../../School Stuff/Full Sail Classes/Work Study/Unreal/Fighting-Game/Super80sFighter/Intermediate/Config/CoalescedSourceConfigs/EditorSettings.ini" 182
"../../../Engine/Config/BaseEditorLayout.ini" 183
"C:/Users/dr_dr/AppData/Local/UnrealEngine/4.18/Saved/Config/Windows/EditorLayout.ini" 184
"../../../../../../School Stuff/Full Sail Classes/Work Study/Unreal/Fighting-Game/Super80sFighter/Intermediate/Config/CoalescedSourceConfigs/EditorLayout.ini" 185
"../../../Engine/Config/BaseEditorKeyBindings.ini" 186
"C:/Users/dr_dr/AppData/Local/UnrealEngine/4.18/Saved/Config/Windows/EditorKeyBindings.ini" 187
"../../../../../../School Stuff/Full Sail Classes/Work Study/Unreal/Fighting-Game/Super80sFighter/Intermediate/Config/CoalescedSourceConfigs/EditorKeyBindings.ini" 188
"../../../Engine/Config/BaseCompat.ini" 189
"F:/School Stuff/Full Sail Classes/Work Study/Unreal/Fighting-Game/Super80sFighter/Saved/Config/Windows/Compat.ini" 190
"../../../../../../School Stuff/Full Sail Classes/Work Study/Unreal/Fighting-Game/Super80sFighter/Intermediate/Config/CoalescedSourceConfigs/Compat.ini" 191
"../../../Engine/Config/BaseLightmass.ini" 192
"F:/School Stuff/Full Sail Classes/Work Study/Unreal/Fighting-Game/Super80sFighter/Saved/Config/Windows/Lightmass.ini" 193
"../../../../../../School Stuff/Full Sail Classes/Work Study/Unreal/Fighting-Game/Super80sFighter/Intermediate/Config/CoalescedSourceConfigs/Lightmass.ini" 194
"../../../Engine/Config/BaseScalability.ini" 195
"F:/School Stuff/Full Sail Classes/Work Study/Unreal/Fighting-Game/Super80sFighter/Saved/Config/Windows/Scalability.ini" 196
"../../../../../../School Stuff/Full Sail Classes/Work Study/Unreal/Fighting-Game/Super80sFighter/Intermediate/Config/CoalescedSourceConfigs/Scalability.ini" 197
"../../../Engine/Config/BaseHardware.ini" 198
"F:/School Stuff/Full Sail Classes/Work Study/Unreal/Fighting-Game/Super80sFighter/Saved/Config/Windows/Hardware.ini" 199
"../../../../../../School Stuff/Full Sail Classes/Work Study/Unreal/Fighting-Game/Super80sFighter/Intermediate/Config/CoalescedSourceConfigs/Hardware.ini" 200
"F:/School Stuff/Full Sail Classes/Work Study/Unreal/Fighting-Game/Super80sFighter/Saved/Config/Windows/GameUserSettings.ini" 201
"../../../../../../School Stuff/Full Sail Classes/Work Study/Unreal/Fighting-Game/Super80sFighter/Intermediate/Config/CoalescedSourceConfigs/GameUserSettings.ini" 202
"../../../Engine/Plugins/2D/Paper2D/Config/BasePaper2D.ini" 203
"F:/School Stuff/Full Sail Classes/Work Study/Unreal/Fighting-Game/Super80sFighter/Saved/Config/Windows/Paper2D.ini" 204
"../../../../../../School Stuff/Full Sail Classes/Work Study/Unreal/Fighting-Game/Super80sFighter/Intermediate/Config/CoalescedSourceConfigs/Paper2D.ini" 205
"../../../../../../School Stuff/Full Sail Classes/Work Study/Unreal/Fighting-Game/Super80sFighter/Intermediate/Config/CoalescedSourceConfigs/LightPropagationVolume.ini" 206
"../../../../../../School Stuff/Full Sail Classes/Work Study/Unreal/Fighting-Game/Super80sFighter/Intermediate/Config/CoalescedSourceConfigs/CodeLiteSourceCodeAccess.ini" 207
"../../../../../../School Stuff/Full Sail Classes/Work Study/Unreal/Fighting-Game/Super80sFighter/Intermediate/Config/CoalescedSourceConfigs/GitSourceControl.ini" 208
"../../../../../../School Stuff/Full Sail Classes/Work Study/Unreal/Fighting-Game/Super80sFighter/Intermediate/Config/CoalescedSourceConfigs/KDevelopSourceCodeAccess.ini" 209
"../../../../../../School Stuff/Full Sail Classes/Work Study/Unreal/Fighting-Game/Super80sFighter/Intermediate/Config/CoalescedSourceConfigs/NullSourceCodeAccess.ini" 210
"../../../../../../School Stuff/Full Sail Classes/Work Study/Unreal/Fighting-Game/Super80sFighter/Intermediate/Config/CoalescedSourceConfigs/PerforceSourceControl.ini" 211
"../../../../../../School Stuff/Full Sail Classes/Work Study/Unreal/Fighting-Game/Super80sFighter/Intermediate/Config/CoalescedSourceConfigs/SubversionSourceControl.ini" 212
"../../../../../../School Stuff/Full Sail Classes/Work Study/Unreal/Fighting-Game/Super80sFighter/Intermediate/Config/CoalescedSourceConfigs/UObjectPlugin.ini" 213
"../../../../../../School Stuff/Full Sail Classes/Work Study/Unreal/Fighting-Game/Super80sFighter/Intermediate/Config/CoalescedSourceConfigs/VisualStudioCodeSourceCodeAccess.ini" 214
"../../../../../../School Stuff/Full Sail Classes/Work Study/Unreal/Fighting-Game/Super80sFighter/Intermediate/Config/CoalescedSourceConfigs/VisualStudioSourceCodeAccess.ini" 215
"../../../../../../School Stuff/Full Sail Classes/Work Study/Unreal/Fighting-Game/Super80sFighter/Intermediate/Config/CoalescedSourceConfigs/XCodeSourceCodeAccess.ini" 216
"../../../../../../School Stuff/Full Sail Classes/Work Study/Unreal/Fighting-Game/Super80sFighter/Intermediate/Config/CoalescedSourceConfigs/AssetManagerEditor.ini" 217
"../../../../../../School Stuff/Full Sail Classes/Work Study/Unreal/Fighting-Game/Super80sFighter/Intermediate/Config/CoalescedSourceConfigs/AudioCapture.ini" 218
"../../../../../../School Stuff/Full Sail Classes/Work Study/Unreal/Fighting-Game/Super80sFighter/Intermediate/Config/CoalescedSourceConfigs/FacialAnimation.ini" 219
"../../../../../../School Stuff/Full Sail Classes/Work Study/Unreal/Fighting-Game/Super80sFighter/Intermediate/Config/CoalescedSourceConfigs/GameplayTagsEditor.ini" 220
"../../../../../../School Stuff/Full Sail Classes/Work Study/Unreal/Fighting-Game/Super80sFighter/Intermediate/Config/CoalescedSourceConfigs/MobileLauncherProfileWizard.ini" 221
"../../../../../../School Stuff/Full Sail Classes/Work Study/Unreal/Fighting-Game/Super80sFighter/Intermediate/Config/CoalescedSourceConfigs/PluginBrowser.ini" 222
"../../../../../../School Stuff/Full Sail Classes/Work Study/Unreal/Fighting-Game/Super80sFighter/Intermediate/Config/CoalescedSourceConfigs/SpeedTreeImporter.ini" 223
"../../../../../../School Stuff/Full Sail Classes/Work Study/Unreal/Fighting-Game/Super80sFighter/Intermediate/Config/CoalescedSourceConfigs/AlembicImporter.ini" 224
"../../../../../../School Stuff/Full Sail Classes/Work Study/Unreal/Fighting-Game/Super80sFighter/Intermediate/Config/CoalescedSourceConfigs/CharacterAI.ini" 225
"../../../../../../School Stuff/Full Sail Classes/Work Study/Unreal/Fighting-Game/Super80sFighter/Intermediate/Config/CoalescedSourceConfigs/HTML5Networking.ini" 226
"../../../../../../School Stuff/Full Sail Classes/Work Study/Unreal/Fighting-Game/Super80sFighter/Intermediate/Config/CoalescedSourceConfigs/Substance.ini" 227
"../../../../../../School Stuff/Full Sail Classes/Work Study/Unreal/Fighting-Game/Super80sFighter/Intermediate/Config/CoalescedSourceConfigs/AndroidMedia.ini" 228
"../../../../../../School Stuff/Full Sail Classes/Work Study/Unreal/Fighting-Game/Super80sFighter/Intermediate/Config/CoalescedSourceConfigs/AvfMedia.ini" 229
"../../../../../../School Stuff/Full Sail Classes/Work Study/Unreal/Fighting-Game/Super80sFighter/Intermediate/Config/CoalescedSourceConfigs/ImgMedia.ini" 230
"../../../../../../School Stuff/Full Sail Classes/Work Study/Unreal/Fighting-Game/Super80sFighter/Intermediate/Config/CoalescedSourceConfigs/MediaCompositing.ini" 231
"../../../../../../School Stuff/Full Sail Classes/Work Study/Unreal/Fighting-Game/Super80sFighter/Intermediate/Config/CoalescedSourceConfigs/MediaPlayerEditor.ini" 232
"../../../../../../School Stuff/Full Sail Classes/Work Study/Unreal/Fighting-Game/Super80sFighter/Intermediate/Config/CoalescedSourceConfigs/WmfMedia.ini" 233
"../../../../../../School Stuff/Full Sail Classes/Work Study/Unreal/Fighting-Game/Super80sFighter/Intermediate/Config/CoalescedSourceConfigs/TcpMessaging.ini" 234
"../../../../../../School Stuff/Full Sail Classes/Work Study/Unreal/Fighting-Game/Super80sFighter/Intermediate/Config/CoalescedSourceConfigs/UdpMessaging.ini" 235
"../../../../../../School Stuff/Full Sail Classes/Work Study/Unreal/Fighting-Game/Super80sFighter/Intermediate/Config/CoalescedSourceConfigs/ActorSequence.ini" 236
"../../../../../../School Stuff/Full Sail Classes/Work Study/Unreal/Fighting-Game/Super80sFighter/Intermediate/Config/CoalescedSourceConfigs/LevelSequenceEditor.ini" 237
"../../../../../../School Stuff/Full Sail Classes/Work Study/Unreal/Fighting-Game/Super80sFighter/Intermediate/Config/CoalescedSourceConfigs/MatineeToLevelSequence.ini" 238
"../../../../../../School Stuff/Full Sail Classes/Work Study/Unreal/Fighting-Game/Super80sFighter/Intermediate/Config/CoalescedSourceConfigs/OnlineSubsystemGooglePlay.ini" 239
"../../../../../../School Stuff/Full Sail Classes/Work Study/Unreal/Fighting-Game/Super80sFighter/Intermediate/Config/CoalescedSourceConfigs/OnlineSubsystemIOS.ini" 240
"../../../../../../School Stuff/Full Sail Classes/Work Study/Unreal/Fighting-Game/Super80sFighter/Intermediate/Config/CoalescedSourceConfigs/OnlineSubsystem.ini" 241
"../../../../../../School Stuff/Full Sail Classes/Work Study/Unreal/Fighting-Game/Super80sFighter/Intermediate/Config/CoalescedSourceConfigs/OnlineSubsystemNull.ini" 242
"../../../../../../School Stuff/Full Sail Classes/Work Study/Unreal/Fighting-Game/Super80sFighter/Intermediate/Config/CoalescedSourceConfigs/OnlineSubsystemUtils.ini" 243
"../../../../../../School Stuff/Full Sail Classes/Work Study/Unreal/Fighting-Game/Super80sFighter/Intermediate/Config/CoalescedSourceConfigs/AndroidDeviceProfileSelector.ini" 244
"../../../../../../School Stuff/Full Sail Classes/Work Study/Unreal/Fighting-Game/Super80sFighter/Intermediate/Config/CoalescedSourceConfigs/AndroidMoviePlayer.ini" 245
"../../../../../../School Stuff/Full Sail Classes/Work Study/Unreal/Fighting-Game/Super80sFighter/Intermediate/Config/CoalescedSourceConfigs/AndroidPermission.ini" 246
"../../../../../../School Stuff/Full Sail Classes/Work Study/Unreal/Fighting-Game/Super80sFighter/Intermediate/Config/CoalescedSourceConfigs/AppleARKit.ini" 247
"../../../../../../School Stuff/Full Sail Classes/Work Study/Unreal/Fighting-Game/Super80sFighter/Intermediate/Config/CoalescedSourceConfigs/AppleMoviePlayer.ini" 248
"../../../../../../School Stuff/Full Sail Classes/Work Study/Unreal/Fighting-Game/Super80sFighter/Intermediate/Config/CoalescedSourceConfigs/ArchVisCharacter.ini" 249
"../../../../../../School Stuff/Full Sail Classes/Work Study/Unreal/Fighting-Game/Super80sFighter/Intermediate/Config/CoalescedSourceConfigs/CableComponent.ini" 250
"../../../../../../School Stuff/Full Sail Classes/Work Study/Unreal/Fighting-Game/Super80sFighter/Intermediate/Config/CoalescedSourceConfigs/CustomMeshComponent.ini" 251
"../../../../../../School Stuff/Full Sail Classes/Work Study/Unreal/Fighting-Game/Super80sFighter/Intermediate/Config/CoalescedSourceConfigs/ExampleDeviceProfileSelector.ini" 252
"../../../../../../School Stuff/Full Sail Classes/Work Study/Unreal/Fighting-Game/Super80sFighter/Intermediate/Config/CoalescedSourceConfigs/GoogleCloudMessaging.ini" 253
"../../../../../../School Stuff/Full Sail Classes/Work Study/Unreal/Fighting-Game/Super80sFighter/Intermediate/Config/CoalescedSourceConfigs/ImmediatePhysics.ini" 254
"../../../../../../School Stuff/Full Sail Classes/Work Study/Unreal/Fighting-Game/Super80sFighter/Intermediate/Config/CoalescedSourceConfigs/IOSDeviceProfileSelector.ini" 255
"../../../../../../School Stuff/Full Sail Classes/Work Study/Unreal/Fighting-Game/Super80sFighter/Intermediate/Config/CoalescedSourceConfigs/LinuxDeviceProfileSelector.ini" 256
"../../../../../../School Stuff/Full Sail Classes/Work Study/Unreal/Fighting-Game/Super80sFighter/Intermediate/Config/CoalescedSourceConfigs/LocationServicesBPLibrary.ini" 257
"../../../../../../School Stuff/Full Sail Classes/Work Study/Unreal/Fighting-Game/Super80sFighter/Intermediate/Config/CoalescedSourceConfigs/MobilePatchingUtils.ini" 258
"../../../Engine/Plugins/Runtime/Oculus/OculusVR/Config/BaseOculusVR.ini" 259
"F:/School Stuff/Full Sail Classes/Work Study/Unreal/Fighting-Game/Super80sFighter/Saved/Config/Windows/OculusVR.ini" 260
"../../../../../../School Stuff/Full Sail Classes/Work Study/Unreal/Fighting-Game/Super80sFighter/Intermediate/Config/CoalescedSourceConfigs/OculusVR.ini" 261
"../../../Engine/Plugins/Runtime/PhysXVehicles/Config/BasePhysXVehicles.ini" 262
"F:/School Stuff/Full Sail Classes/Work Study/Unreal/Fighting-Game/Super80sFighter/Saved/Config/Windows/PhysXVehicles.ini" 263
"../../../../../../School Stuff/Full Sail Classes/Work Study/Unreal/Fighting-Game/Super80sFighter/Intermediate/Config/CoalescedSourceConfigs/PhysXVehicles.ini" 264
"../../../../../../School Stuff/Full Sail Classes/Work Study/Unreal/Fighting-Game/Super80sFighter/Intermediate/Config/CoalescedSourceConfigs/ProceduralMeshComponent.ini" 265
"../../../../../../School Stuff/Full Sail Classes/Work Study/Unreal/Fighting-Game/Super80sFighter/Intermediate/Config/CoalescedSourceConfigs/RuntimePhysXCooking.ini" 266
"../../../../../../School Stuff/Full Sail Classes/Work Study/Unreal/Fighting-Game/Super80sFighter/Intermediate/Config/CoalescedSourceConfigs/WindowsMoviePlayer.ini" 267
"../../../Engine/Binaries/Win64/UE4Editor.modules" 268
"../../../Engine/Binaries/Win64/Android/UE4Editor.modules" 269
"../../../Engine/Binaries/Win64/HTML5/UE4Editor.modules" 270
"../../../Engine/Binaries/Win64/IOS/UE4Editor.modules" 271
"../../../Engine/Binaries/Win64/Linux/UE4Editor.modules" 272
"../../../Engine/Plugins/Marketplace/Substance/Binaries/Win64/UE4Editor.modules" 273
"../../../Engine/Plugins/2D/Paper2D/Binaries/Win64/UE4Editor.modules" 274
"../../../Engine/Plugins/Blendables/LightPropagationVolume/Binaries/Win64/UE4Editor.modules" 275
"../../../Engine/Plugins/Developer/GitSourceControl/Binaries/Win64/UE4Editor.modules" 276
"../../../Engine/Plugins/Developer/PerforceSourceControl/Binaries/Win64/UE4Editor.modules" 277
"../../../Engine/Plugins/Developer/SubversionSourceControl/Binaries/Win64/UE4Editor.modules" 278
"../../../Engine/Plugins/Developer/UObjectPlugin/Binaries/Win64/UE4Editor.modules" 279
"../../../Engine/Plugins/Developer/VisualStudioCodeSourceCodeAccess/Binaries/Win64/UE4Editor.modules" 280
"../../../Engine/Plugins/Developer/VisualStudioSourceCodeAccess/Binaries/Win64/UE4Editor.modules" 281
"../../../Engine/Plugins/Editor/AssetManagerEditor/Binaries/Win64/UE4Editor.modules" 282
"../../../Engine/Plugins/Editor/AudioCapture/Binaries/Win64/UE4Editor.modules" 283
"../../../Engine/Plugins/Editor/FacialAnimation/Binaries/Win64/UE4Editor.modules" 284
"../../../Engine/Plugins/Editor/GameplayTagsEditor/Binaries/Win64/UE4Editor.modules" 285
"../../../Engine/Plugins/Editor/MobileLauncherProfileWizard/Binaries/Win64/UE4Editor.modules" 286
"../../../Engine/Plugins/Editor/PluginBrowser/Binaries/Win64/UE4Editor.modules" 287
"../../../Engine/Plugins/Editor/SpeedTreeImporter/Binaries/Win64/UE4Editor.modules" 288
"../../../Engine/Plugins/Experimental/AlembicImporter/Binaries/Win64/UE4Editor.modules" 289
"../../../Engine/Plugins/Experimental/CharacterAI/Binaries/Win64/UE4Editor.modules" 290
"../../../Engine/Plugins/Experimental/HTML5Networking/Binaries/Win64/UE4Editor.modules" 291
"../../../Engine/Plugins/Media/AndroidMedia/Binaries/Win64/UE4Editor.modules" 292
"../../../Engine/Plugins/Media/AvfMedia/Binaries/Win64/UE4Editor.modules" 293
"../../../Engine/Plugins/Media/ImgMedia/Binaries/Win64/UE4Editor.modules" 294
"../../../Engine/Plugins/Media/MediaCompositing/Binaries/Win64/UE4Editor.modules" 295
"../../../Engine/Plugins/Media/MediaPlayerEditor/Binaries/Win64/UE4Editor.modules" 296
"../../../Engine/Plugins/Media/WmfMedia/Binaries/Win64/UE4Editor.modules" 297
"../../../Engine/Plugins/Messaging/TcpMessaging/Binaries/Win64/UE4Editor.modules" 298
"../../../Engine/Plugins/Messaging/UdpMessaging/Binaries/Win64/UE4Editor.modules" 299
"../../../Engine/Plugins/MovieScene/ActorSequence/Binaries/Win64/UE4Editor.modules" 300
"../../../Engine/Plugins/MovieScene/LevelSequenceEditor/Binaries/Win64/UE4Editor.modules" 301
"../../../Engine/Plugins/MovieScene/MatineeToLevelSequence/Binaries/Win64/UE4Editor.modules" 302
"../../../Engine/Plugins/Online/OnlineSubsystem/Binaries/Win64/UE4Editor.modules" 303
"../../../Engine/Plugins/Runtime/AndroidPermission/Binaries/Win64/UE4Editor.modules" 304
"../../../Engine/Plugins/Online/OnlineSubsystemNull/Binaries/Win64/UE4Editor.modules" 305
"../../../Engine/Plugins/Online/OnlineSubsystemUtils/Binaries/Win64/UE4Editor.modules" 306
"../../../Engine/Plugins/Runtime/AndroidDeviceProfileSelector/Binaries/Win64/UE4Editor.modules" 307
"../../../Engine/Plugins/Runtime/AppleARKit/Binaries/Win64/UE4Editor.modules" 308
"../../../Engine/Plugins/Runtime/ArchVisCharacter/Binaries/Win64/UE4Editor.modules" 309
"../../../Engine/Plugins/Runtime/CableComponent/Binaries/Win64/UE4Editor.modules" 310
"../../../Engine/Plugins/Runtime/CustomMeshComponent/Binaries/Win64/UE4Editor.modules" 311
"../../../Engine/Plugins/Runtime/ExampleDeviceProfileSelector/Binaries/Win64/UE4Editor.modules" 312
"../../../Engine/Plugins/Runtime/ImmediatePhysics/Binaries/Win64/UE4Editor.modules" 313
"../../../Engine/Plugins/Runtime/LocationServicesBPLibrary/Binaries/Win64/UE4Editor.modules" 314
"../../../Engine/Plugins/Runtime/MobilePatchingUtils/Binaries/Win64/UE4Editor.modules" 315
"../../../Engine/Plugins/Runtime/Oculus/OculusVR/Binaries/Win64/UE4Editor.modules" 316
"../../../Engine/Plugins/Runtime/PhysXVehicles/Binaries/Win64/UE4Editor.modules" 317
"../../../Engine/Plugins/Runtime/ProceduralMeshComponent/Binaries/Win64/UE4Editor.modules" 318
"../../../Engine/Plugins/Runtime/RuntimePhysXCooking/Binaries/Win64/UE4Editor.modules" 319
"../../../Engine/Plugins/Runtime/WindowsMoviePlayer/Binaries/Win64/UE4Editor.modules" 320
"../../../../../../School Stuff/Full Sail Classes/Work Study/Unreal/Fighting-Game/Super80sFighter/Binaries/Win64/UE4Editor.modules" 321
